<?xml version="1.0" encoding="UTF-8"?>
<testsuites name="New Test Suite" time="60" tests="1" failures="1" errors="0">
   <testsuite name="New Test Suite" tests="1" failures="1" errors="0" time="60" timestamp="2018-05-31 12:31:59" hostname="DESKTOP-JVS3DPV$ - 192.168.88.93" id="Test Suites/New Test Suite">
      <properties>
         <property name="deviceName" value=""/>
         <property name="devicePlatform" value=""/>
         <property name="logFolder" value="C:\\Users\\work1\\Katalon Studio\\Tst\\Reports\\New Test Suite\\20180531_123158"/>
         <property name="logFiles" value="C:\\Users\\work1\\Katalon Studio\\Tst\\Reports\\New Test Suite\\20180531_123158\\execution0.log"/>
         <property name="attachments" value="C:\\Users\\work1\\Katalon Studio\\Tst\\Reports\\New Test Suite\\20180531_123158\\1527759165346.png, C:\\Users\\work1\\Katalon Studio\\Tst\\Reports\\New Test Suite\\20180531_123158\\1527759175007.png"/>
         <property name="hostName" value="DESKTOP-JVS3DPV$ - 192.168.88.93"/>
         <property name="os" value="Windows 10 64bit"/>
         <property name="katalonVersion" value="5.4.2.1"/>
         <property name="browser" value="Chrome 66.0.3359.181"/>
         <property name="hostAddress" value="192.168.88.93"/>
         <property name="sessionId" value="87101a7884cd7077f99e6b5e9d5bc8df"/>
         <property name="seleniumVersion" value="3.7.1"/>
         <property name="proxyInformation" value="ProxyInformation{proxyOption=NO_PROXY, proxyServerType=HTTP, password=, proxyServerAddress=, proxyServerPort=0}"/>
         <property name="platform" value="Windows 10"/>
      </properties>
      <testcase name="Test Cases/Checkout (Live, IR)" classname="Test Cases/Checkout (Live, IR)" status="FAILED">
         <failure type="FAILED" message="Unable to click on object 'Object Repository/IR/1st tst/Guest proceed' (Root cause: org.openqa.selenium.ElementNotVisibleException: element not visible
  (Session info: chrome=66.0.3359.181)
  (Driver info: chromedriver=2.35.528161 (5b82f2d2aae0ca24b877009200ced9065a772e73),platform=Windows NT 10.0.17134 x86_64) (WARNING: The server did not provide any stacktrace information)
Command duration or timeout: 0 milliseconds
Build info: version: '3.7.1', revision: '8a0099a', time: '2017-11-06T21:07:36.161Z'
System info: host: 'DESKTOP-JVS3DPV', ip: '192.168.88.93', os.name: 'Windows 10', os.arch: 'amd64', os.version: '10.0', java.version: '1.8.0_102'
Driver info: com.kms.katalon.selenium.driver.CChromeDriver
Capabilities {acceptInsecureCerts: false, acceptSslCerts: false, applicationCacheEnabled: false, browserConnectionEnabled: false, browserName: chrome, chrome: {chromedriverVersion: 2.35.528161 (5b82f2d2aae0ca..., userDataDir: C:\WINDOWS\TEMP\scoped_dir1...}, cssSelectorsEnabled: true, databaseEnabled: false, handlesAlerts: true, hasTouchScreen: false, javascriptEnabled: true, locationContextEnabled: true, mobileEmulationEnabled: false, nativeEvents: true, networkConnectionEnabled: false, pageLoadStrategy: normal, platform: XP, platformName: XP, rotatable: false, setWindowRect: true, takesHeapSnapshot: true, takesScreenshot: true, unexpectedAlertBehaviour: , unhandledPromptBehavior: , version: 66.0.3359.181, webStorageEnabled: true}
Session ID: 2eee07535d5701a67ebc21d5caa7e347)"/>
         <system-out><![CDATA[2018-05-31 12:31:59 - [TEST_CASE][FAILED] - Test Cases/Checkout (Live, IR): Test Cases/Checkout (Live, IR) FAILED because (of) Unable to click on object 'Object Repository/IR/1st tst/Guest proceed' (Root cause: org.openqa.selenium.ElementNotVisibleException: element not visible
  (Session info: chrome=66.0.3359.181)
  (Driver info: chromedriver=2.35.528161 (5b82f2d2aae0ca24b877009200ced9065a772e73),platform=Windows NT 10.0.17134 x86_64) (WARNING: The server did not provide any stacktrace information)
Command duration or timeout: 0 milliseconds
Build info: version: '3.7.1', revision: '8a0099a', time: '2017-11-06T21:07:36.161Z'
System info: host: 'DESKTOP-JVS3DPV', ip: '192.168.88.93', os.name: 'Windows 10', os.arch: 'amd64', os.version: '10.0', java.version: '1.8.0_102'
Driver info: com.kms.katalon.selenium.driver.CChromeDriver
Capabilities {acceptInsecureCerts: false, acceptSslCerts: false, applicationCacheEnabled: false, browserConnectionEnabled: false, browserName: chrome, chrome: {chromedriverVersion: 2.35.528161 (5b82f2d2aae0ca..., userDataDir: C:\WINDOWS\TEMP\scoped_dir1...}, cssSelectorsEnabled: true, databaseEnabled: false, handlesAlerts: true, hasTouchScreen: false, javascriptEnabled: true, locationContextEnabled: true, mobileEmulationEnabled: false, nativeEvents: true, networkConnectionEnabled: false, pageLoadStrategy: normal, platform: XP, platformName: XP, rotatable: false, setWindowRect: true, takesHeapSnapshot: true, takesScreenshot: true, unexpectedAlertBehaviour: , unhandledPromptBehavior: , version: 66.0.3359.181, webStorageEnabled: true}
Session ID: 2eee07535d5701a67ebc21d5caa7e347)

2018-05-31 12:32:00 - [TEST_STEP][PASSED] - openBrowser: Browser is opened with url: ''

2018-05-31 12:32:03 - [MESSAGE][PASSED] - Browser is opened with url: ''

2018-05-31 12:32:03 - [TEST_STEP][PASSED] - deleteAllCookies: Delete all cookies successfully

2018-05-31 12:32:03 - [MESSAGE][PASSED] - Delete all cookies successfully

2018-05-31 12:32:03 - [TEST_STEP][PASSED] - navigateToUrl: Navigate to 'https://www.interrail.eu/' successfully

2018-05-31 12:32:04 - [MESSAGE][PASSED] - Navigate to 'https://www.interrail.eu/' successfully

2018-05-31 12:32:04 - [TEST_STEP][PASSED] - maximizeWindow: Current window maximized

2018-05-31 12:32:06 - [MESSAGE][PASSED] - Current window maximized

2018-05-31 12:32:06 - [TEST_STEP][PASSED] - click: Object: 'Object Repository/IR/1st tst/i agree' is clicked on

2018-05-31 12:32:06 - [MESSAGE][PASSED] - Object: 'Object Repository/IR/1st tst/i agree' is clicked on

2018-05-31 12:32:06 - [TEST_STEP][PASSED] - click: Object: 'Object Repository/IR/1st tst/Cont' is clicked on

2018-05-31 12:32:08 - [MESSAGE][PASSED] - Object: 'Object Repository/IR/1st tst/Cont' is clicked on

2018-05-31 12:32:08 - [TEST_STEP][PASSED] - focus: Object: 'Object Repository/IR/1st tst/passes btn in menu' is focused

2018-05-31 12:32:08 - [MESSAGE][PASSED] - Object: 'Object Repository/IR/1st tst/passes btn in menu' is focused

2018-05-31 12:32:08 - [TEST_STEP][PASSED] - waitForElementVisible: Object 'Object Repository/IR/1st tst/Glbl pass btn in submenu' is visible

2018-05-31 12:32:08 - [MESSAGE][WARNING] - Timeout '0' is invalid. Using default page load timeout: '15'

2018-05-31 12:32:08 - [MESSAGE][PASSED] - Object 'Object Repository/IR/1st tst/Glbl pass btn in submenu' is visible

2018-05-31 12:32:08 - [TEST_STEP][PASSED] - click: Object: 'Object Repository/IR/1st tst/Glbl pass btn in submenu' is clicked on

2018-05-31 12:32:10 - [MESSAGE][PASSED] - Object: 'Object Repository/IR/1st tst/Glbl pass btn in submenu' is clicked on

2018-05-31 12:32:10 - [TEST_STEP][PASSED] - click: Object: 'Object Repository/IR/1st tst/add to cart' is clicked on

2018-05-31 12:32:10 - [MESSAGE][PASSED] - Object: 'Object Repository/IR/1st tst/add to cart' is clicked on

2018-05-31 12:32:10 - [TEST_STEP][PASSED] - waitForElementVisible: Object 'Object Repository/IR/1st tst/go to checkout' is visible

2018-05-31 12:32:10 - [MESSAGE][WARNING] - Timeout '0' is invalid. Using default page load timeout: '15'

2018-05-31 12:32:12 - [MESSAGE][PASSED] - Object 'Object Repository/IR/1st tst/go to checkout' is visible

2018-05-31 12:32:12 - [TEST_STEP][PASSED] - focus: Object: 'Object Repository/IR/1st tst/go to checkout' is focused

2018-05-31 12:32:12 - [MESSAGE][PASSED] - Object: 'Object Repository/IR/1st tst/go to checkout' is focused

2018-05-31 12:32:12 - [TEST_STEP][PASSED] - click: Object: 'Object Repository/IR/1st tst/go to checkout' is clicked on

2018-05-31 12:32:14 - [MESSAGE][PASSED] - Object: 'Object Repository/IR/1st tst/go to checkout' is clicked on

2018-05-31 12:32:14 - [TEST_STEP][PASSED] - waitForPageLoad: Wait for page load successfully

2018-05-31 12:32:14 - [MESSAGE][WARNING] - Timeout '0' is invalid. Using default page load timeout: '15'

2018-05-31 12:32:14 - [MESSAGE][PASSED] - Wait for page load successfully

2018-05-31 12:32:14 - [TEST_STEP][PASSED] - click: Object: 'Object Repository/IR/1st tst/pass prot' is clicked on

2018-05-31 12:32:15 - [MESSAGE][PASSED] - Object: 'Object Repository/IR/1st tst/pass prot' is clicked on

2018-05-31 12:32:15 - [TEST_STEP][PASSED] - scrollToElement: Scroll to object 'Object Repository/IR/1st tst/sipping count drop down' successfully

2018-05-31 12:32:15 - [MESSAGE][WARNING] - Timeout '0' is invalid. Using default page load timeout: '15'

2018-05-31 12:32:16 - [MESSAGE][PASSED] - Scroll to object 'Object Repository/IR/1st tst/sipping count drop down' successfully

2018-05-31 12:32:16 - [TEST_STEP][PASSED] - delay: Delayed 1 second(s)

2018-05-31 12:32:17 - [MESSAGE][PASSED] - Delayed 1 second(s)

2018-05-31 12:32:17 - [TEST_STEP][PASSED] - click: Object: 'Object Repository/IR/1st tst/Croatha' is clicked on

2018-05-31 12:32:17 - [MESSAGE][PASSED] - Object: 'Object Repository/IR/1st tst/Croatha' is clicked on

2018-05-31 12:32:17 - [TEST_STEP][PASSED] - delay: Delayed 3 second(s)

2018-05-31 12:32:20 - [MESSAGE][PASSED] - Delayed 3 second(s)

2018-05-31 12:32:20 - [TEST_STEP][PASSED] - click: Object: 'Object Repository/IR/1st tst/Proceed' is clicked on

2018-05-31 12:32:22 - [MESSAGE][PASSED] - Object: 'Object Repository/IR/1st tst/Proceed' is clicked on

2018-05-31 12:32:22 - [TEST_STEP][PASSED] - refresh: Refresh successfully

2018-05-31 12:32:25 - [MESSAGE][PASSED] - Refresh successfully

2018-05-31 12:32:25 - [TEST_STEP][PASSED] - delay: Delayed 2 second(s)

2018-05-31 12:32:27 - [MESSAGE][PASSED] - Delayed 2 second(s)

2018-05-31 12:32:27 - [TEST_STEP][PASSED] - refresh: Refresh successfully

2018-05-31 12:32:28 - [MESSAGE][PASSED] - Refresh successfully

2018-05-31 12:32:28 - [TEST_STEP][PASSED] - waitForElementVisible: Object 'Object Repository/IR/1st tst/Guest proceed' is not visible after 15 second(s)

2018-05-31 12:32:28 - [MESSAGE][WARNING] - Timeout '0' is invalid. Using default page load timeout: '15'

2018-05-31 12:32:45 - [MESSAGE][WARNING] - Object 'Object Repository/IR/1st tst/Guest proceed' is not visible after 15 second(s)

2018-05-31 12:32:45 - [TEST_STEP][FAILED] - click: Unable to click on object 'Object Repository/IR/1st tst/Guest proceed' (Root cause: org.openqa.selenium.ElementNotVisibleException: element not visible
  (Session info: chrome=66.0.3359.181)
  (Driver info: chromedriver=2.35.528161 (5b82f2d2aae0ca24b877009200ced9065a772e73),platform=Windows NT 10.0.17134 x86_64) (WARNING: The server did not provide any stacktrace information)
Command duration or timeout: 0 milliseconds
Build info: version: '3.7.1', revision: '8a0099a', time: '2017-11-06T21:07:36.161Z'
System info: host: 'DESKTOP-JVS3DPV', ip: '192.168.88.93', os.name: 'Windows 10', os.arch: 'amd64', os.version: '10.0', java.version: '1.8.0_102'
Driver info: com.kms.katalon.selenium.driver.CChromeDriver
Capabilities {acceptInsecureCerts: false, acceptSslCerts: false, applicationCacheEnabled: false, browserConnectionEnabled: false, browserName: chrome, chrome: {chromedriverVersion: 2.35.528161 (5b82f2d2aae0ca..., userDataDir: C:\WINDOWS\TEMP\scoped_dir1...}, cssSelectorsEnabled: true, databaseEnabled: false, handlesAlerts: true, hasTouchScreen: false, javascriptEnabled: true, locationContextEnabled: true, mobileEmulationEnabled: false, nativeEvents: true, networkConnectionEnabled: false, pageLoadStrategy: normal, platform: XP, platformName: XP, rotatable: false, setWindowRect: true, takesHeapSnapshot: true, takesScreenshot: true, unexpectedAlertBehaviour: , unhandledPromptBehavior: , version: 66.0.3359.181, webStorageEnabled: true}
Session ID: 2eee07535d5701a67ebc21d5caa7e347)

2018-05-31 12:32:45 - [MESSAGE][FAILED] - Unable to click on object 'Object Repository/IR/1st tst/Guest proceed' (Root cause: org.openqa.selenium.ElementNotVisibleException: element not visible
  (Session info: chrome=66.0.3359.181)
  (Driver info: chromedriver=2.35.528161 (5b82f2d2aae0ca24b877009200ced9065a772e73),platform=Windows NT 10.0.17134 x86_64) (WARNING: The server did not provide any stacktrace information)
Command duration or timeout: 0 milliseconds
Build info: version: '3.7.1', revision: '8a0099a', time: '2017-11-06T21:07:36.161Z'
System info: host: 'DESKTOP-JVS3DPV', ip: '192.168.88.93', os.name: 'Windows 10', os.arch: 'amd64', os.version: '10.0', java.version: '1.8.0_102'
Driver info: com.kms.katalon.selenium.driver.CChromeDriver
Capabilities {acceptInsecureCerts: false, acceptSslCerts: false, applicationCacheEnabled: false, browserConnectionEnabled: false, browserName: chrome, chrome: {chromedriverVersion: 2.35.528161 (5b82f2d2aae0ca..., userDataDir: C:\WINDOWS\TEMP\scoped_dir1...}, cssSelectorsEnabled: true, databaseEnabled: false, handlesAlerts: true, hasTouchScreen: false, javascriptEnabled: true, locationContextEnabled: true, mobileEmulationEnabled: false, nativeEvents: true, networkConnectionEnabled: false, pageLoadStrategy: normal, platform: XP, platformName: XP, rotatable: false, setWindowRect: true, takesHeapSnapshot: true, takesScreenshot: true, unexpectedAlertBehaviour: , unhandledPromptBehavior: , version: 66.0.3359.181, webStorageEnabled: true}
Session ID: 2eee07535d5701a67ebc21d5caa7e347)
[[ATTACHMENT|C:\\Users\\work1\\Katalon Studio\\Tst\\Reports\\New Test Suite\\20180531_123158\\1527759165346.png]]]]></system-out>
         <system-err><![CDATA[2018-05-31 12:31:59 - [TEST_CASE][FAILED] - Test Cases/Checkout (Live, IR): Test Cases/Checkout (Live, IR) FAILED because (of) Unable to click on object 'Object Repository/IR/1st tst/Guest proceed' (Root cause: org.openqa.selenium.ElementNotVisibleException: element not visible
  (Session info: chrome=66.0.3359.181)
  (Driver info: chromedriver=2.35.528161 (5b82f2d2aae0ca24b877009200ced9065a772e73),platform=Windows NT 10.0.17134 x86_64) (WARNING: The server did not provide any stacktrace information)
Command duration or timeout: 0 milliseconds
Build info: version: '3.7.1', revision: '8a0099a', time: '2017-11-06T21:07:36.161Z'
System info: host: 'DESKTOP-JVS3DPV', ip: '192.168.88.93', os.name: 'Windows 10', os.arch: 'amd64', os.version: '10.0', java.version: '1.8.0_102'
Driver info: com.kms.katalon.selenium.driver.CChromeDriver
Capabilities {acceptInsecureCerts: false, acceptSslCerts: false, applicationCacheEnabled: false, browserConnectionEnabled: false, browserName: chrome, chrome: {chromedriverVersion: 2.35.528161 (5b82f2d2aae0ca..., userDataDir: C:\WINDOWS\TEMP\scoped_dir1...}, cssSelectorsEnabled: true, databaseEnabled: false, handlesAlerts: true, hasTouchScreen: false, javascriptEnabled: true, locationContextEnabled: true, mobileEmulationEnabled: false, nativeEvents: true, networkConnectionEnabled: false, pageLoadStrategy: normal, platform: XP, platformName: XP, rotatable: false, setWindowRect: true, takesHeapSnapshot: true, takesScreenshot: true, unexpectedAlertBehaviour: , unhandledPromptBehavior: , version: 66.0.3359.181, webStorageEnabled: true}
Session ID: 2eee07535d5701a67ebc21d5caa7e347)]]></system-err>
      </testcase>
      <testcase name="Test Cases/Basket (Live, IR)" classname="Test Cases/Basket (Live, IR)" status="PASSED">
         <system-out><![CDATA[2018-05-31 12:32:45 - [TEST_CASE][PASSED] - Test Cases/Basket (Live, IR): Test Cases/Basket (Live, IR)

2018-05-31 12:32:45 - [TEST_STEP][PASSED] - openBrowser: Browser is opened with url: ''

2018-05-31 12:32:45 - [MESSAGE][WARNING] - A browser is already opened. Closing browser and opening a new one

2018-05-31 12:32:48 - [MESSAGE][PASSED] - Browser is opened with url: ''

2018-05-31 12:32:48 - [TEST_STEP][PASSED] - deleteAllCookies: Delete all cookies successfully

2018-05-31 12:32:48 - [MESSAGE][PASSED] - Delete all cookies successfully

2018-05-31 12:32:48 - [TEST_STEP][PASSED] - navigateToUrl: Navigate to 'https://www.interrail.eu/' successfully

2018-05-31 12:32:49 - [MESSAGE][PASSED] - Navigate to 'https://www.interrail.eu/' successfully

2018-05-31 12:32:49 - [TEST_STEP][PASSED] - maximizeWindow: Current window maximized

2018-05-31 12:32:50 - [MESSAGE][PASSED] - Current window maximized

2018-05-31 12:32:50 - [TEST_STEP][PASSED] - click: Object: 'Object Repository/IR/1st tst/i agree' is clicked on

2018-05-31 12:32:50 - [MESSAGE][PASSED] - Object: 'Object Repository/IR/1st tst/i agree' is clicked on

2018-05-31 12:32:50 - [TEST_STEP][PASSED] - click: Object: 'Object Repository/IR/1st tst/Cont' is clicked on

2018-05-31 12:32:53 - [MESSAGE][PASSED] - Object: 'Object Repository/IR/1st tst/Cont' is clicked on

2018-05-31 12:32:53 - [TEST_STEP][PASSED] - verifyElementText: Actual text and expected text of test object 'Object Repository/Counter/Passes counter' are matched.

2018-05-31 12:32:53 - [MESSAGE][PASSED] - Actual text and expected text of test object 'Object Repository/Counter/Passes counter' are matched.

2018-05-31 12:32:53 - [TEST_STEP][PASSED] - click: Object: 'Object Repository/Page_Be free to explore Europe by r/a_Go for sunshine' is clicked on

2018-05-31 12:32:54 - [MESSAGE][PASSED] - Object: 'Object Repository/Page_Be free to explore Europe by r/a_Go for sunshine' is clicked on

2018-05-31 12:32:54 - [TEST_STEP][PASSED] - click: Object: 'Object Repository/Page_Summer in Europe  Interrail.eu/a_5. Capri Italy' is clicked on

2018-05-31 12:32:54 - [MESSAGE][PASSED] - Object: 'Object Repository/Page_Summer in Europe  Interrail.eu/a_5. Capri Italy' is clicked on

2018-05-31 12:32:54 - [TEST_STEP][PASSED] - waitForPageLoad: Wait for page load successfully

2018-05-31 12:32:54 - [MESSAGE][WARNING] - Timeout '0' is invalid. Using default page load timeout: '15'

2018-05-31 12:32:54 - [MESSAGE][PASSED] - Wait for page load successfully

2018-05-31 12:32:54 - [TEST_STEP][PASSED] - click: Unable to click on object 'Object Repository/Fucking popup/POpup' (Root cause: org.openqa.selenium.ElementNotVisibleException: element not visible
  (Session info: chrome=66.0.3359.181)
  (Driver info: chromedriver=2.35.528161 (5b82f2d2aae0ca24b877009200ced9065a772e73),platform=Windows NT 10.0.17134 x86_64) (WARNING: The server did not provide any stacktrace information)
Command duration or timeout: 0 milliseconds
Build info: version: '3.7.1', revision: '8a0099a', time: '2017-11-06T21:07:36.161Z'
System info: host: 'DESKTOP-JVS3DPV', ip: '192.168.88.93', os.name: 'Windows 10', os.arch: 'amd64', os.version: '10.0', java.version: '1.8.0_102'
Driver info: com.kms.katalon.selenium.driver.CChromeDriver
Capabilities {acceptInsecureCerts: false, acceptSslCerts: false, applicationCacheEnabled: false, browserConnectionEnabled: false, browserName: chrome, chrome: {chromedriverVersion: 2.35.528161 (5b82f2d2aae0ca..., userDataDir: C:\WINDOWS\TEMP\scoped_dir5...}, cssSelectorsEnabled: true, databaseEnabled: false, handlesAlerts: true, hasTouchScreen: false, javascriptEnabled: true, locationContextEnabled: true, mobileEmulationEnabled: false, nativeEvents: true, networkConnectionEnabled: false, pageLoadStrategy: normal, platform: XP, platformName: XP, rotatable: false, setWindowRect: true, takesHeapSnapshot: true, takesScreenshot: true, unexpectedAlertBehaviour: , unhandledPromptBehavior: , version: 66.0.3359.181, webStorageEnabled: true}
Session ID: 87101a7884cd7077f99e6b5e9d5bc8df)

2018-05-31 12:32:55 - [MESSAGE][WARNING] - Unable to click on object 'Object Repository/Fucking popup/POpup' (Root cause: org.openqa.selenium.ElementNotVisibleException: element not visible
  (Session info: chrome=66.0.3359.181)
  (Driver info: chromedriver=2.35.528161 (5b82f2d2aae0ca24b877009200ced9065a772e73),platform=Windows NT 10.0.17134 x86_64) (WARNING: The server did not provide any stacktrace information)
Command duration or timeout: 0 milliseconds
Build info: version: '3.7.1', revision: '8a0099a', time: '2017-11-06T21:07:36.161Z'
System info: host: 'DESKTOP-JVS3DPV', ip: '192.168.88.93', os.name: 'Windows 10', os.arch: 'amd64', os.version: '10.0', java.version: '1.8.0_102'
Driver info: com.kms.katalon.selenium.driver.CChromeDriver
Capabilities {acceptInsecureCerts: false, acceptSslCerts: false, applicationCacheEnabled: false, browserConnectionEnabled: false, browserName: chrome, chrome: {chromedriverVersion: 2.35.528161 (5b82f2d2aae0ca..., userDataDir: C:\WINDOWS\TEMP\scoped_dir5...}, cssSelectorsEnabled: true, databaseEnabled: false, handlesAlerts: true, hasTouchScreen: false, javascriptEnabled: true, locationContextEnabled: true, mobileEmulationEnabled: false, nativeEvents: true, networkConnectionEnabled: false, pageLoadStrategy: normal, platform: XP, platformName: XP, rotatable: false, setWindowRect: true, takesHeapSnapshot: true, takesScreenshot: true, unexpectedAlertBehaviour: , unhandledPromptBehavior: , version: 66.0.3359.181, webStorageEnabled: true}
Session ID: 87101a7884cd7077f99e6b5e9d5bc8df)
[[ATTACHMENT|C:\\Users\\work1\\Katalon Studio\\Tst\\Reports\\New Test Suite\\20180531_123158\\1527759175007.png]]

2018-05-31 12:32:55 - [TEST_STEP][PASSED] - click: Object: 'Object Repository/Page_Summer in Europe  Interrail.eu/a_SEE ITALY PASS PRICES' is clicked on

2018-05-31 12:32:55 - [MESSAGE][PASSED] - Object: 'Object Repository/Page_Summer in Europe  Interrail.eu/a_SEE ITALY PASS PRICES' is clicked on

2018-05-31 12:32:55 - [TEST_STEP][PASSED] - switchToWindowTitle: Switched to window with title: 'Interrail Italy Pass | Italy by Train | Interrail.eu'

2018-05-31 12:32:57 - [MESSAGE][PASSED] - Switched to window with title: 'Interrail Italy Pass | Italy by Train | Interrail.eu'

2018-05-31 12:32:57 - [TEST_STEP][PASSED] - click: Object: 'Object Repository/Page_Interrail Italy Pass  Italy by/label_1st ClassWider seats les' is clicked on

2018-05-31 12:32:57 - [MESSAGE][PASSED] - Object: 'Object Repository/Page_Interrail Italy Pass  Italy by/label_1st ClassWider seats les' is clicked on

2018-05-31 12:32:57 - [TEST_STEP][PASSED] - click: Object: 'Object Repository/Page_Interrail Italy Pass  Italy by/a_Add to cart' is clicked on

2018-05-31 12:32:57 - [MESSAGE][PASSED] - Object: 'Object Repository/Page_Interrail Italy Pass  Italy by/a_Add to cart' is clicked on

2018-05-31 12:32:57 - [TEST_STEP][PASSED] - waitForElementVisible: Object 'Object Repository/Page_Interrail Italy Pass  Italy by/a_Continue shopping' is visible

2018-05-31 12:32:57 - [MESSAGE][WARNING] - Timeout '0' is invalid. Using default page load timeout: '15'

2018-05-31 12:32:59 - [MESSAGE][PASSED] - Object 'Object Repository/Page_Interrail Italy Pass  Italy by/a_Continue shopping' is visible

2018-05-31 12:32:59 - [TEST_STEP][PASSED] - click: Object: 'Object Repository/Page_Interrail Italy Pass  Italy by/a_Continue shopping' is clicked on

2018-05-31 12:32:59 - [MESSAGE][PASSED] - Object: 'Object Repository/Page_Interrail Italy Pass  Italy by/a_Continue shopping' is clicked on

2018-05-31 12:32:59 - [TEST_STEP][PASSED] - verifyElementText: Actual text and expected text of test object 'Object Repository/Counter/Passes counter' are matched.

2018-05-31 12:32:59 - [MESSAGE][PASSED] - Actual text and expected text of test object 'Object Repository/Counter/Passes counter' are matched.

2018-05-31 12:32:59 - [TEST_STEP][PASSED] - closeBrowser: Browser is closed

2018-05-31 12:33:00 - [MESSAGE][PASSED] - Browser is closed]]></system-out>
         <system-err><![CDATA[]]></system-err>
      </testcase>
      <system-out><![CDATA[2018-05-31 12:31:59 - [TEST_SUITE][FAILED] - New Test Suite: Test Cases/Checkout (Live, IR) FAILED because (of) Unable to click on object 'Object Repository/IR/1st tst/Guest proceed' (Root cause: org.openqa.selenium.ElementNotVisibleException: element not visible
  (Session info: chrome=66.0.3359.181)
  (Driver info: chromedriver=2.35.528161 (5b82f2d2aae0ca24b877009200ced9065a772e73),platform=Windows NT 10.0.17134 x86_64) (WARNING: The server did not provide any stacktrace information)
Command duration or timeout: 0 milliseconds
Build info: version: '3.7.1', revision: '8a0099a', time: '2017-11-06T21:07:36.161Z'
System info: host: 'DESKTOP-JVS3DPV', ip: '192.168.88.93', os.name: 'Windows 10', os.arch: 'amd64', os.version: '10.0', java.version: '1.8.0_102'
Driver info: com.kms.katalon.selenium.driver.CChromeDriver
Capabilities {acceptInsecureCerts: false, acceptSslCerts: false, applicationCacheEnabled: false, browserConnectionEnabled: false, browserName: chrome, chrome: {chromedriverVersion: 2.35.528161 (5b82f2d2aae0ca..., userDataDir: C:\WINDOWS\TEMP\scoped_dir1...}, cssSelectorsEnabled: true, databaseEnabled: false, handlesAlerts: true, hasTouchScreen: false, javascriptEnabled: true, locationContextEnabled: true, mobileEmulationEnabled: false, nativeEvents: true, networkConnectionEnabled: false, pageLoadStrategy: normal, platform: XP, platformName: XP, rotatable: false, setWindowRect: true, takesHeapSnapshot: true, takesScreenshot: true, unexpectedAlertBehaviour: , unhandledPromptBehavior: , version: 66.0.3359.181, webStorageEnabled: true}
Session ID: 2eee07535d5701a67ebc21d5caa7e347)]]></system-out>
      <system-err><![CDATA[2018-05-31 12:31:59 - [TEST_SUITE][FAILED] - New Test Suite: Test Cases/Checkout (Live, IR) FAILED because (of) Unable to click on object 'Object Repository/IR/1st tst/Guest proceed' (Root cause: org.openqa.selenium.ElementNotVisibleException: element not visible
  (Session info: chrome=66.0.3359.181)
  (Driver info: chromedriver=2.35.528161 (5b82f2d2aae0ca24b877009200ced9065a772e73),platform=Windows NT 10.0.17134 x86_64) (WARNING: The server did not provide any stacktrace information)
Command duration or timeout: 0 milliseconds
Build info: version: '3.7.1', revision: '8a0099a', time: '2017-11-06T21:07:36.161Z'
System info: host: 'DESKTOP-JVS3DPV', ip: '192.168.88.93', os.name: 'Windows 10', os.arch: 'amd64', os.version: '10.0', java.version: '1.8.0_102'
Driver info: com.kms.katalon.selenium.driver.CChromeDriver
Capabilities {acceptInsecureCerts: false, acceptSslCerts: false, applicationCacheEnabled: false, browserConnectionEnabled: false, browserName: chrome, chrome: {chromedriverVersion: 2.35.528161 (5b82f2d2aae0ca..., userDataDir: C:\WINDOWS\TEMP\scoped_dir1...}, cssSelectorsEnabled: true, databaseEnabled: false, handlesAlerts: true, hasTouchScreen: false, javascriptEnabled: true, locationContextEnabled: true, mobileEmulationEnabled: false, nativeEvents: true, networkConnectionEnabled: false, pageLoadStrategy: normal, platform: XP, platformName: XP, rotatable: false, setWindowRect: true, takesHeapSnapshot: true, takesScreenshot: true, unexpectedAlertBehaviour: , unhandledPromptBehavior: , version: 66.0.3359.181, webStorageEnabled: true}
Session ID: 2eee07535d5701a67ebc21d5caa7e347)]]></system-err>
   </testsuite>
</testsuites>
