<?xml version="1.0" encoding="UTF-8"?>
<testsuites name="New Test Suite" time="74" tests="1" failures="1" errors="0">
   <testsuite name="New Test Suite" tests="1" failures="1" errors="0" time="74" timestamp="2018-05-31 14:40:14" hostname="DESKTOP-JVS3DPV$ - 192.168.88.93" id="Test Suites/New Test Suite">
      <properties>
         <property name="deviceName" value=""/>
         <property name="devicePlatform" value=""/>
         <property name="logFolder" value="C:\\Users\\work1\\Katalon Studio\\Tst\\Reports\\New Test Suite\\20180531_144012"/>
         <property name="logFiles" value="C:\\Users\\work1\\Katalon Studio\\Tst\\Reports\\New Test Suite\\20180531_144012\\execution0.log"/>
         <property name="attachments" value="C:\\Users\\work1\\Katalon Studio\\Tst\\Reports\\New Test Suite\\20180531_144012\\1527766883031.png, C:\\Users\\work1\\Katalon Studio\\Tst\\Reports\\New Test Suite\\20180531_144012\\1527766887594.png, C:\\Users\\work1\\Katalon Studio\\Tst\\Reports\\New Test Suite\\20180531_144012\\1527766887889.png"/>
         <property name="hostName" value="DESKTOP-JVS3DPV$ - 192.168.88.93"/>
         <property name="os" value="Windows 10 64bit"/>
         <property name="katalonVersion" value="5.4.2.1"/>
         <property name="browser" value="Chrome 66.0.3359.181"/>
         <property name="hostAddress" value="192.168.88.93"/>
         <property name="sessionId" value="b5a9e7ef7fb244c63e127bbbab8237f7"/>
         <property name="seleniumVersion" value="3.7.1"/>
         <property name="proxyInformation" value="ProxyInformation{proxyOption=NO_PROXY, proxyServerType=HTTP, password=, proxyServerAddress=, proxyServerPort=0}"/>
         <property name="platform" value="Windows 10"/>
      </properties>
      <testcase name="Test Cases/Checkout (Live, IR)" classname="Test Cases/Checkout (Live, IR)" status="PASSED">
         <system-out><![CDATA[2018-05-31 14:40:14 - [TEST_CASE][PASSED] - Test Cases/Checkout (Live, IR): Test Cases/Checkout (Live, IR)

2018-05-31 14:40:14 - [TEST_STEP][PASSED] - openBrowser: Browser is opened with url: ''

2018-05-31 14:40:17 - [MESSAGE][PASSED] - Browser is opened with url: ''

2018-05-31 14:40:17 - [TEST_STEP][PASSED] - deleteAllCookies: Delete all cookies successfully

2018-05-31 14:40:17 - [MESSAGE][PASSED] - Delete all cookies successfully

2018-05-31 14:40:17 - [TEST_STEP][PASSED] - navigateToUrl: Navigate to 'https://www.interrail.eu/' successfully

2018-05-31 14:40:19 - [MESSAGE][PASSED] - Navigate to 'https://www.interrail.eu/' successfully

2018-05-31 14:40:19 - [TEST_STEP][PASSED] - maximizeWindow: Current window maximized

2018-05-31 14:40:20 - [MESSAGE][PASSED] - Current window maximized

2018-05-31 14:40:20 - [TEST_STEP][PASSED] - click: Object: 'Object Repository/IR/1st tst/i agree' is clicked on

2018-05-31 14:40:20 - [MESSAGE][PASSED] - Object: 'Object Repository/IR/1st tst/i agree' is clicked on

2018-05-31 14:40:20 - [TEST_STEP][PASSED] - click: Object: 'Object Repository/IR/1st tst/Cont' is clicked on

2018-05-31 14:40:22 - [MESSAGE][PASSED] - Object: 'Object Repository/IR/1st tst/Cont' is clicked on

2018-05-31 14:40:22 - [TEST_STEP][PASSED] - focus: Object: 'Object Repository/IR/1st tst/passes btn in menu' is focused

2018-05-31 14:40:22 - [MESSAGE][PASSED] - Object: 'Object Repository/IR/1st tst/passes btn in menu' is focused

2018-05-31 14:40:22 - [TEST_STEP][PASSED] - waitForElementVisible: Object 'Object Repository/IR/1st tst/Glbl pass btn in submenu' is visible

2018-05-31 14:40:22 - [MESSAGE][WARNING] - Timeout '0' is invalid. Using default page load timeout: '15'

2018-05-31 14:40:23 - [MESSAGE][PASSED] - Object 'Object Repository/IR/1st tst/Glbl pass btn in submenu' is visible

2018-05-31 14:40:23 - [TEST_STEP][PASSED] - click: Object: 'Object Repository/IR/1st tst/Glbl pass btn in submenu' is clicked on

2018-05-31 14:40:25 - [MESSAGE][PASSED] - Object: 'Object Repository/IR/1st tst/Glbl pass btn in submenu' is clicked on

2018-05-31 14:40:25 - [TEST_STEP][PASSED] - click: Object: 'Object Repository/IR/1st tst/add to cart' is clicked on

2018-05-31 14:40:25 - [MESSAGE][PASSED] - Object: 'Object Repository/IR/1st tst/add to cart' is clicked on

2018-05-31 14:40:25 - [TEST_STEP][PASSED] - waitForElementVisible: Object 'Object Repository/IR/1st tst/go to checkout' is visible

2018-05-31 14:40:25 - [MESSAGE][WARNING] - Timeout '0' is invalid. Using default page load timeout: '15'

2018-05-31 14:40:27 - [MESSAGE][PASSED] - Object 'Object Repository/IR/1st tst/go to checkout' is visible

2018-05-31 14:40:27 - [TEST_STEP][PASSED] - focus: Object: 'Object Repository/IR/1st tst/go to checkout' is focused

2018-05-31 14:40:27 - [MESSAGE][PASSED] - Object: 'Object Repository/IR/1st tst/go to checkout' is focused

2018-05-31 14:40:27 - [TEST_STEP][PASSED] - click: Object: 'Object Repository/IR/1st tst/go to checkout' is clicked on

2018-05-31 14:40:29 - [MESSAGE][PASSED] - Object: 'Object Repository/IR/1st tst/go to checkout' is clicked on

2018-05-31 14:40:29 - [TEST_STEP][PASSED] - waitForPageLoad: Wait for page load successfully

2018-05-31 14:40:29 - [MESSAGE][WARNING] - Timeout '0' is invalid. Using default page load timeout: '15'

2018-05-31 14:40:29 - [MESSAGE][PASSED] - Wait for page load successfully

2018-05-31 14:40:29 - [TEST_STEP][PASSED] - click: Object: 'Object Repository/IR/1st tst/pass prot' is clicked on

2018-05-31 14:40:30 - [MESSAGE][PASSED] - Object: 'Object Repository/IR/1st tst/pass prot' is clicked on

2018-05-31 14:40:30 - [TEST_STEP][PASSED] - scrollToElement: Scroll to object 'Object Repository/IR/1st tst/sipping count drop down' successfully

2018-05-31 14:40:30 - [MESSAGE][WARNING] - Timeout '0' is invalid. Using default page load timeout: '15'

2018-05-31 14:40:31 - [MESSAGE][PASSED] - Scroll to object 'Object Repository/IR/1st tst/sipping count drop down' successfully

2018-05-31 14:40:31 - [TEST_STEP][PASSED] - delay: Delayed 1 second(s)

2018-05-31 14:40:32 - [MESSAGE][PASSED] - Delayed 1 second(s)

2018-05-31 14:40:32 - [TEST_STEP][PASSED] - click: Object: 'Object Repository/IR/1st tst/Croatha' is clicked on

2018-05-31 14:40:32 - [MESSAGE][PASSED] - Object: 'Object Repository/IR/1st tst/Croatha' is clicked on

2018-05-31 14:40:32 - [TEST_STEP][PASSED] - delay: Delayed 3 second(s)

2018-05-31 14:40:35 - [MESSAGE][PASSED] - Delayed 3 second(s)

2018-05-31 14:40:35 - [TEST_STEP][PASSED] - click: Object: 'Object Repository/IR/1st tst/Proceed' is clicked on

2018-05-31 14:40:39 - [MESSAGE][PASSED] - Object: 'Object Repository/IR/1st tst/Proceed' is clicked on

2018-05-31 14:40:39 - [TEST_STEP][PASSED] - refresh: Refresh successfully

2018-05-31 14:40:40 - [MESSAGE][PASSED] - Refresh successfully

2018-05-31 14:40:40 - [TEST_STEP][PASSED] - delay: Delayed 2 second(s)

2018-05-31 14:40:42 - [MESSAGE][PASSED] - Delayed 2 second(s)

2018-05-31 14:40:42 - [TEST_STEP][PASSED] - refresh: Refresh successfully

2018-05-31 14:40:44 - [MESSAGE][PASSED] - Refresh successfully

2018-05-31 14:40:44 - [TEST_STEP][PASSED] - waitForElementVisible: Object 'Object Repository/IR/1st tst/Guest proceed' is visible

2018-05-31 14:40:44 - [MESSAGE][WARNING] - Timeout '0' is invalid. Using default page load timeout: '15'

2018-05-31 14:40:45 - [MESSAGE][PASSED] - Object 'Object Repository/IR/1st tst/Guest proceed' is visible

2018-05-31 14:40:45 - [TEST_STEP][PASSED] - click: Object: 'Object Repository/IR/1st tst/Guest proceed' is clicked on

2018-05-31 14:40:49 - [MESSAGE][PASSED] - Object: 'Object Repository/IR/1st tst/Guest proceed' is clicked on

2018-05-31 14:40:49 - [TEST_STEP][PASSED] - waitForPageLoad: Wait for page load successfully

2018-05-31 14:40:49 - [MESSAGE][WARNING] - Timeout '0' is invalid. Using default page load timeout: '15'

2018-05-31 14:40:49 - [MESSAGE][PASSED] - Wait for page load successfully

2018-05-31 14:40:49 - [TEST_STEP][PASSED] - delay: Delayed 1 second(s)

2018-05-31 14:40:50 - [MESSAGE][PASSED] - Delayed 1 second(s)

2018-05-31 14:40:50 - [TEST_STEP][PASSED] - click: Object: 'Object Repository/IR/1st tst/date_add' is clicked on

2018-05-31 14:40:50 - [MESSAGE][PASSED] - Object: 'Object Repository/IR/1st tst/date_add' is clicked on

2018-05-31 14:40:50 - [TEST_STEP][PASSED] - click: Object: 'Object Repository/IR/1st tst/date' is clicked on

2018-05-31 14:40:50 - [MESSAGE][PASSED] - Object: 'Object Repository/IR/1st tst/date' is clicked on

2018-05-31 14:40:50 - [TEST_STEP][PASSED] - setText: Text 'qqq' is set on object 'Object Repository/IR/Page_Checkout/input_customer_profile_travele'

2018-05-31 14:40:50 - [MESSAGE][PASSED] - Text 'qqq' is set on object 'Object Repository/IR/Page_Checkout/input_customer_profile_travele'

2018-05-31 14:40:50 - [TEST_STEP][PASSED] - setText: Text 'www' is set on object 'Object Repository/IR/Page_Checkout/input_customer_profile_travele_1'

2018-05-31 14:40:50 - [MESSAGE][PASSED] - Text 'www' is set on object 'Object Repository/IR/Page_Checkout/input_customer_profile_travele_1'

2018-05-31 14:40:50 - [TEST_STEP][PASSED] - click: Object: 'Object Repository/IR/1st tst/mr' is clicked on

2018-05-31 14:40:50 - [MESSAGE][PASSED] - Object: 'Object Repository/IR/1st tst/mr' is clicked on

2018-05-31 14:40:50 - [TEST_STEP][PASSED] - selectOptionByValue: All options with value '6' are selected in object 'Object Repository/IR/Page_Checkout/select_Day12345678910111213141'  using regular expression

2018-05-31 14:40:51 - [MESSAGE][PASSED] - All options with value '6' are selected in object 'Object Repository/IR/Page_Checkout/select_Day12345678910111213141'  using regular expression

2018-05-31 14:40:51 - [TEST_STEP][PASSED] - selectOptionByValue: All options with value '5' are selected in object 'Object Repository/IR/Page_Checkout/select_MonthJanFebMarAprMayJun'  using regular expression

2018-05-31 14:40:51 - [MESSAGE][PASSED] - All options with value '5' are selected in object 'Object Repository/IR/Page_Checkout/select_MonthJanFebMarAprMayJun'  using regular expression

2018-05-31 14:40:51 - [TEST_STEP][PASSED] - selectOptionByValue: All options with value '2010' are selected in object 'Object Repository/IR/Page_Checkout/select_Year2018201720162015201'  using regular expression

2018-05-31 14:40:53 - [MESSAGE][PASSED] - All options with value '2010' are selected in object 'Object Repository/IR/Page_Checkout/select_Year2018201720162015201'  using regular expression

2018-05-31 14:40:53 - [TEST_STEP][PASSED] - setText: Text 'MF334422' is set on object 'Object Repository/IR/Page_Checkout/input_customer_profile_travele_2'

2018-05-31 14:40:53 - [MESSAGE][PASSED] - Text 'MF334422' is set on object 'Object Repository/IR/Page_Checkout/input_customer_profile_travele_2'

2018-05-31 14:40:53 - [TEST_STEP][PASSED] - click: Object: 'Object Repository/IR/Page_Checkout/input_customer_profile_travele' is clicked on

2018-05-31 14:40:53 - [MESSAGE][PASSED] - Object: 'Object Repository/IR/Page_Checkout/input_customer_profile_travele' is clicked on

2018-05-31 14:40:53 - [TEST_STEP][PASSED] - click: Object: 'Object Repository/IR/Page_Checkout/a_Continue to shipping details' is clicked on

2018-05-31 14:40:57 - [MESSAGE][PASSED] - Object: 'Object Repository/IR/Page_Checkout/a_Continue to shipping details' is clicked on

2018-05-31 14:40:57 - [TEST_STEP][PASSED] - setText: Text '345646' is set on object 'Object Repository/IR/Page_Shipping/input_customer_profile_shippin'

2018-05-31 14:40:57 - [MESSAGE][PASSED] - Text '345646' is set on object 'Object Repository/IR/Page_Shipping/input_customer_profile_shippin'

2018-05-31 14:40:57 - [TEST_STEP][PASSED] - setText: Text 'tryrty' is set on object 'Object Repository/IR/Page_Shipping/input_customer_profile_shippin_1'

2018-05-31 14:40:57 - [MESSAGE][PASSED] - Text 'tryrty' is set on object 'Object Repository/IR/Page_Shipping/input_customer_profile_shippin_1'

2018-05-31 14:40:57 - [TEST_STEP][PASSED] - setText: Text 'tyrty rtytry' is set on object 'Object Repository/IR/Page_Shipping/input_customer_profile_shippin_2'

2018-05-31 14:40:57 - [MESSAGE][PASSED] - Text 'tyrty rtytry' is set on object 'Object Repository/IR/Page_Shipping/input_customer_profile_shippin_2'

2018-05-31 14:40:57 - [TEST_STEP][PASSED] - setText: Text 'tytry rtyrty' is set on object 'Object Repository/IR/Page_Shipping/input_customer_profile_shippin_3'

2018-05-31 14:40:57 - [MESSAGE][PASSED] - Text 'tytry rtyrty' is set on object 'Object Repository/IR/Page_Shipping/input_customer_profile_shippin_3'

2018-05-31 14:40:57 - [TEST_STEP][PASSED] - setText: Text '45654654' is set on object 'Object Repository/IR/Page_Shipping/input_customer_profile_contact'

2018-05-31 14:40:58 - [MESSAGE][PASSED] - Text '45654654' is set on object 'Object Repository/IR/Page_Shipping/input_customer_profile_contact'

2018-05-31 14:40:58 - [TEST_STEP][PASSED] - setText: Text 'nhfvgfvgfv01@gmail.com' is set on object 'Object Repository/IR/Page_Shipping/input_customer_profile_contact_1'

2018-05-31 14:40:58 - [MESSAGE][PASSED] - Text 'nhfvgfvgfv01@gmail.com' is set on object 'Object Repository/IR/Page_Shipping/input_customer_profile_contact_1'

2018-05-31 14:40:58 - [TEST_STEP][PASSED] - setText: Text 'nhfvgfvgfv01@gmail.com' is set on object 'Object Repository/IR/Page_Shipping/input_customer_profile_contact_2'

2018-05-31 14:40:58 - [MESSAGE][PASSED] - Text 'nhfvgfvgfv01@gmail.com' is set on object 'Object Repository/IR/Page_Shipping/input_customer_profile_contact_2'

2018-05-31 14:40:58 - [TEST_STEP][PASSED] - click: Object: 'Object Repository/IR/Page_Shipping/a_Continue to review your orde' is clicked on

2018-05-31 14:41:01 - [MESSAGE][PASSED] - Object: 'Object Repository/IR/Page_Shipping/a_Continue to review your orde' is clicked on

2018-05-31 14:41:01 - [TEST_STEP][PASSED] - click: Object: 'Object Repository/IR/Page_Review order/input_checkout_reviewaccept' is clicked on

2018-05-31 14:41:02 - [MESSAGE][PASSED] - Object: 'Object Repository/IR/Page_Review order/input_checkout_reviewaccept' is clicked on

2018-05-31 14:41:02 - [TEST_STEP][PASSED] - click: Object: 'Object Repository/IR/Page_Review order/a_Proceed to payment details' is clicked on

2018-05-31 14:41:02 - [MESSAGE][PASSED] - Object: 'Object Repository/IR/Page_Review order/a_Proceed to payment details' is clicked on

2018-05-31 14:41:02 - [TEST_STEP][PASSED] - mouseOver: Object: 'Object Repository/IR/Page_Payment details/input_brandName' is hovered

2018-05-31 14:41:05 - [MESSAGE][PASSED] - Object: 'Object Repository/IR/Page_Payment details/input_brandName' is hovered

2018-05-31 14:41:05 - [TEST_STEP][PASSED] - delay: Delayed 2 second(s)

2018-05-31 14:41:07 - [MESSAGE][PASSED] - Delayed 2 second(s)

2018-05-31 14:41:07 - [TEST_STEP][PASSED] - click: Object: 'Object Repository/IR/Page_Payment details/input_brandName' is clicked on

2018-05-31 14:41:07 - [MESSAGE][PASSED] - Object: 'Object Repository/IR/Page_Payment details/input_brandName' is clicked on

2018-05-31 14:41:07 - [TEST_STEP][PASSED] - delay: Delayed 1 second(s)

2018-05-31 14:41:08 - [MESSAGE][PASSED] - Delayed 1 second(s)

2018-05-31 14:41:08 - [TEST_STEP][PASSED] - setText: Text '4111 1111 1111 1111' is set on object 'Object Repository/IR/Page_Payment details/input_card.cardNumber'

2018-05-31 14:41:08 - [MESSAGE][PASSED] - Text '4111 1111 1111 1111' is set on object 'Object Repository/IR/Page_Payment details/input_card.cardNumber'

2018-05-31 14:41:08 - [TEST_STEP][PASSED] - setText: Text 'ddd sss' is set on object 'Object Repository/IR/Page_Payment details/input_card.cardHolderName'

2018-05-31 14:41:08 - [MESSAGE][PASSED] - Text 'ddd sss' is set on object 'Object Repository/IR/Page_Payment details/input_card.cardHolderName'

2018-05-31 14:41:08 - [TEST_STEP][PASSED] - selectOptionByValue: All options with value '08' are selected in object 'Object Repository/IR/Page_Payment details/select_01020304050607080910111'  using regular expression

2018-05-31 14:41:09 - [MESSAGE][PASSED] - All options with value '08' are selected in object 'Object Repository/IR/Page_Payment details/select_01020304050607080910111'  using regular expression

2018-05-31 14:41:09 - [TEST_STEP][PASSED] - selectOptionByValue: All options with value '2018' are selected in object 'Object Repository/IR/Page_Payment details/select_        2018        201'  using regular expression

2018-05-31 14:41:09 - [MESSAGE][PASSED] - All options with value '2018' are selected in object 'Object Repository/IR/Page_Payment details/select_        2018        201'  using regular expression

2018-05-31 14:41:09 - [TEST_STEP][PASSED] - setText: Text '737' is set on object 'Object Repository/IR/Page_Payment details/input_card.cvcCode'

2018-05-31 14:41:09 - [MESSAGE][PASSED] - Text '737' is set on object 'Object Repository/IR/Page_Payment details/input_card.cvcCode'

2018-05-31 14:41:09 - [TEST_STEP][PASSED] - click: Object: 'Object Repository/IR/Page_Payment details/input_pay' is clicked on

2018-05-31 14:41:12 - [MESSAGE][PASSED] - Object: 'Object Repository/IR/Page_Payment details/input_pay' is clicked on

2018-05-31 14:41:12 - [TEST_STEP][PASSED] - closeBrowser: Browser is closed

2018-05-31 14:41:13 - [MESSAGE][PASSED] - Browser is closed]]></system-out>
         <system-err><![CDATA[]]></system-err>
      </testcase>
      <testcase name="Test Cases/Basket (Live, IR)" classname="Test Cases/Basket (Live, IR)" status="FAILED">
         <failure type="FAILED" message="Verify element text of test object 'Object Repository/Counter/Passes counter' FAILED. (Root cause: Actual text '1' and expected text '0' of test object 'Object Repository/Counter/Passes counter' are NOT matched.)"/>
         <system-out><![CDATA[2018-05-31 14:41:13 - [TEST_CASE][FAILED] - Test Cases/Basket (Live, IR): Test Cases/Basket (Live, IR) FAILED because (of) Verify element text of test object 'Object Repository/Counter/Passes counter' FAILED. (Root cause: Actual text '1' and expected text '0' of test object 'Object Repository/Counter/Passes counter' are NOT matched.)

2018-05-31 14:41:13 - [TEST_STEP][PASSED] - openBrowser: Browser is opened with url: ''

2018-05-31 14:41:15 - [MESSAGE][PASSED] - Browser is opened with url: ''

2018-05-31 14:41:15 - [TEST_STEP][PASSED] - deleteAllCookies: Delete all cookies successfully

2018-05-31 14:41:15 - [MESSAGE][PASSED] - Delete all cookies successfully

2018-05-31 14:41:15 - [TEST_STEP][PASSED] - navigateToUrl: Navigate to 'https://www.interrail.eu/' successfully

2018-05-31 14:41:17 - [MESSAGE][PASSED] - Navigate to 'https://www.interrail.eu/' successfully

2018-05-31 14:41:17 - [TEST_STEP][PASSED] - maximizeWindow: Current window maximized

2018-05-31 14:41:18 - [MESSAGE][PASSED] - Current window maximized

2018-05-31 14:41:18 - [TEST_STEP][PASSED] - click: Object: 'Object Repository/IR/1st tst/i agree' is clicked on

2018-05-31 14:41:18 - [MESSAGE][PASSED] - Object: 'Object Repository/IR/1st tst/i agree' is clicked on

2018-05-31 14:41:18 - [TEST_STEP][PASSED] - click: Object: 'Object Repository/IR/1st tst/Cont' is clicked on

2018-05-31 14:41:21 - [MESSAGE][PASSED] - Object: 'Object Repository/IR/1st tst/Cont' is clicked on

2018-05-31 14:41:21 - [TEST_STEP][PASSED] - verifyElementText: Actual text and expected text of test object 'Object Repository/Counter/Passes counter' are matched.

2018-05-31 14:41:21 - [MESSAGE][PASSED] - Actual text and expected text of test object 'Object Repository/Counter/Passes counter' are matched.

2018-05-31 14:41:21 - [TEST_STEP][PASSED] - click: Object: 'Object Repository/Page_Be free to explore Europe by r/a_Go for sunshine' is clicked on

2018-05-31 14:41:22 - [MESSAGE][PASSED] - Object: 'Object Repository/Page_Be free to explore Europe by r/a_Go for sunshine' is clicked on

2018-05-31 14:41:22 - [TEST_STEP][PASSED] - click: Object: 'Object Repository/Page_Summer in Europe  Interrail.eu/a_5. Capri Italy' is clicked on

2018-05-31 14:41:22 - [MESSAGE][PASSED] - Object: 'Object Repository/Page_Summer in Europe  Interrail.eu/a_5. Capri Italy' is clicked on

2018-05-31 14:41:22 - [TEST_STEP][PASSED] - waitForPageLoad: Wait for page load successfully

2018-05-31 14:41:22 - [MESSAGE][WARNING] - Timeout '0' is invalid. Using default page load timeout: '15'

2018-05-31 14:41:22 - [MESSAGE][PASSED] - Wait for page load successfully

2018-05-31 14:41:22 - [TEST_STEP][PASSED] - click: Unable to click on object 'Object Repository/Fucking popup/POpup' (Root cause: org.openqa.selenium.ElementNotVisibleException: element not visible
  (Session info: chrome=66.0.3359.181)
  (Driver info: chromedriver=2.35.528161 (5b82f2d2aae0ca24b877009200ced9065a772e73),platform=Windows NT 10.0.17134 x86_64) (WARNING: The server did not provide any stacktrace information)
Command duration or timeout: 0 milliseconds
Build info: version: '3.7.1', revision: '8a0099a', time: '2017-11-06T21:07:36.161Z'
System info: host: 'DESKTOP-JVS3DPV', ip: '192.168.88.93', os.name: 'Windows 10', os.arch: 'amd64', os.version: '10.0', java.version: '1.8.0_102'
Driver info: com.kms.katalon.selenium.driver.CChromeDriver
Capabilities {acceptInsecureCerts: false, acceptSslCerts: false, applicationCacheEnabled: false, browserConnectionEnabled: false, browserName: chrome, chrome: {chromedriverVersion: 2.35.528161 (5b82f2d2aae0ca..., userDataDir: C:\WINDOWS\TEMP\scoped_dir6...}, cssSelectorsEnabled: true, databaseEnabled: false, handlesAlerts: true, hasTouchScreen: false, javascriptEnabled: true, locationContextEnabled: true, mobileEmulationEnabled: false, nativeEvents: true, networkConnectionEnabled: false, pageLoadStrategy: normal, platform: XP, platformName: XP, rotatable: false, setWindowRect: true, takesHeapSnapshot: true, takesScreenshot: true, unexpectedAlertBehaviour: , unhandledPromptBehavior: , version: 66.0.3359.181, webStorageEnabled: true}
Session ID: b5a9e7ef7fb244c63e127bbbab8237f7)

2018-05-31 14:41:23 - [MESSAGE][WARNING] - Unable to click on object 'Object Repository/Fucking popup/POpup' (Root cause: org.openqa.selenium.ElementNotVisibleException: element not visible
  (Session info: chrome=66.0.3359.181)
  (Driver info: chromedriver=2.35.528161 (5b82f2d2aae0ca24b877009200ced9065a772e73),platform=Windows NT 10.0.17134 x86_64) (WARNING: The server did not provide any stacktrace information)
Command duration or timeout: 0 milliseconds
Build info: version: '3.7.1', revision: '8a0099a', time: '2017-11-06T21:07:36.161Z'
System info: host: 'DESKTOP-JVS3DPV', ip: '192.168.88.93', os.name: 'Windows 10', os.arch: 'amd64', os.version: '10.0', java.version: '1.8.0_102'
Driver info: com.kms.katalon.selenium.driver.CChromeDriver
Capabilities {acceptInsecureCerts: false, acceptSslCerts: false, applicationCacheEnabled: false, browserConnectionEnabled: false, browserName: chrome, chrome: {chromedriverVersion: 2.35.528161 (5b82f2d2aae0ca..., userDataDir: C:\WINDOWS\TEMP\scoped_dir6...}, cssSelectorsEnabled: true, databaseEnabled: false, handlesAlerts: true, hasTouchScreen: false, javascriptEnabled: true, locationContextEnabled: true, mobileEmulationEnabled: false, nativeEvents: true, networkConnectionEnabled: false, pageLoadStrategy: normal, platform: XP, platformName: XP, rotatable: false, setWindowRect: true, takesHeapSnapshot: true, takesScreenshot: true, unexpectedAlertBehaviour: , unhandledPromptBehavior: , version: 66.0.3359.181, webStorageEnabled: true}
Session ID: b5a9e7ef7fb244c63e127bbbab8237f7)
[[ATTACHMENT|C:\\Users\\work1\\Katalon Studio\\Tst\\Reports\\New Test Suite\\20180531_144012\\1527766883031.png]]

2018-05-31 14:41:23 - [TEST_STEP][PASSED] - click: Object: 'Object Repository/Page_Summer in Europe  Interrail.eu/a_SEE ITALY PASS PRICES' is clicked on

2018-05-31 14:41:23 - [MESSAGE][PASSED] - Object: 'Object Repository/Page_Summer in Europe  Interrail.eu/a_SEE ITALY PASS PRICES' is clicked on

2018-05-31 14:41:23 - [TEST_STEP][PASSED] - switchToWindowTitle: Switched to window with title: 'Interrail Italy Pass | Italy by Train | Interrail.eu'

2018-05-31 14:41:25 - [MESSAGE][PASSED] - Switched to window with title: 'Interrail Italy Pass | Italy by Train | Interrail.eu'

2018-05-31 14:41:25 - [TEST_STEP][PASSED] - click: Object: 'Object Repository/Page_Interrail Italy Pass  Italy by/label_1st ClassWider seats les' is clicked on

2018-05-31 14:41:25 - [MESSAGE][PASSED] - Object: 'Object Repository/Page_Interrail Italy Pass  Italy by/label_1st ClassWider seats les' is clicked on

2018-05-31 14:41:25 - [TEST_STEP][PASSED] - click: Object: 'Object Repository/Page_Interrail Italy Pass  Italy by/a_Add to cart' is clicked on

2018-05-31 14:41:25 - [MESSAGE][PASSED] - Object: 'Object Repository/Page_Interrail Italy Pass  Italy by/a_Add to cart' is clicked on

2018-05-31 14:41:25 - [TEST_STEP][PASSED] - waitForElementVisible: Object 'Object Repository/Page_Interrail Italy Pass  Italy by/a_Continue shopping' is visible

2018-05-31 14:41:25 - [MESSAGE][WARNING] - Timeout '0' is invalid. Using default page load timeout: '15'

2018-05-31 14:41:27 - [MESSAGE][PASSED] - Object 'Object Repository/Page_Interrail Italy Pass  Italy by/a_Continue shopping' is visible

2018-05-31 14:41:27 - [TEST_STEP][PASSED] - click: Object: 'Object Repository/Page_Interrail Italy Pass  Italy by/a_Continue shopping' is clicked on

2018-05-31 14:41:27 - [MESSAGE][PASSED] - Object: 'Object Repository/Page_Interrail Italy Pass  Italy by/a_Continue shopping' is clicked on

2018-05-31 14:41:27 - [TEST_STEP][FAILED] - verifyElementText: Verify element text of test object 'Object Repository/Counter/Passes counter' FAILED. (Root cause: Actual text '1' and expected text '0' of test object 'Object Repository/Counter/Passes counter' are NOT matched.)

2018-05-31 14:41:27 - [MESSAGE][FAILED] - Actual text '1' and expected text '0' of test object 'Object Repository/Counter/Passes counter' are NOT matched.
[[ATTACHMENT|C:\\Users\\work1\\Katalon Studio\\Tst\\Reports\\New Test Suite\\20180531_144012\\1527766887594.png]]

2018-05-31 14:41:28 - [MESSAGE][FAILED] - Verify element text of test object 'Object Repository/Counter/Passes counter' FAILED. (Root cause: Actual text '1' and expected text '0' of test object 'Object Repository/Counter/Passes counter' are NOT matched.)
[[ATTACHMENT|C:\\Users\\work1\\Katalon Studio\\Tst\\Reports\\New Test Suite\\20180531_144012\\1527766887889.png]]]]></system-out>
         <system-err><![CDATA[2018-05-31 14:41:13 - [TEST_CASE][FAILED] - Test Cases/Basket (Live, IR): Test Cases/Basket (Live, IR) FAILED because (of) Verify element text of test object 'Object Repository/Counter/Passes counter' FAILED. (Root cause: Actual text '1' and expected text '0' of test object 'Object Repository/Counter/Passes counter' are NOT matched.)]]></system-err>
      </testcase>
      <system-out><![CDATA[2018-05-31 14:40:14 - [TEST_SUITE][FAILED] - New Test Suite: Test Cases/Basket (Live, IR) FAILED because (of) Verify element text of test object 'Object Repository/Counter/Passes counter' FAILED. (Root cause: Actual text '1' and expected text '0' of test object 'Object Repository/Counter/Passes counter' are NOT matched.)]]></system-out>
      <system-err><![CDATA[2018-05-31 14:40:14 - [TEST_SUITE][FAILED] - New Test Suite: Test Cases/Basket (Live, IR) FAILED because (of) Verify element text of test object 'Object Repository/Counter/Passes counter' FAILED. (Root cause: Actual text '1' and expected text '0' of test object 'Object Repository/Counter/Passes counter' are NOT matched.)]]></system-err>
   </testsuite>
</testsuites>
