<?xml version="1.0" encoding="UTF-8"?>
<testsuites name="New Test Suite" time="34" tests="0" failures="1" errors="0">
   <testsuite name="New Test Suite" tests="0" failures="1" errors="0" time="34" timestamp="2018-05-31 11:10:59" hostname="work1 - 192.168.88.93" id="Test Suites/New Test Suite">
      <properties>
         <property name="deviceName" value=""/>
         <property name="devicePlatform" value=""/>
         <property name="logFolder" value="C:\\Users\\work1\\Katalon Studio\\Tst\\Reports\\New Test Suite\\20180531_111057"/>
         <property name="logFiles" value="C:\\Users\\work1\\Katalon Studio\\Tst\\Reports\\New Test Suite\\20180531_111057\\execution0.log"/>
         <property name="attachments" value=""/>
         <property name="hostName" value="work1 - 192.168.88.93"/>
         <property name="os" value="Windows 10 64bit"/>
         <property name="katalonVersion" value="5.4.2.1"/>
         <property name="browser" value="Chrome 66.0.3359.181"/>
         <property name="hostAddress" value="192.168.88.93"/>
         <property name="sessionId" value="8e7201ed91b86bd34e8cdb0dc0c51400"/>
         <property name="seleniumVersion" value="3.7.1"/>
         <property name="proxyInformation" value="ProxyInformation{proxyOption=NO_PROXY, proxyServerType=HTTP, password=, proxyServerAddress=, proxyServerPort=0}"/>
         <property name="platform" value="Windows 10"/>
      </properties>
      <testcase name="Test Cases/Checkout (Live, IR)" classname="Test Cases/Checkout (Live, IR)" status="FAILED">
         <failure type="FAILED" message="Unable to set text 'qqq' of object 'Object Repository/IR/Page_Checkout/input_customer_profile_travele' (Root cause: org.openqa.selenium.NoSuchWindowException: no such window: target window already closed
from unknown error: web view not found
  (Session info: chrome=66.0.3359.181)
  (Driver info: chromedriver=2.35.528161 (5b82f2d2aae0ca24b877009200ced9065a772e73),platform=Windows NT 10.0.17134 x86_64) (WARNING: The server did not provide any stacktrace information)
Command duration or timeout: 0 milliseconds
Build info: version: '3.7.1', revision: '8a0099a', time: '2017-11-06T21:07:36.161Z'
System info: host: 'DESKTOP-JVS3DPV', ip: '192.168.88.93', os.name: 'Windows 10', os.arch: 'amd64', os.version: '10.0', java.version: '1.8.0_102'
Driver info: com.kms.katalon.selenium.driver.CChromeDriver
Capabilities {acceptInsecureCerts: false, acceptSslCerts: false, applicationCacheEnabled: false, browserConnectionEnabled: false, browserName: chrome, chrome: {chromedriverVersion: 2.35.528161 (5b82f2d2aae0ca..., userDataDir: C:\Users\work1\AppData\Loca...}, cssSelectorsEnabled: true, databaseEnabled: false, handlesAlerts: true, hasTouchScreen: false, javascriptEnabled: true, locationContextEnabled: true, mobileEmulationEnabled: false, nativeEvents: true, networkConnectionEnabled: false, pageLoadStrategy: normal, platform: XP, platformName: XP, rotatable: false, setWindowRect: true, takesHeapSnapshot: true, takesScreenshot: true, unexpectedAlertBehaviour: , unhandledPromptBehavior: , version: 66.0.3359.181, webStorageEnabled: true}
Session ID: 8e7201ed91b86bd34e8cdb0dc0c51400
*** Element info: {Using=xpath, value=//input[@id = 'edit-customer-profile-traveler-field-first-name1-und-0-value' and @name = 'customer_profile_traveler[field_first_name1][und][0][value]' and @type = 'text']})"/>
         <system-out><![CDATA[2018-05-31 11:10:59 - [TEST_CASE][FAILED] - Test Cases/Checkout (Live, IR): Test Cases/Checkout (Live, IR) FAILED because (of) Unable to set text 'qqq' of object 'Object Repository/IR/Page_Checkout/input_customer_profile_travele' (Root cause: org.openqa.selenium.NoSuchWindowException: no such window: target window already closed
from unknown error: web view not found
  (Session info: chrome=66.0.3359.181)
  (Driver info: chromedriver=2.35.528161 (5b82f2d2aae0ca24b877009200ced9065a772e73),platform=Windows NT 10.0.17134 x86_64) (WARNING: The server did not provide any stacktrace information)
Command duration or timeout: 0 milliseconds
Build info: version: '3.7.1', revision: '8a0099a', time: '2017-11-06T21:07:36.161Z'
System info: host: 'DESKTOP-JVS3DPV', ip: '192.168.88.93', os.name: 'Windows 10', os.arch: 'amd64', os.version: '10.0', java.version: '1.8.0_102'
Driver info: com.kms.katalon.selenium.driver.CChromeDriver
Capabilities {acceptInsecureCerts: false, acceptSslCerts: false, applicationCacheEnabled: false, browserConnectionEnabled: false, browserName: chrome, chrome: {chromedriverVersion: 2.35.528161 (5b82f2d2aae0ca..., userDataDir: C:\Users\work1\AppData\Loca...}, cssSelectorsEnabled: true, databaseEnabled: false, handlesAlerts: true, hasTouchScreen: false, javascriptEnabled: true, locationContextEnabled: true, mobileEmulationEnabled: false, nativeEvents: true, networkConnectionEnabled: false, pageLoadStrategy: normal, platform: XP, platformName: XP, rotatable: false, setWindowRect: true, takesHeapSnapshot: true, takesScreenshot: true, unexpectedAlertBehaviour: , unhandledPromptBehavior: , version: 66.0.3359.181, webStorageEnabled: true}
Session ID: 8e7201ed91b86bd34e8cdb0dc0c51400
*** Element info: {Using=xpath, value=//input[@id = 'edit-customer-profile-traveler-field-first-name1-und-0-value' and @name = 'customer_profile_traveler[field_first_name1][und][0][value]' and @type = 'text']})

2018-05-31 11:10:59 - [TEST_STEP][PASSED] - openBrowser: Browser is opened with url: ''

2018-05-31 11:11:02 - [MESSAGE][PASSED] - Browser is opened with url: ''

2018-05-31 11:11:02 - [TEST_STEP][PASSED] - deleteAllCookies: Delete all cookies successfully

2018-05-31 11:11:02 - [MESSAGE][PASSED] - Delete all cookies successfully

2018-05-31 11:11:02 - [TEST_STEP][PASSED] - navigateToUrl: Navigate to 'https://www.interrail.eu/' successfully

2018-05-31 11:11:04 - [MESSAGE][PASSED] - Navigate to 'https://www.interrail.eu/' successfully

2018-05-31 11:11:04 - [TEST_STEP][PASSED] - maximizeWindow: Current window maximized

2018-05-31 11:11:05 - [MESSAGE][PASSED] - Current window maximized

2018-05-31 11:11:05 - [TEST_STEP][PASSED] - click: Object: 'Object Repository/IR/1st tst/i agree' is clicked on

2018-05-31 11:11:05 - [MESSAGE][PASSED] - Object: 'Object Repository/IR/1st tst/i agree' is clicked on

2018-05-31 11:11:05 - [TEST_STEP][PASSED] - click: Object: 'Object Repository/IR/1st tst/Cont' is clicked on

2018-05-31 11:11:07 - [MESSAGE][PASSED] - Object: 'Object Repository/IR/1st tst/Cont' is clicked on

2018-05-31 11:11:07 - [TEST_STEP][PASSED] - focus: Object: 'Object Repository/IR/1st tst/passes btn in menu' is focused

2018-05-31 11:11:08 - [MESSAGE][PASSED] - Object: 'Object Repository/IR/1st tst/passes btn in menu' is focused

2018-05-31 11:11:08 - [TEST_STEP][PASSED] - waitForElementVisible: Object 'Object Repository/IR/1st tst/Glbl pass btn in submenu' is visible

2018-05-31 11:11:08 - [MESSAGE][WARNING] - Timeout '0' is invalid. Using default page load timeout: '15'

2018-05-31 11:11:08 - [MESSAGE][PASSED] - Object 'Object Repository/IR/1st tst/Glbl pass btn in submenu' is visible

2018-05-31 11:11:08 - [TEST_STEP][PASSED] - click: Object: 'Object Repository/IR/1st tst/Glbl pass btn in submenu' is clicked on

2018-05-31 11:11:10 - [MESSAGE][PASSED] - Object: 'Object Repository/IR/1st tst/Glbl pass btn in submenu' is clicked on

2018-05-31 11:11:10 - [TEST_STEP][PASSED] - click: Object: 'Object Repository/IR/1st tst/add to cart' is clicked on

2018-05-31 11:11:11 - [MESSAGE][PASSED] - Object: 'Object Repository/IR/1st tst/add to cart' is clicked on

2018-05-31 11:11:11 - [TEST_STEP][PASSED] - waitForElementVisible: Object 'Object Repository/IR/1st tst/go to checkout' is visible

2018-05-31 11:11:11 - [MESSAGE][WARNING] - Timeout '0' is invalid. Using default page load timeout: '15'

2018-05-31 11:11:13 - [MESSAGE][PASSED] - Object 'Object Repository/IR/1st tst/go to checkout' is visible

2018-05-31 11:11:13 - [TEST_STEP][PASSED] - focus: Object: 'Object Repository/IR/1st tst/go to checkout' is focused

2018-05-31 11:11:13 - [MESSAGE][PASSED] - Object: 'Object Repository/IR/1st tst/go to checkout' is focused

2018-05-31 11:11:13 - [TEST_STEP][PASSED] - click: Object: 'Object Repository/IR/1st tst/go to checkout' is clicked on

2018-05-31 11:11:15 - [MESSAGE][PASSED] - Object: 'Object Repository/IR/1st tst/go to checkout' is clicked on

2018-05-31 11:11:15 - [TEST_STEP][PASSED] - waitForPageLoad: Wait for page load successfully

2018-05-31 11:11:15 - [MESSAGE][WARNING] - Timeout '0' is invalid. Using default page load timeout: '15'

2018-05-31 11:11:15 - [MESSAGE][PASSED] - Wait for page load successfully

2018-05-31 11:11:15 - [TEST_STEP][PASSED] - click: Object: 'Object Repository/IR/1st tst/pass prot' is clicked on

2018-05-31 11:11:15 - [MESSAGE][PASSED] - Object: 'Object Repository/IR/1st tst/pass prot' is clicked on

2018-05-31 11:11:15 - [TEST_STEP][PASSED] - scrollToElement: Scroll to object 'Object Repository/IR/1st tst/sipping count drop down' successfully

2018-05-31 11:11:15 - [MESSAGE][WARNING] - Timeout '0' is invalid. Using default page load timeout: '15'

2018-05-31 11:11:17 - [MESSAGE][PASSED] - Scroll to object 'Object Repository/IR/1st tst/sipping count drop down' successfully

2018-05-31 11:11:17 - [TEST_STEP][PASSED] - delay: Delayed 1 second(s)

2018-05-31 11:11:18 - [MESSAGE][PASSED] - Delayed 1 second(s)

2018-05-31 11:11:18 - [TEST_STEP][PASSED] - click: Object: 'Object Repository/IR/1st tst/Croatha' is clicked on

2018-05-31 11:11:18 - [MESSAGE][PASSED] - Object: 'Object Repository/IR/1st tst/Croatha' is clicked on

2018-05-31 11:11:18 - [TEST_STEP][PASSED] - delay: Delayed 3 second(s)

2018-05-31 11:11:21 - [MESSAGE][PASSED] - Delayed 3 second(s)

2018-05-31 11:11:21 - [TEST_STEP][PASSED] - click: Object: 'Object Repository/IR/1st tst/Proceed' is clicked on

2018-05-31 11:11:24 - [MESSAGE][PASSED] - Object: 'Object Repository/IR/1st tst/Proceed' is clicked on

2018-05-31 11:11:24 - [TEST_STEP][PASSED] - refresh: Refresh successfully

2018-05-31 11:11:25 - [MESSAGE][PASSED] - Refresh successfully

2018-05-31 11:11:25 - [TEST_STEP][PASSED] - delay: Delayed 2 second(s)

2018-05-31 11:11:27 - [MESSAGE][PASSED] - Delayed 2 second(s)

2018-05-31 11:11:27 - [TEST_STEP][PASSED] - refresh: Refresh successfully

2018-05-31 11:11:28 - [MESSAGE][PASSED] - Refresh successfully

2018-05-31 11:11:28 - [TEST_STEP][PASSED] - waitForElementVisible: Object 'Object Repository/IR/1st tst/Guest proceed' is visible

2018-05-31 11:11:28 - [MESSAGE][WARNING] - Timeout '0' is invalid. Using default page load timeout: '15'

2018-05-31 11:11:29 - [MESSAGE][PASSED] - Object 'Object Repository/IR/1st tst/Guest proceed' is visible

2018-05-31 11:11:29 - [TEST_STEP][PASSED] - click: Object: 'Object Repository/IR/1st tst/Guest proceed' is clicked on

2018-05-31 11:11:31 - [MESSAGE][PASSED] - Object: 'Object Repository/IR/1st tst/Guest proceed' is clicked on

2018-05-31 11:11:31 - [TEST_STEP][PASSED] - waitForPageLoad: Wait for page load successfully

2018-05-31 11:11:31 - [MESSAGE][WARNING] - Timeout '0' is invalid. Using default page load timeout: '15'

2018-05-31 11:11:31 - [MESSAGE][PASSED] - Wait for page load successfully

2018-05-31 11:11:31 - [TEST_STEP][PASSED] - delay: Delayed 1 second(s)

2018-05-31 11:11:32 - [MESSAGE][PASSED] - Delayed 1 second(s)

2018-05-31 11:11:32 - [TEST_STEP][PASSED] - click: Object: 'Object Repository/IR/1st tst/date_add' is clicked on

2018-05-31 11:11:32 - [MESSAGE][PASSED] - Object: 'Object Repository/IR/1st tst/date_add' is clicked on

2018-05-31 11:11:32 - [TEST_STEP][PASSED] - click: Object: 'Object Repository/IR/1st tst/date' is clicked on

2018-05-31 11:11:33 - [MESSAGE][PASSED] - Object: 'Object Repository/IR/1st tst/date' is clicked on

2018-05-31 11:11:33 - [TEST_STEP][FAILED] - setText: Unable to set text 'qqq' of object 'Object Repository/IR/Page_Checkout/input_customer_profile_travele' (Root cause: org.openqa.selenium.NoSuchWindowException: no such window: target window already closed
from unknown error: web view not found
  (Session info: chrome=66.0.3359.181)
  (Driver info: chromedriver=2.35.528161 (5b82f2d2aae0ca24b877009200ced9065a772e73),platform=Windows NT 10.0.17134 x86_64) (WARNING: The server did not provide any stacktrace information)
Command duration or timeout: 0 milliseconds
Build info: version: '3.7.1', revision: '8a0099a', time: '2017-11-06T21:07:36.161Z'
System info: host: 'DESKTOP-JVS3DPV', ip: '192.168.88.93', os.name: 'Windows 10', os.arch: 'amd64', os.version: '10.0', java.version: '1.8.0_102'
Driver info: com.kms.katalon.selenium.driver.CChromeDriver
Capabilities {acceptInsecureCerts: false, acceptSslCerts: false, applicationCacheEnabled: false, browserConnectionEnabled: false, browserName: chrome, chrome: {chromedriverVersion: 2.35.528161 (5b82f2d2aae0ca..., userDataDir: C:\Users\work1\AppData\Loca...}, cssSelectorsEnabled: true, databaseEnabled: false, handlesAlerts: true, hasTouchScreen: false, javascriptEnabled: true, locationContextEnabled: true, mobileEmulationEnabled: false, nativeEvents: true, networkConnectionEnabled: false, pageLoadStrategy: normal, platform: XP, platformName: XP, rotatable: false, setWindowRect: true, takesHeapSnapshot: true, takesScreenshot: true, unexpectedAlertBehaviour: , unhandledPromptBehavior: , version: 66.0.3359.181, webStorageEnabled: true}
Session ID: 8e7201ed91b86bd34e8cdb0dc0c51400
*** Element info: {Using=xpath, value=//input[@id = 'edit-customer-profile-traveler-field-first-name1-und-0-value' and @name = 'customer_profile_traveler[field_first_name1][und][0][value]' and @type = 'text']})

2018-05-31 11:11:33 - [MESSAGE][WARNING] - Cannot take screenshot

2018-05-31 11:11:33 - [MESSAGE][FAILED] - Unable to set text 'qqq' of object 'Object Repository/IR/Page_Checkout/input_customer_profile_travele' (Root cause: org.openqa.selenium.NoSuchWindowException: no such window: target window already closed
from unknown error: web view not found
  (Session info: chrome=66.0.3359.181)
  (Driver info: chromedriver=2.35.528161 (5b82f2d2aae0ca24b877009200ced9065a772e73),platform=Windows NT 10.0.17134 x86_64) (WARNING: The server did not provide any stacktrace information)
Command duration or timeout: 0 milliseconds
Build info: version: '3.7.1', revision: '8a0099a', time: '2017-11-06T21:07:36.161Z'
System info: host: 'DESKTOP-JVS3DPV', ip: '192.168.88.93', os.name: 'Windows 10', os.arch: 'amd64', os.version: '10.0', java.version: '1.8.0_102'
Driver info: com.kms.katalon.selenium.driver.CChromeDriver
Capabilities {acceptInsecureCerts: false, acceptSslCerts: false, applicationCacheEnabled: false, browserConnectionEnabled: false, browserName: chrome, chrome: {chromedriverVersion: 2.35.528161 (5b82f2d2aae0ca..., userDataDir: C:\Users\work1\AppData\Loca...}, cssSelectorsEnabled: true, databaseEnabled: false, handlesAlerts: true, hasTouchScreen: false, javascriptEnabled: true, locationContextEnabled: true, mobileEmulationEnabled: false, nativeEvents: true, networkConnectionEnabled: false, pageLoadStrategy: normal, platform: XP, platformName: XP, rotatable: false, setWindowRect: true, takesHeapSnapshot: true, takesScreenshot: true, unexpectedAlertBehaviour: , unhandledPromptBehavior: , version: 66.0.3359.181, webStorageEnabled: true}
Session ID: 8e7201ed91b86bd34e8cdb0dc0c51400
*** Element info: {Using=xpath, value=//input[@id = 'edit-customer-profile-traveler-field-first-name1-und-0-value' and @name = 'customer_profile_traveler[field_first_name1][und][0][value]' and @type = 'text']})]]></system-out>
         <system-err><![CDATA[2018-05-31 11:10:59 - [TEST_CASE][FAILED] - Test Cases/Checkout (Live, IR): Test Cases/Checkout (Live, IR) FAILED because (of) Unable to set text 'qqq' of object 'Object Repository/IR/Page_Checkout/input_customer_profile_travele' (Root cause: org.openqa.selenium.NoSuchWindowException: no such window: target window already closed
from unknown error: web view not found
  (Session info: chrome=66.0.3359.181)
  (Driver info: chromedriver=2.35.528161 (5b82f2d2aae0ca24b877009200ced9065a772e73),platform=Windows NT 10.0.17134 x86_64) (WARNING: The server did not provide any stacktrace information)
Command duration or timeout: 0 milliseconds
Build info: version: '3.7.1', revision: '8a0099a', time: '2017-11-06T21:07:36.161Z'
System info: host: 'DESKTOP-JVS3DPV', ip: '192.168.88.93', os.name: 'Windows 10', os.arch: 'amd64', os.version: '10.0', java.version: '1.8.0_102'
Driver info: com.kms.katalon.selenium.driver.CChromeDriver
Capabilities {acceptInsecureCerts: false, acceptSslCerts: false, applicationCacheEnabled: false, browserConnectionEnabled: false, browserName: chrome, chrome: {chromedriverVersion: 2.35.528161 (5b82f2d2aae0ca..., userDataDir: C:\Users\work1\AppData\Loca...}, cssSelectorsEnabled: true, databaseEnabled: false, handlesAlerts: true, hasTouchScreen: false, javascriptEnabled: true, locationContextEnabled: true, mobileEmulationEnabled: false, nativeEvents: true, networkConnectionEnabled: false, pageLoadStrategy: normal, platform: XP, platformName: XP, rotatable: false, setWindowRect: true, takesHeapSnapshot: true, takesScreenshot: true, unexpectedAlertBehaviour: , unhandledPromptBehavior: , version: 66.0.3359.181, webStorageEnabled: true}
Session ID: 8e7201ed91b86bd34e8cdb0dc0c51400
*** Element info: {Using=xpath, value=//input[@id = 'edit-customer-profile-traveler-field-first-name1-und-0-value' and @name = 'customer_profile_traveler[field_first_name1][und][0][value]' and @type = 'text']})]]></system-err>
      </testcase>
      <system-out><![CDATA[2018-05-31 11:10:59 - [TEST_SUITE][FAILED] - New Test Suite: Test Cases/Checkout (Live, IR) FAILED because (of) Unable to set text 'qqq' of object 'Object Repository/IR/Page_Checkout/input_customer_profile_travele' (Root cause: org.openqa.selenium.NoSuchWindowException: no such window: target window already closed
from unknown error: web view not found
  (Session info: chrome=66.0.3359.181)
  (Driver info: chromedriver=2.35.528161 (5b82f2d2aae0ca24b877009200ced9065a772e73),platform=Windows NT 10.0.17134 x86_64) (WARNING: The server did not provide any stacktrace information)
Command duration or timeout: 0 milliseconds
Build info: version: '3.7.1', revision: '8a0099a', time: '2017-11-06T21:07:36.161Z'
System info: host: 'DESKTOP-JVS3DPV', ip: '192.168.88.93', os.name: 'Windows 10', os.arch: 'amd64', os.version: '10.0', java.version: '1.8.0_102'
Driver info: com.kms.katalon.selenium.driver.CChromeDriver
Capabilities {acceptInsecureCerts: false, acceptSslCerts: false, applicationCacheEnabled: false, browserConnectionEnabled: false, browserName: chrome, chrome: {chromedriverVersion: 2.35.528161 (5b82f2d2aae0ca..., userDataDir: C:\Users\work1\AppData\Loca...}, cssSelectorsEnabled: true, databaseEnabled: false, handlesAlerts: true, hasTouchScreen: false, javascriptEnabled: true, locationContextEnabled: true, mobileEmulationEnabled: false, nativeEvents: true, networkConnectionEnabled: false, pageLoadStrategy: normal, platform: XP, platformName: XP, rotatable: false, setWindowRect: true, takesHeapSnapshot: true, takesScreenshot: true, unexpectedAlertBehaviour: , unhandledPromptBehavior: , version: 66.0.3359.181, webStorageEnabled: true}
Session ID: 8e7201ed91b86bd34e8cdb0dc0c51400
*** Element info: {Using=xpath, value=//input[@id = 'edit-customer-profile-traveler-field-first-name1-und-0-value' and @name = 'customer_profile_traveler[field_first_name1][und][0][value]' and @type = 'text']})]]></system-out>
      <system-err><![CDATA[2018-05-31 11:10:59 - [TEST_SUITE][FAILED] - New Test Suite: Test Cases/Checkout (Live, IR) FAILED because (of) Unable to set text 'qqq' of object 'Object Repository/IR/Page_Checkout/input_customer_profile_travele' (Root cause: org.openqa.selenium.NoSuchWindowException: no such window: target window already closed
from unknown error: web view not found
  (Session info: chrome=66.0.3359.181)
  (Driver info: chromedriver=2.35.528161 (5b82f2d2aae0ca24b877009200ced9065a772e73),platform=Windows NT 10.0.17134 x86_64) (WARNING: The server did not provide any stacktrace information)
Command duration or timeout: 0 milliseconds
Build info: version: '3.7.1', revision: '8a0099a', time: '2017-11-06T21:07:36.161Z'
System info: host: 'DESKTOP-JVS3DPV', ip: '192.168.88.93', os.name: 'Windows 10', os.arch: 'amd64', os.version: '10.0', java.version: '1.8.0_102'
Driver info: com.kms.katalon.selenium.driver.CChromeDriver
Capabilities {acceptInsecureCerts: false, acceptSslCerts: false, applicationCacheEnabled: false, browserConnectionEnabled: false, browserName: chrome, chrome: {chromedriverVersion: 2.35.528161 (5b82f2d2aae0ca..., userDataDir: C:\Users\work1\AppData\Loca...}, cssSelectorsEnabled: true, databaseEnabled: false, handlesAlerts: true, hasTouchScreen: false, javascriptEnabled: true, locationContextEnabled: true, mobileEmulationEnabled: false, nativeEvents: true, networkConnectionEnabled: false, pageLoadStrategy: normal, platform: XP, platformName: XP, rotatable: false, setWindowRect: true, takesHeapSnapshot: true, takesScreenshot: true, unexpectedAlertBehaviour: , unhandledPromptBehavior: , version: 66.0.3359.181, webStorageEnabled: true}
Session ID: 8e7201ed91b86bd34e8cdb0dc0c51400
*** Element info: {Using=xpath, value=//input[@id = 'edit-customer-profile-traveler-field-first-name1-und-0-value' and @name = 'customer_profile_traveler[field_first_name1][und][0][value]' and @type = 'text']})]]></system-err>
   </testsuite>
</testsuites>
