<?xml version="1.0" encoding="UTF-8"?>
<testsuites name="New Test Suite" time="19" tests="0" failures="2" errors="0">
   <testsuite name="New Test Suite" tests="0" failures="2" errors="0" time="19" timestamp="2018-05-31 16:13:13" hostname="work1 - 192.168.88.93" id="Test Suites/New Test Suite">
      <properties>
         <property name="deviceName" value=""/>
         <property name="devicePlatform" value=""/>
         <property name="logFolder" value="C:\\Users\\work1\\Katalon Studio\\Tst\\Reports\\New Test Suite\\20180531_161311"/>
         <property name="logFiles" value="C:\\Users\\work1\\Katalon Studio\\Tst\\Reports\\New Test Suite\\20180531_161311\\execution0.log"/>
         <property name="attachments" value="C:\\Users\\work1\\Katalon Studio\\Tst\\Reports\\New Test Suite\\20180531_161311\\1527772401841.png"/>
         <property name="hostName" value="work1 - 192.168.88.93"/>
         <property name="os" value="Windows 10 64bit"/>
         <property name="katalonVersion" value="5.4.2.1"/>
         <property name="browser" value="Chrome 66.0.3359.181"/>
         <property name="hostAddress" value="192.168.88.93"/>
         <property name="sessionId" value="bce357244f256d08ae1383725c01864e"/>
         <property name="seleniumVersion" value="3.7.1"/>
         <property name="proxyInformation" value="ProxyInformation{proxyOption=NO_PROXY, proxyServerType=HTTP, password=, proxyServerAddress=, proxyServerPort=0}"/>
         <property name="platform" value="Windows 10"/>
      </properties>
      <testcase name="Test Cases/Checkout (Live, IR)" classname="Test Cases/Checkout (Live, IR)" status="FAILED">
         <failure type="FAILED" message="Unable to click on object 'Object Repository/IR/1st tst/Cont' (Root cause: org.openqa.selenium.WebDriverException: unknown error: Element &lt;span class=&quot;text has-translation&quot; data-translates=&quot;{&amp;quot;en&amp;quot;:&amp;quot;...&amp;quot;,&amp;quot;es&amp;quot;:&amp;quot;Continuar&amp;quot;,&amp;quot;fr&amp;quot;:&amp;quot;Continuer&amp;quot;,&amp;quot;de&amp;quot;:&amp;quot;Weiter&amp;quot;,&amp;quot;it&amp;quot;:&amp;quot;Continua&amp;quot;,&amp;quot;nl&amp;quot;:&amp;quot;Verder&amp;quot;}&quot;>Continue&lt;/span> is not clickable at point (455, 551). Other element would receive the click: &lt;div class=&quot;dialog-content&quot; style=&quot;touch-action: none; overflow: hidden; width: 867px; height: 883px;&quot;>...&lt;/div>
  (Session info: chrome=66.0.3359.181)
  (Driver info: chromedriver=2.35.528161 (5b82f2d2aae0ca24b877009200ced9065a772e73),platform=Windows NT 10.0.17134 x86_64) (WARNING: The server did not provide any stacktrace information)
Command duration or timeout: 0 milliseconds
Build info: version: '3.7.1', revision: '8a0099a', time: '2017-11-06T21:07:36.161Z'
System info: host: 'DESKTOP-JVS3DPV', ip: '192.168.88.93', os.name: 'Windows 10', os.arch: 'amd64', os.version: '10.0', java.version: '1.8.0_102'
Driver info: com.kms.katalon.selenium.driver.CChromeDriver
Capabilities {acceptInsecureCerts: false, acceptSslCerts: false, applicationCacheEnabled: false, browserConnectionEnabled: false, browserName: chrome, chrome: {chromedriverVersion: 2.35.528161 (5b82f2d2aae0ca..., userDataDir: C:\Users\work1\AppData\Loca...}, cssSelectorsEnabled: true, databaseEnabled: false, handlesAlerts: true, hasTouchScreen: false, javascriptEnabled: true, locationContextEnabled: true, mobileEmulationEnabled: false, nativeEvents: true, networkConnectionEnabled: false, pageLoadStrategy: normal, platform: XP, platformName: XP, rotatable: false, setWindowRect: true, takesHeapSnapshot: true, takesScreenshot: true, unexpectedAlertBehaviour: , unhandledPromptBehavior: , version: 66.0.3359.181, webStorageEnabled: true}
Session ID: 307fc4cf4684bd1d235392b150dd0954)"/>
         <system-out><![CDATA[2018-05-31 16:13:13 - [TEST_CASE][FAILED] - Test Cases/Checkout (Live, IR): Test Cases/Checkout (Live, IR) FAILED because (of) Unable to click on object 'Object Repository/IR/1st tst/Cont' (Root cause: org.openqa.selenium.WebDriverException: unknown error: Element <span class="text has-translation" data-translates="{&quot;en&quot;:&quot;...&quot;,&quot;es&quot;:&quot;Continuar&quot;,&quot;fr&quot;:&quot;Continuer&quot;,&quot;de&quot;:&quot;Weiter&quot;,&quot;it&quot;:&quot;Continua&quot;,&quot;nl&quot;:&quot;Verder&quot;}">Continue</span> is not clickable at point (455, 551). Other element would receive the click: <div class="dialog-content" style="touch-action: none; overflow: hidden; width: 867px; height: 883px;">...</div>
  (Session info: chrome=66.0.3359.181)
  (Driver info: chromedriver=2.35.528161 (5b82f2d2aae0ca24b877009200ced9065a772e73),platform=Windows NT 10.0.17134 x86_64) (WARNING: The server did not provide any stacktrace information)
Command duration or timeout: 0 milliseconds
Build info: version: '3.7.1', revision: '8a0099a', time: '2017-11-06T21:07:36.161Z'
System info: host: 'DESKTOP-JVS3DPV', ip: '192.168.88.93', os.name: 'Windows 10', os.arch: 'amd64', os.version: '10.0', java.version: '1.8.0_102'
Driver info: com.kms.katalon.selenium.driver.CChromeDriver
Capabilities {acceptInsecureCerts: false, acceptSslCerts: false, applicationCacheEnabled: false, browserConnectionEnabled: false, browserName: chrome, chrome: {chromedriverVersion: 2.35.528161 (5b82f2d2aae0ca..., userDataDir: C:\Users\work1\AppData\Loca...}, cssSelectorsEnabled: true, databaseEnabled: false, handlesAlerts: true, hasTouchScreen: false, javascriptEnabled: true, locationContextEnabled: true, mobileEmulationEnabled: false, nativeEvents: true, networkConnectionEnabled: false, pageLoadStrategy: normal, platform: XP, platformName: XP, rotatable: false, setWindowRect: true, takesHeapSnapshot: true, takesScreenshot: true, unexpectedAlertBehaviour: , unhandledPromptBehavior: , version: 66.0.3359.181, webStorageEnabled: true}
Session ID: 307fc4cf4684bd1d235392b150dd0954)

2018-05-31 16:13:14 - [TEST_STEP][PASSED] - openBrowser: Browser is opened with url: ''

2018-05-31 16:13:17 - [MESSAGE][PASSED] - Browser is opened with url: ''

2018-05-31 16:13:17 - [TEST_STEP][PASSED] - deleteAllCookies: Delete all cookies successfully

2018-05-31 16:13:17 - [MESSAGE][PASSED] - Delete all cookies successfully

2018-05-31 16:13:17 - [TEST_STEP][PASSED] - navigateToUrl: Navigate to 'https://www.interrail.eu/' successfully

2018-05-31 16:13:18 - [MESSAGE][PASSED] - Navigate to 'https://www.interrail.eu/' successfully

2018-05-31 16:13:18 - [TEST_STEP][PASSED] - delay: Delayed 3 second(s)

2018-05-31 16:13:21 - [MESSAGE][PASSED] - Delayed 3 second(s)

2018-05-31 16:13:21 - [TEST_STEP][PASSED] - click: Object: 'Object Repository/IR/1st tst/i agree' is clicked on

2018-05-31 16:13:21 - [MESSAGE][PASSED] - Object: 'Object Repository/IR/1st tst/i agree' is clicked on

2018-05-31 16:13:21 - [TEST_STEP][FAILED] - click: Unable to click on object 'Object Repository/IR/1st tst/Cont' (Root cause: org.openqa.selenium.WebDriverException: unknown error: Element <span class="text has-translation" data-translates="{&quot;en&quot;:&quot;...&quot;,&quot;es&quot;:&quot;Continuar&quot;,&quot;fr&quot;:&quot;Continuer&quot;,&quot;de&quot;:&quot;Weiter&quot;,&quot;it&quot;:&quot;Continua&quot;,&quot;nl&quot;:&quot;Verder&quot;}">Continue</span> is not clickable at point (455, 551). Other element would receive the click: <div class="dialog-content" style="touch-action: none; overflow: hidden; width: 867px; height: 883px;">...</div>
  (Session info: chrome=66.0.3359.181)
  (Driver info: chromedriver=2.35.528161 (5b82f2d2aae0ca24b877009200ced9065a772e73),platform=Windows NT 10.0.17134 x86_64) (WARNING: The server did not provide any stacktrace information)
Command duration or timeout: 0 milliseconds
Build info: version: '3.7.1', revision: '8a0099a', time: '2017-11-06T21:07:36.161Z'
System info: host: 'DESKTOP-JVS3DPV', ip: '192.168.88.93', os.name: 'Windows 10', os.arch: 'amd64', os.version: '10.0', java.version: '1.8.0_102'
Driver info: com.kms.katalon.selenium.driver.CChromeDriver
Capabilities {acceptInsecureCerts: false, acceptSslCerts: false, applicationCacheEnabled: false, browserConnectionEnabled: false, browserName: chrome, chrome: {chromedriverVersion: 2.35.528161 (5b82f2d2aae0ca..., userDataDir: C:\Users\work1\AppData\Loca...}, cssSelectorsEnabled: true, databaseEnabled: false, handlesAlerts: true, hasTouchScreen: false, javascriptEnabled: true, locationContextEnabled: true, mobileEmulationEnabled: false, nativeEvents: true, networkConnectionEnabled: false, pageLoadStrategy: normal, platform: XP, platformName: XP, rotatable: false, setWindowRect: true, takesHeapSnapshot: true, takesScreenshot: true, unexpectedAlertBehaviour: , unhandledPromptBehavior: , version: 66.0.3359.181, webStorageEnabled: true}
Session ID: 307fc4cf4684bd1d235392b150dd0954)

2018-05-31 16:13:22 - [MESSAGE][FAILED] - Unable to click on object 'Object Repository/IR/1st tst/Cont' (Root cause: org.openqa.selenium.WebDriverException: unknown error: Element <span class="text has-translation" data-translates="{&quot;en&quot;:&quot;...&quot;,&quot;es&quot;:&quot;Continuar&quot;,&quot;fr&quot;:&quot;Continuer&quot;,&quot;de&quot;:&quot;Weiter&quot;,&quot;it&quot;:&quot;Continua&quot;,&quot;nl&quot;:&quot;Verder&quot;}">Continue</span> is not clickable at point (455, 551). Other element would receive the click: <div class="dialog-content" style="touch-action: none; overflow: hidden; width: 867px; height: 883px;">...</div>
  (Session info: chrome=66.0.3359.181)
  (Driver info: chromedriver=2.35.528161 (5b82f2d2aae0ca24b877009200ced9065a772e73),platform=Windows NT 10.0.17134 x86_64) (WARNING: The server did not provide any stacktrace information)
Command duration or timeout: 0 milliseconds
Build info: version: '3.7.1', revision: '8a0099a', time: '2017-11-06T21:07:36.161Z'
System info: host: 'DESKTOP-JVS3DPV', ip: '192.168.88.93', os.name: 'Windows 10', os.arch: 'amd64', os.version: '10.0', java.version: '1.8.0_102'
Driver info: com.kms.katalon.selenium.driver.CChromeDriver
Capabilities {acceptInsecureCerts: false, acceptSslCerts: false, applicationCacheEnabled: false, browserConnectionEnabled: false, browserName: chrome, chrome: {chromedriverVersion: 2.35.528161 (5b82f2d2aae0ca..., userDataDir: C:\Users\work1\AppData\Loca...}, cssSelectorsEnabled: true, databaseEnabled: false, handlesAlerts: true, hasTouchScreen: false, javascriptEnabled: true, locationContextEnabled: true, mobileEmulationEnabled: false, nativeEvents: true, networkConnectionEnabled: false, pageLoadStrategy: normal, platform: XP, platformName: XP, rotatable: false, setWindowRect: true, takesHeapSnapshot: true, takesScreenshot: true, unexpectedAlertBehaviour: , unhandledPromptBehavior: , version: 66.0.3359.181, webStorageEnabled: true}
Session ID: 307fc4cf4684bd1d235392b150dd0954)
[[ATTACHMENT|C:\\Users\\work1\\Katalon Studio\\Tst\\Reports\\New Test Suite\\20180531_161311\\1527772401841.png]]]]></system-out>
         <system-err><![CDATA[2018-05-31 16:13:13 - [TEST_CASE][FAILED] - Test Cases/Checkout (Live, IR): Test Cases/Checkout (Live, IR) FAILED because (of) Unable to click on object 'Object Repository/IR/1st tst/Cont' (Root cause: org.openqa.selenium.WebDriverException: unknown error: Element <span class="text has-translation" data-translates="{&quot;en&quot;:&quot;...&quot;,&quot;es&quot;:&quot;Continuar&quot;,&quot;fr&quot;:&quot;Continuer&quot;,&quot;de&quot;:&quot;Weiter&quot;,&quot;it&quot;:&quot;Continua&quot;,&quot;nl&quot;:&quot;Verder&quot;}">Continue</span> is not clickable at point (455, 551). Other element would receive the click: <div class="dialog-content" style="touch-action: none; overflow: hidden; width: 867px; height: 883px;">...</div>
  (Session info: chrome=66.0.3359.181)
  (Driver info: chromedriver=2.35.528161 (5b82f2d2aae0ca24b877009200ced9065a772e73),platform=Windows NT 10.0.17134 x86_64) (WARNING: The server did not provide any stacktrace information)
Command duration or timeout: 0 milliseconds
Build info: version: '3.7.1', revision: '8a0099a', time: '2017-11-06T21:07:36.161Z'
System info: host: 'DESKTOP-JVS3DPV', ip: '192.168.88.93', os.name: 'Windows 10', os.arch: 'amd64', os.version: '10.0', java.version: '1.8.0_102'
Driver info: com.kms.katalon.selenium.driver.CChromeDriver
Capabilities {acceptInsecureCerts: false, acceptSslCerts: false, applicationCacheEnabled: false, browserConnectionEnabled: false, browserName: chrome, chrome: {chromedriverVersion: 2.35.528161 (5b82f2d2aae0ca..., userDataDir: C:\Users\work1\AppData\Loca...}, cssSelectorsEnabled: true, databaseEnabled: false, handlesAlerts: true, hasTouchScreen: false, javascriptEnabled: true, locationContextEnabled: true, mobileEmulationEnabled: false, nativeEvents: true, networkConnectionEnabled: false, pageLoadStrategy: normal, platform: XP, platformName: XP, rotatable: false, setWindowRect: true, takesHeapSnapshot: true, takesScreenshot: true, unexpectedAlertBehaviour: , unhandledPromptBehavior: , version: 66.0.3359.181, webStorageEnabled: true}
Session ID: 307fc4cf4684bd1d235392b150dd0954)]]></system-err>
      </testcase>
      <testcase name="Test Cases/Basket (Live, IR)" classname="Test Cases/Basket (Live, IR)" status="FAILED">
         <failure type="FAILED" message="Unable to click on object 'Object Repository/Page_Summer in Europe  Interrail.eu/a_5. Capri Italy' (Root cause: org.openqa.selenium.NoSuchWindowException: no such window: target window already closed
from unknown error: web view not found
  (Session info: chrome=66.0.3359.181)
  (Driver info: chromedriver=2.35.528161 (5b82f2d2aae0ca24b877009200ced9065a772e73),platform=Windows NT 10.0.17134 x86_64) (WARNING: The server did not provide any stacktrace information)
Command duration or timeout: 0 milliseconds
Build info: version: '3.7.1', revision: '8a0099a', time: '2017-11-06T21:07:36.161Z'
System info: host: 'DESKTOP-JVS3DPV', ip: '192.168.88.93', os.name: 'Windows 10', os.arch: 'amd64', os.version: '10.0', java.version: '1.8.0_102'
Driver info: com.kms.katalon.selenium.driver.CChromeDriver
Capabilities {acceptInsecureCerts: false, acceptSslCerts: false, applicationCacheEnabled: false, browserConnectionEnabled: false, browserName: chrome, chrome: {chromedriverVersion: 2.35.528161 (5b82f2d2aae0ca..., userDataDir: C:\Users\work1\AppData\Loca...}, cssSelectorsEnabled: true, databaseEnabled: false, handlesAlerts: true, hasTouchScreen: false, javascriptEnabled: true, locationContextEnabled: true, mobileEmulationEnabled: false, nativeEvents: true, networkConnectionEnabled: false, pageLoadStrategy: normal, platform: XP, platformName: XP, rotatable: false, setWindowRect: true, takesHeapSnapshot: true, takesScreenshot: true, unexpectedAlertBehaviour: , unhandledPromptBehavior: , version: 66.0.3359.181, webStorageEnabled: true}
Session ID: bce357244f256d08ae1383725c01864e
*** Element info: {Using=xpath, value=//a[@href = '#italy' and (text() = '5. Capri, Italy' or . = '5. Capri, Italy')]})"/>
         <system-out><![CDATA[2018-05-31 16:13:22 - [TEST_CASE][FAILED] - Test Cases/Basket (Live, IR): Test Cases/Basket (Live, IR) FAILED because (of) Unable to click on object 'Object Repository/Page_Summer in Europe  Interrail.eu/a_5. Capri Italy' (Root cause: org.openqa.selenium.NoSuchWindowException: no such window: target window already closed
from unknown error: web view not found
  (Session info: chrome=66.0.3359.181)
  (Driver info: chromedriver=2.35.528161 (5b82f2d2aae0ca24b877009200ced9065a772e73),platform=Windows NT 10.0.17134 x86_64) (WARNING: The server did not provide any stacktrace information)
Command duration or timeout: 0 milliseconds
Build info: version: '3.7.1', revision: '8a0099a', time: '2017-11-06T21:07:36.161Z'
System info: host: 'DESKTOP-JVS3DPV', ip: '192.168.88.93', os.name: 'Windows 10', os.arch: 'amd64', os.version: '10.0', java.version: '1.8.0_102'
Driver info: com.kms.katalon.selenium.driver.CChromeDriver
Capabilities {acceptInsecureCerts: false, acceptSslCerts: false, applicationCacheEnabled: false, browserConnectionEnabled: false, browserName: chrome, chrome: {chromedriverVersion: 2.35.528161 (5b82f2d2aae0ca..., userDataDir: C:\Users\work1\AppData\Loca...}, cssSelectorsEnabled: true, databaseEnabled: false, handlesAlerts: true, hasTouchScreen: false, javascriptEnabled: true, locationContextEnabled: true, mobileEmulationEnabled: false, nativeEvents: true, networkConnectionEnabled: false, pageLoadStrategy: normal, platform: XP, platformName: XP, rotatable: false, setWindowRect: true, takesHeapSnapshot: true, takesScreenshot: true, unexpectedAlertBehaviour: , unhandledPromptBehavior: , version: 66.0.3359.181, webStorageEnabled: true}
Session ID: bce357244f256d08ae1383725c01864e
*** Element info: {Using=xpath, value=//a[@href = '#italy' and (text() = '5. Capri, Italy' or . = '5. Capri, Italy')]})

2018-05-31 16:13:22 - [TEST_STEP][PASSED] - openBrowser: Browser is opened with url: ''

2018-05-31 16:13:22 - [MESSAGE][WARNING] - A browser is already opened. Closing browser and opening a new one

2018-05-31 16:13:25 - [MESSAGE][PASSED] - Browser is opened with url: ''

2018-05-31 16:13:25 - [TEST_STEP][PASSED] - deleteAllCookies: Delete all cookies successfully

2018-05-31 16:13:25 - [MESSAGE][PASSED] - Delete all cookies successfully

2018-05-31 16:13:25 - [TEST_STEP][PASSED] - navigateToUrl: Navigate to 'https://www.interrail.eu/' successfully

2018-05-31 16:13:26 - [MESSAGE][PASSED] - Navigate to 'https://www.interrail.eu/' successfully

2018-05-31 16:13:26 - [TEST_STEP][PASSED] - maximizeWindow: Current window maximized

2018-05-31 16:13:27 - [MESSAGE][PASSED] - Current window maximized

2018-05-31 16:13:27 - [TEST_STEP][PASSED] - click: Object: 'Object Repository/IR/1st tst/i agree' is clicked on

2018-05-31 16:13:28 - [MESSAGE][PASSED] - Object: 'Object Repository/IR/1st tst/i agree' is clicked on

2018-05-31 16:13:28 - [TEST_STEP][PASSED] - click: Object: 'Object Repository/IR/1st tst/Cont' is clicked on

2018-05-31 16:13:30 - [MESSAGE][PASSED] - Object: 'Object Repository/IR/1st tst/Cont' is clicked on

2018-05-31 16:13:30 - [TEST_STEP][PASSED] - verifyElementText: Actual text and expected text of test object 'Object Repository/Counter/Passes counter' are matched.

2018-05-31 16:13:30 - [MESSAGE][PASSED] - Actual text and expected text of test object 'Object Repository/Counter/Passes counter' are matched.

2018-05-31 16:13:30 - [TEST_STEP][PASSED] - click: Object: 'Object Repository/Page_Be free to explore Europe by r/a_Go for sunshine' is clicked on

2018-05-31 16:13:32 - [MESSAGE][PASSED] - Object: 'Object Repository/Page_Be free to explore Europe by r/a_Go for sunshine' is clicked on

2018-05-31 16:13:32 - [TEST_STEP][FAILED] - click: Unable to click on object 'Object Repository/Page_Summer in Europe  Interrail.eu/a_5. Capri Italy' (Root cause: org.openqa.selenium.NoSuchWindowException: no such window: target window already closed
from unknown error: web view not found
  (Session info: chrome=66.0.3359.181)
  (Driver info: chromedriver=2.35.528161 (5b82f2d2aae0ca24b877009200ced9065a772e73),platform=Windows NT 10.0.17134 x86_64) (WARNING: The server did not provide any stacktrace information)
Command duration or timeout: 0 milliseconds
Build info: version: '3.7.1', revision: '8a0099a', time: '2017-11-06T21:07:36.161Z'
System info: host: 'DESKTOP-JVS3DPV', ip: '192.168.88.93', os.name: 'Windows 10', os.arch: 'amd64', os.version: '10.0', java.version: '1.8.0_102'
Driver info: com.kms.katalon.selenium.driver.CChromeDriver
Capabilities {acceptInsecureCerts: false, acceptSslCerts: false, applicationCacheEnabled: false, browserConnectionEnabled: false, browserName: chrome, chrome: {chromedriverVersion: 2.35.528161 (5b82f2d2aae0ca..., userDataDir: C:\Users\work1\AppData\Loca...}, cssSelectorsEnabled: true, databaseEnabled: false, handlesAlerts: true, hasTouchScreen: false, javascriptEnabled: true, locationContextEnabled: true, mobileEmulationEnabled: false, nativeEvents: true, networkConnectionEnabled: false, pageLoadStrategy: normal, platform: XP, platformName: XP, rotatable: false, setWindowRect: true, takesHeapSnapshot: true, takesScreenshot: true, unexpectedAlertBehaviour: , unhandledPromptBehavior: , version: 66.0.3359.181, webStorageEnabled: true}
Session ID: bce357244f256d08ae1383725c01864e
*** Element info: {Using=xpath, value=//a[@href = '#italy' and (text() = '5. Capri, Italy' or . = '5. Capri, Italy')]})

2018-05-31 16:13:32 - [MESSAGE][WARNING] - Cannot take screenshot

2018-05-31 16:13:32 - [MESSAGE][FAILED] - Unable to click on object 'Object Repository/Page_Summer in Europe  Interrail.eu/a_5. Capri Italy' (Root cause: org.openqa.selenium.NoSuchWindowException: no such window: target window already closed
from unknown error: web view not found
  (Session info: chrome=66.0.3359.181)
  (Driver info: chromedriver=2.35.528161 (5b82f2d2aae0ca24b877009200ced9065a772e73),platform=Windows NT 10.0.17134 x86_64) (WARNING: The server did not provide any stacktrace information)
Command duration or timeout: 0 milliseconds
Build info: version: '3.7.1', revision: '8a0099a', time: '2017-11-06T21:07:36.161Z'
System info: host: 'DESKTOP-JVS3DPV', ip: '192.168.88.93', os.name: 'Windows 10', os.arch: 'amd64', os.version: '10.0', java.version: '1.8.0_102'
Driver info: com.kms.katalon.selenium.driver.CChromeDriver
Capabilities {acceptInsecureCerts: false, acceptSslCerts: false, applicationCacheEnabled: false, browserConnectionEnabled: false, browserName: chrome, chrome: {chromedriverVersion: 2.35.528161 (5b82f2d2aae0ca..., userDataDir: C:\Users\work1\AppData\Loca...}, cssSelectorsEnabled: true, databaseEnabled: false, handlesAlerts: true, hasTouchScreen: false, javascriptEnabled: true, locationContextEnabled: true, mobileEmulationEnabled: false, nativeEvents: true, networkConnectionEnabled: false, pageLoadStrategy: normal, platform: XP, platformName: XP, rotatable: false, setWindowRect: true, takesHeapSnapshot: true, takesScreenshot: true, unexpectedAlertBehaviour: , unhandledPromptBehavior: , version: 66.0.3359.181, webStorageEnabled: true}
Session ID: bce357244f256d08ae1383725c01864e
*** Element info: {Using=xpath, value=//a[@href = '#italy' and (text() = '5. Capri, Italy' or . = '5. Capri, Italy')]})]]></system-out>
         <system-err><![CDATA[2018-05-31 16:13:22 - [TEST_CASE][FAILED] - Test Cases/Basket (Live, IR): Test Cases/Basket (Live, IR) FAILED because (of) Unable to click on object 'Object Repository/Page_Summer in Europe  Interrail.eu/a_5. Capri Italy' (Root cause: org.openqa.selenium.NoSuchWindowException: no such window: target window already closed
from unknown error: web view not found
  (Session info: chrome=66.0.3359.181)
  (Driver info: chromedriver=2.35.528161 (5b82f2d2aae0ca24b877009200ced9065a772e73),platform=Windows NT 10.0.17134 x86_64) (WARNING: The server did not provide any stacktrace information)
Command duration or timeout: 0 milliseconds
Build info: version: '3.7.1', revision: '8a0099a', time: '2017-11-06T21:07:36.161Z'
System info: host: 'DESKTOP-JVS3DPV', ip: '192.168.88.93', os.name: 'Windows 10', os.arch: 'amd64', os.version: '10.0', java.version: '1.8.0_102'
Driver info: com.kms.katalon.selenium.driver.CChromeDriver
Capabilities {acceptInsecureCerts: false, acceptSslCerts: false, applicationCacheEnabled: false, browserConnectionEnabled: false, browserName: chrome, chrome: {chromedriverVersion: 2.35.528161 (5b82f2d2aae0ca..., userDataDir: C:\Users\work1\AppData\Loca...}, cssSelectorsEnabled: true, databaseEnabled: false, handlesAlerts: true, hasTouchScreen: false, javascriptEnabled: true, locationContextEnabled: true, mobileEmulationEnabled: false, nativeEvents: true, networkConnectionEnabled: false, pageLoadStrategy: normal, platform: XP, platformName: XP, rotatable: false, setWindowRect: true, takesHeapSnapshot: true, takesScreenshot: true, unexpectedAlertBehaviour: , unhandledPromptBehavior: , version: 66.0.3359.181, webStorageEnabled: true}
Session ID: bce357244f256d08ae1383725c01864e
*** Element info: {Using=xpath, value=//a[@href = '#italy' and (text() = '5. Capri, Italy' or . = '5. Capri, Italy')]})]]></system-err>
      </testcase>
      <system-out><![CDATA[2018-05-31 16:13:13 - [TEST_SUITE][FAILED] - New Test Suite: Test Cases/Checkout (Live, IR) FAILED because (of) Unable to click on object 'Object Repository/IR/1st tst/Cont' (Root cause: org.openqa.selenium.WebDriverException: unknown error: Element <span class="text has-translation" data-translates="{&quot;en&quot;:&quot;...&quot;,&quot;es&quot;:&quot;Continuar&quot;,&quot;fr&quot;:&quot;Continuer&quot;,&quot;de&quot;:&quot;Weiter&quot;,&quot;it&quot;:&quot;Continua&quot;,&quot;nl&quot;:&quot;Verder&quot;}">Continue</span> is not clickable at point (455, 551). Other element would receive the click: <div class="dialog-content" style="touch-action: none; overflow: hidden; width: 867px; height: 883px;">...</div>
  (Session info: chrome=66.0.3359.181)
  (Driver info: chromedriver=2.35.528161 (5b82f2d2aae0ca24b877009200ced9065a772e73),platform=Windows NT 10.0.17134 x86_64) (WARNING: The server did not provide any stacktrace information)
Command duration or timeout: 0 milliseconds
Build info: version: '3.7.1', revision: '8a0099a', time: '2017-11-06T21:07:36.161Z'
System info: host: 'DESKTOP-JVS3DPV', ip: '192.168.88.93', os.name: 'Windows 10', os.arch: 'amd64', os.version: '10.0', java.version: '1.8.0_102'
Driver info: com.kms.katalon.selenium.driver.CChromeDriver
Capabilities {acceptInsecureCerts: false, acceptSslCerts: false, applicationCacheEnabled: false, browserConnectionEnabled: false, browserName: chrome, chrome: {chromedriverVersion: 2.35.528161 (5b82f2d2aae0ca..., userDataDir: C:\Users\work1\AppData\Loca...}, cssSelectorsEnabled: true, databaseEnabled: false, handlesAlerts: true, hasTouchScreen: false, javascriptEnabled: true, locationContextEnabled: true, mobileEmulationEnabled: false, nativeEvents: true, networkConnectionEnabled: false, pageLoadStrategy: normal, platform: XP, platformName: XP, rotatable: false, setWindowRect: true, takesHeapSnapshot: true, takesScreenshot: true, unexpectedAlertBehaviour: , unhandledPromptBehavior: , version: 66.0.3359.181, webStorageEnabled: true}
Session ID: 307fc4cf4684bd1d235392b150dd0954)]]></system-out>
      <system-err><![CDATA[2018-05-31 16:13:13 - [TEST_SUITE][FAILED] - New Test Suite: Test Cases/Checkout (Live, IR) FAILED because (of) Unable to click on object 'Object Repository/IR/1st tst/Cont' (Root cause: org.openqa.selenium.WebDriverException: unknown error: Element <span class="text has-translation" data-translates="{&quot;en&quot;:&quot;...&quot;,&quot;es&quot;:&quot;Continuar&quot;,&quot;fr&quot;:&quot;Continuer&quot;,&quot;de&quot;:&quot;Weiter&quot;,&quot;it&quot;:&quot;Continua&quot;,&quot;nl&quot;:&quot;Verder&quot;}">Continue</span> is not clickable at point (455, 551). Other element would receive the click: <div class="dialog-content" style="touch-action: none; overflow: hidden; width: 867px; height: 883px;">...</div>
  (Session info: chrome=66.0.3359.181)
  (Driver info: chromedriver=2.35.528161 (5b82f2d2aae0ca24b877009200ced9065a772e73),platform=Windows NT 10.0.17134 x86_64) (WARNING: The server did not provide any stacktrace information)
Command duration or timeout: 0 milliseconds
Build info: version: '3.7.1', revision: '8a0099a', time: '2017-11-06T21:07:36.161Z'
System info: host: 'DESKTOP-JVS3DPV', ip: '192.168.88.93', os.name: 'Windows 10', os.arch: 'amd64', os.version: '10.0', java.version: '1.8.0_102'
Driver info: com.kms.katalon.selenium.driver.CChromeDriver
Capabilities {acceptInsecureCerts: false, acceptSslCerts: false, applicationCacheEnabled: false, browserConnectionEnabled: false, browserName: chrome, chrome: {chromedriverVersion: 2.35.528161 (5b82f2d2aae0ca..., userDataDir: C:\Users\work1\AppData\Loca...}, cssSelectorsEnabled: true, databaseEnabled: false, handlesAlerts: true, hasTouchScreen: false, javascriptEnabled: true, locationContextEnabled: true, mobileEmulationEnabled: false, nativeEvents: true, networkConnectionEnabled: false, pageLoadStrategy: normal, platform: XP, platformName: XP, rotatable: false, setWindowRect: true, takesHeapSnapshot: true, takesScreenshot: true, unexpectedAlertBehaviour: , unhandledPromptBehavior: , version: 66.0.3359.181, webStorageEnabled: true}
Session ID: 307fc4cf4684bd1d235392b150dd0954)]]></system-err>
   </testsuite>
</testsuites>
