{"devicePlatform":"","logFolder":"C:\\Users\\work1\\Katalon Studio\\Tst\\Reports\\New Test Suite\\20180525_172047","runData":{"hostName":"work1 - 192.168.88.93","hostAddress":"192.168.88.93","os":"Windows 10 64bit","katalonVersion":"5.4.1.1"},"type":"TEST_SUITE","name":"New Test Suite","id":"Test Suites/New Test Suite","source":"","message":"Test Cases/Checkout (Live, IR) FAILED because (of) Unable to open browser with url: \u0027\u0027 (Root cause: org.openqa.selenium.SessionNotCreatedException: session not created exception\nfrom disconnected: received Inspector.detached event\n  (Session info: chrome\u003d66.0.3359.181)\n  (Driver info: chromedriver\u003d2.35.528161 (5b82f2d2aae0ca24b877009200ced9065a772e73),platform\u003dWindows NT 10.0.17134 x86_64) (WARNING: The server did not provide any stacktrace information)\nCommand duration or timeout: 1.61 seconds\nBuild info: version: \u00273.7.1\u0027, revision: \u00278a0099a\u0027, time: \u00272017-11-06T21:07:36.161Z\u0027\nSystem info: host: \u0027DESKTOP-JVS3DPV\u0027, ip: \u0027192.168.88.93\u0027, os.name: \u0027Windows 10\u0027, os.arch: \u0027amd64\u0027, os.version: \u002710.0\u0027, java.version: \u00271.8.0_102\u0027\nDriver info: driver.version: CChromeDriver)","description":"","startTime":1527258048749,"endTime":1527258052138,"childRecords":[{"isOptional":false,"type":"TEST_CASE","name":"Test Cases/Checkout (Live, IR)","id":"Test Cases/Checkout (Live, IR)","source":"C:\\\\Users\\\\work1\\\\Katalon Studio\\\\Tst\\\\Test Cases\\\\Checkout (Live, IR).tc","message":"Test Cases/Checkout (Live, IR) FAILED because (of) Unable to open browser with url: \u0027\u0027 (Root cause: org.openqa.selenium.SessionNotCreatedException: session not created exception\nfrom disconnected: received Inspector.detached event\n  (Session info: chrome\u003d66.0.3359.181)\n  (Driver info: chromedriver\u003d2.35.528161 (5b82f2d2aae0ca24b877009200ced9065a772e73),platform\u003dWindows NT 10.0.17134 x86_64) (WARNING: The server did not provide any stacktrace information)\nCommand duration or timeout: 1.61 seconds\nBuild info: version: \u00273.7.1\u0027, revision: \u00278a0099a\u0027, time: \u00272017-11-06T21:07:36.161Z\u0027\nSystem info: host: \u0027DESKTOP-JVS3DPV\u0027, ip: \u0027192.168.88.93\u0027, os.name: \u0027Windows 10\u0027, os.arch: \u0027amd64\u0027, os.version: \u002710.0\u0027, java.version: \u00271.8.0_102\u0027\nDriver info: driver.version: CChromeDriver)","description":"","startTime":1527258049033,"endTime":1527258052117,"childRecords":[{"testStatus":{"stackTrace":"","statusValue":"INFO"},"type":"MESSAGE","name":"","message":"Evaluating variables for test case","startTime":1527258049061,"endTime":0,"childRecords":[],"interuppted":false},{"index":1,"isIgnoredIfFailed":false,"type":"TEST_STEP","name":"openBrowser","message":"Unable to open browser with url: \u0027\u0027 (Root cause: org.openqa.selenium.SessionNotCreatedException: session not created exception\nfrom disconnected: received Inspector.detached event\n  (Session info: chrome\u003d66.0.3359.181)\n  (Driver info: chromedriver\u003d2.35.528161 (5b82f2d2aae0ca24b877009200ced9065a772e73),platform\u003dWindows NT 10.0.17134 x86_64) (WARNING: The server did not provide any stacktrace information)\nCommand duration or timeout: 1.61 seconds\nBuild info: version: \u00273.7.1\u0027, revision: \u00278a0099a\u0027, time: \u00272017-11-06T21:07:36.161Z\u0027\nSystem info: host: \u0027DESKTOP-JVS3DPV\u0027, ip: \u0027192.168.88.93\u0027, os.name: \u0027Windows 10\u0027, os.arch: \u0027amd64\u0027, os.version: \u002710.0\u0027, java.version: \u00271.8.0_102\u0027\nDriver info: driver.version: CChromeDriver)","description":"","startTime":1527258049334,"endTime":1527258052113,"childRecords":[{"testStatus":{"stackTrace":"","statusValue":"FAILED"},"type":"MESSAGE","name":"","message":"Unable to open browser with url: \u0027\u0027 (Root cause: org.openqa.selenium.SessionNotCreatedException: session not created exception\nfrom disconnected: received Inspector.detached event\n  (Session info: chrome\u003d66.0.3359.181)\n  (Driver info: chromedriver\u003d2.35.528161 (5b82f2d2aae0ca24b877009200ced9065a772e73),platform\u003dWindows NT 10.0.17134 x86_64) (WARNING: The server did not provide any stacktrace information)\nCommand duration or timeout: 1.61 seconds\nBuild info: version: \u00273.7.1\u0027, revision: \u00278a0099a\u0027, time: \u00272017-11-06T21:07:36.161Z\u0027\nSystem info: host: \u0027DESKTOP-JVS3DPV\u0027, ip: \u0027192.168.88.93\u0027, os.name: \u0027Windows 10\u0027, os.arch: \u0027amd64\u0027, os.version: \u002710.0\u0027, java.version: \u00271.8.0_102\u0027\nDriver info: driver.version: CChromeDriver)","startTime":1527258052112,"endTime":0,"childRecords":[],"interuppted":false}],"interuppted":false},{"testStatus":{"stackTrace":"","statusValue":"FAILED"},"type":"MESSAGE","name":"","message":"Test Cases/Checkout (Live, IR) FAILED because (of) Unable to open browser with url: \u0027\u0027 (Root cause: org.openqa.selenium.SessionNotCreatedException: session not created exception\nfrom disconnected: received Inspector.detached event\n  (Session info: chrome\u003d66.0.3359.181)\n  (Driver info: chromedriver\u003d2.35.528161 (5b82f2d2aae0ca24b877009200ced9065a772e73),platform\u003dWindows NT 10.0.17134 x86_64) (WARNING: The server did not provide any stacktrace information)\nCommand duration or timeout: 1.61 seconds\nBuild info: version: \u00273.7.1\u0027, revision: \u00278a0099a\u0027, time: \u00272017-11-06T21:07:36.161Z\u0027\nSystem info: host: \u0027DESKTOP-JVS3DPV\u0027, ip: \u0027192.168.88.93\u0027, os.name: \u0027Windows 10\u0027, os.arch: \u0027amd64\u0027, os.version: \u002710.0\u0027, java.version: \u00271.8.0_102\u0027\nDriver info: driver.version: CChromeDriver)","startTime":1527258052114,"endTime":0,"childRecords":[],"interuppted":false}],"interuppted":false}],"interuppted":false}