<?xml version="1.0" encoding="UTF-8"?>
<testsuites name="New Test Suite" time="99" tests="1" failures="1" errors="0">
   <testsuite name="New Test Suite" tests="1" failures="1" errors="0" time="99" timestamp="2018-05-31 15:41:34" hostname="DESKTOP-JVS3DPV$ - 192.168.88.93" id="Test Suites/New Test Suite">
      <properties>
         <property name="deviceName" value=""/>
         <property name="devicePlatform" value=""/>
         <property name="logFolder" value="C:\\Users\\work1\\Katalon Studio\\Tst\\Reports\\New Test Suite\\20180531_154132"/>
         <property name="logFiles" value="C:\\Users\\work1\\Katalon Studio\\Tst\\Reports\\New Test Suite\\20180531_154132\\execution0.log"/>
         <property name="attachments" value="C:\\Users\\work1\\Katalon Studio\\Tst\\Reports\\New Test Suite\\20180531_154132\\1527770574070.png"/>
         <property name="hostName" value="DESKTOP-JVS3DPV$ - 192.168.88.93"/>
         <property name="os" value="Windows 10 64bit"/>
         <property name="katalonVersion" value="5.4.2.1"/>
         <property name="browser" value="Firefox 60.0"/>
         <property name="hostAddress" value="192.168.88.93"/>
         <property name="sessionId" value="6445240f-487a-454b-86ab-f8f2b4df6b68"/>
         <property name="seleniumVersion" value="3.7.1"/>
         <property name="proxyInformation" value="ProxyInformation{proxyOption=NO_PROXY, proxyServerType=HTTP, password=, proxyServerAddress=, proxyServerPort=0}"/>
         <property name="platform" value="Windows 10"/>
      </properties>
      <testcase name="Test Cases/Checkout (Live, IR)" classname="Test Cases/Checkout (Live, IR)" status="PASSED">
         <system-out><![CDATA[2018-05-31 15:41:34 - [TEST_CASE][PASSED] - Test Cases/Checkout (Live, IR): Test Cases/Checkout (Live, IR)

2018-05-31 15:41:35 - [TEST_STEP][PASSED] - openBrowser: Browser is opened with url: ''

2018-05-31 15:41:40 - [MESSAGE][PASSED] - Browser is opened with url: ''

2018-05-31 15:41:40 - [TEST_STEP][PASSED] - deleteAllCookies: Delete all cookies successfully

2018-05-31 15:41:40 - [MESSAGE][PASSED] - Delete all cookies successfully

2018-05-31 15:41:40 - [TEST_STEP][PASSED] - navigateToUrl: Navigate to 'https://www.interrail.eu/' successfully

2018-05-31 15:41:42 - [MESSAGE][PASSED] - Navigate to 'https://www.interrail.eu/' successfully

2018-05-31 15:41:42 - [TEST_STEP][PASSED] - maximizeWindow: Current window maximized

2018-05-31 15:41:45 - [MESSAGE][PASSED] - Current window maximized

2018-05-31 15:41:45 - [TEST_STEP][PASSED] - click: Object: 'Object Repository/IR/1st tst/i agree' is clicked on

2018-05-31 15:41:46 - [MESSAGE][PASSED] - Object: 'Object Repository/IR/1st tst/i agree' is clicked on

2018-05-31 15:41:46 - [TEST_STEP][PASSED] - click: Object: 'Object Repository/IR/1st tst/Cont' is clicked on

2018-05-31 15:41:49 - [MESSAGE][PASSED] - Object: 'Object Repository/IR/1st tst/Cont' is clicked on

2018-05-31 15:41:49 - [TEST_STEP][PASSED] - focus: Object: 'Object Repository/IR/1st tst/passes btn in menu' is focused

2018-05-31 15:41:49 - [MESSAGE][PASSED] - Object: 'Object Repository/IR/1st tst/passes btn in menu' is focused

2018-05-31 15:41:49 - [TEST_STEP][PASSED] - waitForElementVisible: Object 'Object Repository/IR/1st tst/Glbl pass btn in submenu' is visible

2018-05-31 15:41:49 - [MESSAGE][WARNING] - Timeout '0' is invalid. Using default page load timeout: '15'

2018-05-31 15:41:49 - [MESSAGE][PASSED] - Object 'Object Repository/IR/1st tst/Glbl pass btn in submenu' is visible

2018-05-31 15:41:49 - [TEST_STEP][PASSED] - click: Object: 'Object Repository/IR/1st tst/Glbl pass btn in submenu' is clicked on

2018-05-31 15:41:52 - [MESSAGE][PASSED] - Object: 'Object Repository/IR/1st tst/Glbl pass btn in submenu' is clicked on

2018-05-31 15:41:52 - [TEST_STEP][PASSED] - click: Object: 'Object Repository/IR/1st tst/add to cart' is clicked on

2018-05-31 15:41:53 - [MESSAGE][PASSED] - Object: 'Object Repository/IR/1st tst/add to cart' is clicked on

2018-05-31 15:41:53 - [TEST_STEP][PASSED] - waitForElementVisible: Object 'Object Repository/IR/1st tst/go to checkout' is visible

2018-05-31 15:41:53 - [MESSAGE][WARNING] - Timeout '0' is invalid. Using default page load timeout: '15'

2018-05-31 15:41:54 - [MESSAGE][PASSED] - Object 'Object Repository/IR/1st tst/go to checkout' is visible

2018-05-31 15:41:54 - [TEST_STEP][PASSED] - focus: Object: 'Object Repository/IR/1st tst/go to checkout' is focused

2018-05-31 15:41:54 - [MESSAGE][PASSED] - Object: 'Object Repository/IR/1st tst/go to checkout' is focused

2018-05-31 15:41:54 - [TEST_STEP][PASSED] - click: Object: 'Object Repository/IR/1st tst/go to checkout' is clicked on

2018-05-31 15:41:57 - [MESSAGE][PASSED] - Object: 'Object Repository/IR/1st tst/go to checkout' is clicked on

2018-05-31 15:41:57 - [TEST_STEP][PASSED] - waitForPageLoad: Wait for page load successfully

2018-05-31 15:41:57 - [MESSAGE][WARNING] - Timeout '0' is invalid. Using default page load timeout: '15'

2018-05-31 15:41:57 - [MESSAGE][PASSED] - Wait for page load successfully

2018-05-31 15:41:57 - [TEST_STEP][PASSED] - click: Object: 'Object Repository/IR/1st tst/pass prot' is clicked on

2018-05-31 15:41:57 - [MESSAGE][PASSED] - Object: 'Object Repository/IR/1st tst/pass prot' is clicked on

2018-05-31 15:41:57 - [TEST_STEP][PASSED] - scrollToElement: Scroll to object 'Object Repository/IR/1st tst/sipping count drop down' successfully

2018-05-31 15:41:57 - [MESSAGE][WARNING] - Timeout '0' is invalid. Using default page load timeout: '15'

2018-05-31 15:41:58 - [MESSAGE][PASSED] - Scroll to object 'Object Repository/IR/1st tst/sipping count drop down' successfully

2018-05-31 15:41:58 - [TEST_STEP][PASSED] - delay: Delayed 1 second(s)

2018-05-31 15:41:59 - [MESSAGE][PASSED] - Delayed 1 second(s)

2018-05-31 15:41:59 - [TEST_STEP][PASSED] - click: Object: 'Object Repository/IR/1st tst/Croatha' is clicked on

2018-05-31 15:41:59 - [MESSAGE][PASSED] - Object: 'Object Repository/IR/1st tst/Croatha' is clicked on

2018-05-31 15:41:59 - [TEST_STEP][PASSED] - delay: Delayed 3 second(s)

2018-05-31 15:42:02 - [MESSAGE][PASSED] - Delayed 3 second(s)

2018-05-31 15:42:02 - [TEST_STEP][PASSED] - click: Object: 'Object Repository/IR/1st tst/Proceed' is clicked on

2018-05-31 15:42:06 - [MESSAGE][PASSED] - Object: 'Object Repository/IR/1st tst/Proceed' is clicked on

2018-05-31 15:42:06 - [TEST_STEP][PASSED] - refresh: Refresh successfully

2018-05-31 15:42:08 - [MESSAGE][PASSED] - Refresh successfully

2018-05-31 15:42:08 - [TEST_STEP][PASSED] - delay: Delayed 2 second(s)

2018-05-31 15:42:10 - [MESSAGE][PASSED] - Delayed 2 second(s)

2018-05-31 15:42:10 - [TEST_STEP][PASSED] - refresh: Refresh successfully

2018-05-31 15:42:13 - [MESSAGE][PASSED] - Refresh successfully

2018-05-31 15:42:13 - [TEST_STEP][PASSED] - waitForElementVisible: Object 'Object Repository/IR/1st tst/Guest proceed' is visible

2018-05-31 15:42:13 - [MESSAGE][WARNING] - Timeout '0' is invalid. Using default page load timeout: '15'

2018-05-31 15:42:13 - [MESSAGE][PASSED] - Object 'Object Repository/IR/1st tst/Guest proceed' is visible

2018-05-31 15:42:13 - [TEST_STEP][PASSED] - click: Object: 'Object Repository/IR/1st tst/Guest proceed' is clicked on

2018-05-31 15:42:16 - [MESSAGE][PASSED] - Object: 'Object Repository/IR/1st tst/Guest proceed' is clicked on

2018-05-31 15:42:16 - [TEST_STEP][PASSED] - waitForPageLoad: Wait for page load successfully

2018-05-31 15:42:16 - [MESSAGE][WARNING] - Timeout '0' is invalid. Using default page load timeout: '15'

2018-05-31 15:42:16 - [MESSAGE][PASSED] - Wait for page load successfully

2018-05-31 15:42:16 - [TEST_STEP][PASSED] - delay: Delayed 1 second(s)

2018-05-31 15:42:17 - [MESSAGE][PASSED] - Delayed 1 second(s)

2018-05-31 15:42:17 - [TEST_STEP][PASSED] - click: Object: 'Object Repository/IR/1st tst/date_add' is clicked on

2018-05-31 15:42:17 - [MESSAGE][PASSED] - Object: 'Object Repository/IR/1st tst/date_add' is clicked on

2018-05-31 15:42:17 - [TEST_STEP][PASSED] - click: Object: 'Object Repository/IR/1st tst/date' is clicked on

2018-05-31 15:42:18 - [MESSAGE][PASSED] - Object: 'Object Repository/IR/1st tst/date' is clicked on

2018-05-31 15:42:18 - [TEST_STEP][PASSED] - setText: Text 'qqq' is set on object 'Object Repository/IR/Page_Checkout/input_customer_profile_travele'

2018-05-31 15:42:18 - [MESSAGE][PASSED] - Text 'qqq' is set on object 'Object Repository/IR/Page_Checkout/input_customer_profile_travele'

2018-05-31 15:42:18 - [TEST_STEP][PASSED] - setText: Text 'www' is set on object 'Object Repository/IR/Page_Checkout/input_customer_profile_travele_1'

2018-05-31 15:42:18 - [MESSAGE][PASSED] - Text 'www' is set on object 'Object Repository/IR/Page_Checkout/input_customer_profile_travele_1'

2018-05-31 15:42:18 - [TEST_STEP][PASSED] - click: Object: 'Object Repository/IR/1st tst/mr' is clicked on

2018-05-31 15:42:18 - [MESSAGE][PASSED] - Object: 'Object Repository/IR/1st tst/mr' is clicked on

2018-05-31 15:42:18 - [TEST_STEP][PASSED] - selectOptionByValue: All options with value '6' are selected in object 'Object Repository/IR/Page_Checkout/select_Day12345678910111213141'  using regular expression

2018-05-31 15:42:19 - [MESSAGE][PASSED] - All options with value '6' are selected in object 'Object Repository/IR/Page_Checkout/select_Day12345678910111213141'  using regular expression

2018-05-31 15:42:19 - [TEST_STEP][PASSED] - selectOptionByValue: All options with value '5' are selected in object 'Object Repository/IR/Page_Checkout/select_MonthJanFebMarAprMayJun'  using regular expression

2018-05-31 15:42:20 - [MESSAGE][PASSED] - All options with value '5' are selected in object 'Object Repository/IR/Page_Checkout/select_MonthJanFebMarAprMayJun'  using regular expression

2018-05-31 15:42:20 - [TEST_STEP][PASSED] - selectOptionByValue: All options with value '2010' are selected in object 'Object Repository/IR/Page_Checkout/select_Year2018201720162015201'  using regular expression

2018-05-31 15:42:21 - [MESSAGE][PASSED] - All options with value '2010' are selected in object 'Object Repository/IR/Page_Checkout/select_Year2018201720162015201'  using regular expression

2018-05-31 15:42:21 - [TEST_STEP][PASSED] - setText: Text 'MF334422' is set on object 'Object Repository/IR/Page_Checkout/input_customer_profile_travele_2'

2018-05-31 15:42:21 - [MESSAGE][PASSED] - Text 'MF334422' is set on object 'Object Repository/IR/Page_Checkout/input_customer_profile_travele_2'

2018-05-31 15:42:21 - [TEST_STEP][PASSED] - click: Object: 'Object Repository/IR/Page_Checkout/input_customer_profile_travele' is clicked on

2018-05-31 15:42:21 - [MESSAGE][PASSED] - Object: 'Object Repository/IR/Page_Checkout/input_customer_profile_travele' is clicked on

2018-05-31 15:42:21 - [TEST_STEP][PASSED] - click: Object: 'Object Repository/IR/Page_Checkout/a_Continue to shipping details' is clicked on

2018-05-31 15:42:25 - [MESSAGE][PASSED] - Object: 'Object Repository/IR/Page_Checkout/a_Continue to shipping details' is clicked on

2018-05-31 15:42:25 - [TEST_STEP][PASSED] - setText: Text '345646' is set on object 'Object Repository/IR/Page_Shipping/input_customer_profile_shippin'

2018-05-31 15:42:25 - [MESSAGE][PASSED] - Text '345646' is set on object 'Object Repository/IR/Page_Shipping/input_customer_profile_shippin'

2018-05-31 15:42:25 - [TEST_STEP][PASSED] - setText: Text 'tryrty' is set on object 'Object Repository/IR/Page_Shipping/input_customer_profile_shippin_1'

2018-05-31 15:42:25 - [MESSAGE][PASSED] - Text 'tryrty' is set on object 'Object Repository/IR/Page_Shipping/input_customer_profile_shippin_1'

2018-05-31 15:42:25 - [TEST_STEP][PASSED] - setText: Text 'tyrty rtytry' is set on object 'Object Repository/IR/Page_Shipping/input_customer_profile_shippin_2'

2018-05-31 15:42:25 - [MESSAGE][PASSED] - Text 'tyrty rtytry' is set on object 'Object Repository/IR/Page_Shipping/input_customer_profile_shippin_2'

2018-05-31 15:42:25 - [TEST_STEP][PASSED] - setText: Text 'tytry rtyrty' is set on object 'Object Repository/IR/Page_Shipping/input_customer_profile_shippin_3'

2018-05-31 15:42:25 - [MESSAGE][PASSED] - Text 'tytry rtyrty' is set on object 'Object Repository/IR/Page_Shipping/input_customer_profile_shippin_3'

2018-05-31 15:42:25 - [TEST_STEP][PASSED] - setText: Text '45654654' is set on object 'Object Repository/IR/Page_Shipping/input_customer_profile_contact'

2018-05-31 15:42:25 - [MESSAGE][PASSED] - Text '45654654' is set on object 'Object Repository/IR/Page_Shipping/input_customer_profile_contact'

2018-05-31 15:42:25 - [TEST_STEP][PASSED] - setText: Text 'nhfvgfvgfv01@gmail.com' is set on object 'Object Repository/IR/Page_Shipping/input_customer_profile_contact_1'

2018-05-31 15:42:25 - [MESSAGE][PASSED] - Text 'nhfvgfvgfv01@gmail.com' is set on object 'Object Repository/IR/Page_Shipping/input_customer_profile_contact_1'

2018-05-31 15:42:25 - [TEST_STEP][PASSED] - setText: Text 'nhfvgfvgfv01@gmail.com' is set on object 'Object Repository/IR/Page_Shipping/input_customer_profile_contact_2'

2018-05-31 15:42:26 - [MESSAGE][PASSED] - Text 'nhfvgfvgfv01@gmail.com' is set on object 'Object Repository/IR/Page_Shipping/input_customer_profile_contact_2'

2018-05-31 15:42:26 - [TEST_STEP][PASSED] - click: Object: 'Object Repository/IR/Page_Shipping/a_Continue to review your orde' is clicked on

2018-05-31 15:42:29 - [MESSAGE][PASSED] - Object: 'Object Repository/IR/Page_Shipping/a_Continue to review your orde' is clicked on

2018-05-31 15:42:29 - [TEST_STEP][PASSED] - click: Object: 'Object Repository/IR/Page_Review order/input_checkout_reviewaccept' is clicked on

2018-05-31 15:42:29 - [MESSAGE][PASSED] - Object: 'Object Repository/IR/Page_Review order/input_checkout_reviewaccept' is clicked on

2018-05-31 15:42:29 - [TEST_STEP][PASSED] - click: Object: 'Object Repository/IR/Page_Review order/a_Proceed to payment details' is clicked on

2018-05-31 15:42:29 - [MESSAGE][PASSED] - Object: 'Object Repository/IR/Page_Review order/a_Proceed to payment details' is clicked on

2018-05-31 15:42:29 - [TEST_STEP][PASSED] - mouseOver: Object: 'Object Repository/IR/Page_Payment details/input_brandName' is hovered

2018-05-31 15:42:33 - [MESSAGE][PASSED] - Object: 'Object Repository/IR/Page_Payment details/input_brandName' is hovered

2018-05-31 15:42:33 - [TEST_STEP][PASSED] - delay: Delayed 2 second(s)

2018-05-31 15:42:35 - [MESSAGE][PASSED] - Delayed 2 second(s)

2018-05-31 15:42:35 - [TEST_STEP][PASSED] - click: Object: 'Object Repository/IR/Page_Payment details/input_brandName' is clicked on

2018-05-31 15:42:35 - [MESSAGE][PASSED] - Object: 'Object Repository/IR/Page_Payment details/input_brandName' is clicked on

2018-05-31 15:42:35 - [TEST_STEP][PASSED] - delay: Delayed 1 second(s)

2018-05-31 15:42:36 - [MESSAGE][PASSED] - Delayed 1 second(s)

2018-05-31 15:42:36 - [TEST_STEP][PASSED] - setText: Text '4111 1111 1111 1111' is set on object 'Object Repository/IR/Page_Payment details/input_card.cardNumber'

2018-05-31 15:42:36 - [MESSAGE][PASSED] - Text '4111 1111 1111 1111' is set on object 'Object Repository/IR/Page_Payment details/input_card.cardNumber'

2018-05-31 15:42:36 - [TEST_STEP][PASSED] - setText: Text 'ddd sss' is set on object 'Object Repository/IR/Page_Payment details/input_card.cardHolderName'

2018-05-31 15:42:36 - [MESSAGE][PASSED] - Text 'ddd sss' is set on object 'Object Repository/IR/Page_Payment details/input_card.cardHolderName'

2018-05-31 15:42:36 - [TEST_STEP][PASSED] - selectOptionByValue: All options with value '08' are selected in object 'Object Repository/IR/Page_Payment details/select_01020304050607080910111'  using regular expression

2018-05-31 15:42:37 - [MESSAGE][PASSED] - All options with value '08' are selected in object 'Object Repository/IR/Page_Payment details/select_01020304050607080910111'  using regular expression

2018-05-31 15:42:37 - [TEST_STEP][PASSED] - selectOptionByValue: All options with value '2018' are selected in object 'Object Repository/IR/Page_Payment details/select_        2018        201'  using regular expression

2018-05-31 15:42:37 - [MESSAGE][PASSED] - All options with value '2018' are selected in object 'Object Repository/IR/Page_Payment details/select_        2018        201'  using regular expression

2018-05-31 15:42:37 - [TEST_STEP][PASSED] - setText: Text '737' is set on object 'Object Repository/IR/Page_Payment details/input_card.cvcCode'

2018-05-31 15:42:37 - [MESSAGE][PASSED] - Text '737' is set on object 'Object Repository/IR/Page_Payment details/input_card.cvcCode'

2018-05-31 15:42:37 - [TEST_STEP][PASSED] - click: Object: 'Object Repository/IR/Page_Payment details/input_pay' is clicked on

2018-05-31 15:42:40 - [MESSAGE][PASSED] - Object: 'Object Repository/IR/Page_Payment details/input_pay' is clicked on

2018-05-31 15:42:40 - [TEST_STEP][PASSED] - closeBrowser: Browser is closed

2018-05-31 15:42:41 - [MESSAGE][PASSED] - Browser is closed]]></system-out>
         <system-err><![CDATA[]]></system-err>
      </testcase>
      <testcase name="Test Cases/Basket (Live, IR)" classname="Test Cases/Basket (Live, IR)" status="FAILED">
         <failure type="FAILED" message="Unable to verify object 'Object Repository/Fucking popup/POpup' is present (Root cause: com.kms.katalon.core.webui.exception.BrowserNotOpenedException: Browser is not opened
Build info: version: '3.7.1', revision: '8a0099a', time: '2017-11-06T21:07:36.161Z'
System info: host: 'DESKTOP-JVS3DPV', ip: '192.168.88.93', os.name: 'Windows 10', os.arch: 'amd64', os.version: '10.0', java.version: '1.8.0_102'
Driver info: driver.version: unknown)"/>
         <system-out><![CDATA[2018-05-31 15:42:41 - [TEST_CASE][FAILED] - Test Cases/Basket (Live, IR): Test Cases/Basket (Live, IR) FAILED because (of) Unable to verify object 'Object Repository/Fucking popup/POpup' is present (Root cause: com.kms.katalon.core.webui.exception.BrowserNotOpenedException: Browser is not opened
Build info: version: '3.7.1', revision: '8a0099a', time: '2017-11-06T21:07:36.161Z'
System info: host: 'DESKTOP-JVS3DPV', ip: '192.168.88.93', os.name: 'Windows 10', os.arch: 'amd64', os.version: '10.0', java.version: '1.8.0_102'
Driver info: driver.version: unknown)

2018-05-31 15:42:41 - [TEST_STEP][PASSED] - openBrowser: Browser is opened with url: ''

2018-05-31 15:42:44 - [MESSAGE][PASSED] - Browser is opened with url: ''

2018-05-31 15:42:44 - [TEST_STEP][PASSED] - deleteAllCookies: Delete all cookies successfully

2018-05-31 15:42:44 - [MESSAGE][PASSED] - Delete all cookies successfully

2018-05-31 15:42:44 - [TEST_STEP][PASSED] - navigateToUrl: Navigate to 'https://www.interrail.eu/' successfully

2018-05-31 15:42:45 - [MESSAGE][PASSED] - Navigate to 'https://www.interrail.eu/' successfully

2018-05-31 15:42:45 - [TEST_STEP][PASSED] - maximizeWindow: Current window maximized

2018-05-31 15:42:48 - [MESSAGE][PASSED] - Current window maximized

2018-05-31 15:42:48 - [TEST_STEP][PASSED] - click: Object: 'Object Repository/IR/1st tst/i agree' is clicked on

2018-05-31 15:42:48 - [MESSAGE][PASSED] - Object: 'Object Repository/IR/1st tst/i agree' is clicked on

2018-05-31 15:42:48 - [TEST_STEP][PASSED] - click: Object: 'Object Repository/IR/1st tst/Cont' is clicked on

2018-05-31 15:42:52 - [MESSAGE][PASSED] - Object: 'Object Repository/IR/1st tst/Cont' is clicked on

2018-05-31 15:42:52 - [TEST_STEP][PASSED] - verifyElementText: Actual text and expected text of test object 'Object Repository/Counter/Passes counter' are matched.

2018-05-31 15:42:52 - [MESSAGE][PASSED] - Actual text and expected text of test object 'Object Repository/Counter/Passes counter' are matched.

2018-05-31 15:42:52 - [TEST_STEP][PASSED] - click: Object: 'Object Repository/Page_Be free to explore Europe by r/a_Go for sunshine' is clicked on

2018-05-31 15:42:53 - [MESSAGE][PASSED] - Object: 'Object Repository/Page_Be free to explore Europe by r/a_Go for sunshine' is clicked on

2018-05-31 15:42:53 - [TEST_STEP][PASSED] - click: Object: 'Object Repository/Page_Summer in Europe  Interrail.eu/a_5. Capri Italy' is clicked on

2018-05-31 15:42:54 - [MESSAGE][PASSED] - Object: 'Object Repository/Page_Summer in Europe  Interrail.eu/a_5. Capri Italy' is clicked on

2018-05-31 15:42:54 - [TEST_STEP][PASSED] - waitForPageLoad: Wait for page load successfully

2018-05-31 15:42:54 - [MESSAGE][WARNING] - Timeout '0' is invalid. Using default page load timeout: '15'

2018-05-31 15:42:54 - [MESSAGE][PASSED] - Wait for page load successfully

2018-05-31 15:42:54 - [TEST_STEP][PASSED] - click: Unable to click on object 'Object Repository/Fucking popup/POpup' (Root cause: org.openqa.selenium.ElementNotInteractableException: Element <span class="form-popup-close__icon"> could not be scrolled into view
Build info: version: '3.7.1', revision: '8a0099a', time: '2017-11-06T21:07:36.161Z'
System info: host: 'DESKTOP-JVS3DPV', ip: '192.168.88.93', os.name: 'Windows 10', os.arch: 'amd64', os.version: '10.0', java.version: '1.8.0_102'
Driver info: com.kms.katalon.core.webui.driver.firefox.CGeckoDriver
Capabilities {acceptInsecureCerts: true, browserName: firefox, browserVersion: 60.0.1, javascriptEnabled: true, moz:accessibilityChecks: false, moz:headless: false, moz:processID: 14316, moz:profile: C:\Windows\Temp\rust_mozpro..., moz:useNonSpecCompliantPointerOrigin: false, moz:webdriverClick: true, pageLoadStrategy: normal, platform: XP, platformName: XP, platformVersion: 10.0, proxy: Proxy(direct), rotatable: false, timeouts: {implicit: 0, pageLoad: 300000, script: 30000}}
Session ID: 6445240f-487a-454b-86ab-f8f2b4df6b68)

2018-05-31 15:42:54 - [MESSAGE][WARNING] - Unable to click on object 'Object Repository/Fucking popup/POpup' (Root cause: org.openqa.selenium.ElementNotInteractableException: Element <span class="form-popup-close__icon"> could not be scrolled into view
Build info: version: '3.7.1', revision: '8a0099a', time: '2017-11-06T21:07:36.161Z'
System info: host: 'DESKTOP-JVS3DPV', ip: '192.168.88.93', os.name: 'Windows 10', os.arch: 'amd64', os.version: '10.0', java.version: '1.8.0_102'
Driver info: com.kms.katalon.core.webui.driver.firefox.CGeckoDriver
Capabilities {acceptInsecureCerts: true, browserName: firefox, browserVersion: 60.0.1, javascriptEnabled: true, moz:accessibilityChecks: false, moz:headless: false, moz:processID: 14316, moz:profile: C:\Windows\Temp\rust_mozpro..., moz:useNonSpecCompliantPointerOrigin: false, moz:webdriverClick: true, pageLoadStrategy: normal, platform: XP, platformName: XP, platformVersion: 10.0, proxy: Proxy(direct), rotatable: false, timeouts: {implicit: 0, pageLoad: 300000, script: 30000}}
Session ID: 6445240f-487a-454b-86ab-f8f2b4df6b68)
[[ATTACHMENT|C:\\Users\\work1\\Katalon Studio\\Tst\\Reports\\New Test Suite\\20180531_154132\\1527770574070.png]]

2018-05-31 15:42:54 - [TEST_STEP][PASSED] - click: Object: 'Object Repository/Page_Summer in Europe  Interrail.eu/a_SEE ITALY PASS PRICES' is clicked on

2018-05-31 15:42:54 - [MESSAGE][PASSED] - Object: 'Object Repository/Page_Summer in Europe  Interrail.eu/a_SEE ITALY PASS PRICES' is clicked on

2018-05-31 15:42:54 - [TEST_STEP][PASSED] - switchToWindowTitle: Switched to window with title: 'Interrail Italy Pass | Italy by Train | Interrail.eu'

2018-05-31 15:42:54 - [MESSAGE][PASSED] - Switched to window with title: 'Interrail Italy Pass | Italy by Train | Interrail.eu'

2018-05-31 15:42:54 - [TEST_STEP][PASSED] - click: Object: 'Object Repository/Page_Interrail Italy Pass  Italy by/label_1st ClassWider seats les' is clicked on

2018-05-31 15:42:56 - [MESSAGE][PASSED] - Object: 'Object Repository/Page_Interrail Italy Pass  Italy by/label_1st ClassWider seats les' is clicked on

2018-05-31 15:42:56 - [TEST_STEP][PASSED] - click: Object: 'Object Repository/Page_Interrail Italy Pass  Italy by/a_Add to cart' is clicked on

2018-05-31 15:42:56 - [MESSAGE][PASSED] - Object: 'Object Repository/Page_Interrail Italy Pass  Italy by/a_Add to cart' is clicked on

2018-05-31 15:42:56 - [TEST_STEP][PASSED] - waitForElementVisible: Object 'Object Repository/Page_Interrail Italy Pass  Italy by/a_Continue shopping' is not visible after 15 second(s)

2018-05-31 15:42:56 - [MESSAGE][WARNING] - Timeout '0' is invalid. Using default page load timeout: '15'

2018-05-31 15:43:13 - [MESSAGE][WARNING] - Object 'Object Repository/Page_Interrail Italy Pass  Italy by/a_Continue shopping' is not visible after 15 second(s)

2018-05-31 15:43:13 - [TEST_STEP][PASSED] - click: Object: 'Object Repository/Page_Interrail Italy Pass  Italy by/a_Continue shopping' is clicked on

2018-05-31 15:43:13 - [MESSAGE][PASSED] - Object: 'Object Repository/Page_Interrail Italy Pass  Italy by/a_Continue shopping' is clicked on

2018-05-31 15:43:13 - [TEST_STEP][PASSED] - verifyElementText: Actual text and expected text of test object 'Object Repository/Counter/Passes counter' are matched.

2018-05-31 15:43:13 - [MESSAGE][PASSED] - Actual text and expected text of test object 'Object Repository/Counter/Passes counter' are matched.

2018-05-31 15:43:13 - [TEST_STEP][PASSED] - closeBrowser: Browser is closed

2018-05-31 15:43:13 - [MESSAGE][PASSED] - Browser is closed

2018-05-31 15:43:13 - [TEST_STEP][FAILED] - verifyElementPresent: Unable to verify object 'Object Repository/Fucking popup/POpup' is present (Root cause: com.kms.katalon.core.webui.exception.BrowserNotOpenedException: Browser is not opened
Build info: version: '3.7.1', revision: '8a0099a', time: '2017-11-06T21:07:36.161Z'
System info: host: 'DESKTOP-JVS3DPV', ip: '192.168.88.93', os.name: 'Windows 10', os.arch: 'amd64', os.version: '10.0', java.version: '1.8.0_102'
Driver info: driver.version: unknown)

2018-05-31 15:43:13 - [MESSAGE][WARNING] - Timeout '0' is invalid. Using default page load timeout: '15'

2018-05-31 15:43:13 - [MESSAGE][WARNING] - Cannot take screenshot

2018-05-31 15:43:13 - [MESSAGE][FAILED] - Unable to verify object 'Object Repository/Fucking popup/POpup' is present (Root cause: com.kms.katalon.core.webui.exception.BrowserNotOpenedException: Browser is not opened
Build info: version: '3.7.1', revision: '8a0099a', time: '2017-11-06T21:07:36.161Z'
System info: host: 'DESKTOP-JVS3DPV', ip: '192.168.88.93', os.name: 'Windows 10', os.arch: 'amd64', os.version: '10.0', java.version: '1.8.0_102'
Driver info: driver.version: unknown)]]></system-out>
         <system-err><![CDATA[2018-05-31 15:42:41 - [TEST_CASE][FAILED] - Test Cases/Basket (Live, IR): Test Cases/Basket (Live, IR) FAILED because (of) Unable to verify object 'Object Repository/Fucking popup/POpup' is present (Root cause: com.kms.katalon.core.webui.exception.BrowserNotOpenedException: Browser is not opened
Build info: version: '3.7.1', revision: '8a0099a', time: '2017-11-06T21:07:36.161Z'
System info: host: 'DESKTOP-JVS3DPV', ip: '192.168.88.93', os.name: 'Windows 10', os.arch: 'amd64', os.version: '10.0', java.version: '1.8.0_102'
Driver info: driver.version: unknown)]]></system-err>
      </testcase>
      <system-out><![CDATA[2018-05-31 15:41:34 - [TEST_SUITE][FAILED] - New Test Suite: Test Cases/Basket (Live, IR) FAILED because (of) Unable to verify object 'Object Repository/Fucking popup/POpup' is present (Root cause: com.kms.katalon.core.webui.exception.BrowserNotOpenedException: Browser is not opened
Build info: version: '3.7.1', revision: '8a0099a', time: '2017-11-06T21:07:36.161Z'
System info: host: 'DESKTOP-JVS3DPV', ip: '192.168.88.93', os.name: 'Windows 10', os.arch: 'amd64', os.version: '10.0', java.version: '1.8.0_102'
Driver info: driver.version: unknown)]]></system-out>
      <system-err><![CDATA[2018-05-31 15:41:34 - [TEST_SUITE][FAILED] - New Test Suite: Test Cases/Basket (Live, IR) FAILED because (of) Unable to verify object 'Object Repository/Fucking popup/POpup' is present (Root cause: com.kms.katalon.core.webui.exception.BrowserNotOpenedException: Browser is not opened
Build info: version: '3.7.1', revision: '8a0099a', time: '2017-11-06T21:07:36.161Z'
System info: host: 'DESKTOP-JVS3DPV', ip: '192.168.88.93', os.name: 'Windows 10', os.arch: 'amd64', os.version: '10.0', java.version: '1.8.0_102'
Driver info: driver.version: unknown)]]></system-err>
   </testsuite>
</testsuites>
