<?xml version="1.0" encoding="UTF-8"?>
<testsuites name="New Test Suite" time="69" tests="2" failures="0" errors="0">
   <testsuite name="New Test Suite" tests="2" failures="0" errors="0" time="69" timestamp="2018-05-31 12:42:54" hostname="DESKTOP-JVS3DPV$ - 192.168.88.93" id="Test Suites/New Test Suite">
      <properties>
         <property name="deviceName" value=""/>
         <property name="devicePlatform" value=""/>
         <property name="logFolder" value="C:\\Users\\work1\\Katalon Studio\\Tst\\Reports\\New Test Suite\\20180531_124252"/>
         <property name="logFiles" value="C:\\Users\\work1\\Katalon Studio\\Tst\\Reports\\New Test Suite\\20180531_124252\\execution0.log"/>
         <property name="attachments" value="C:\\Users\\work1\\Katalon Studio\\Tst\\Reports\\New Test Suite\\20180531_124252\\1527759838047.png"/>
         <property name="hostName" value="DESKTOP-JVS3DPV$ - 192.168.88.93"/>
         <property name="os" value="Windows 10 64bit"/>
         <property name="katalonVersion" value="5.4.2.1"/>
         <property name="browser" value="Chrome 66.0.3359.181"/>
         <property name="hostAddress" value="192.168.88.93"/>
         <property name="sessionId" value="1007e13c3c4e949744f86acf66433f2e"/>
         <property name="seleniumVersion" value="3.7.1"/>
         <property name="proxyInformation" value="ProxyInformation{proxyOption=NO_PROXY, proxyServerType=HTTP, password=, proxyServerAddress=, proxyServerPort=0}"/>
         <property name="platform" value="Windows 10"/>
      </properties>
      <testcase name="Test Cases/Checkout (Live, IR)" classname="Test Cases/Checkout (Live, IR)" status="PASSED">
         <system-out><![CDATA[2018-05-31 12:42:54 - [TEST_CASE][PASSED] - Test Cases/Checkout (Live, IR): Test Cases/Checkout (Live, IR)

2018-05-31 12:42:54 - [TEST_STEP][PASSED] - openBrowser: Browser is opened with url: ''

2018-05-31 12:42:57 - [MESSAGE][PASSED] - Browser is opened with url: ''

2018-05-31 12:42:57 - [TEST_STEP][PASSED] - deleteAllCookies: Delete all cookies successfully

2018-05-31 12:42:58 - [MESSAGE][PASSED] - Delete all cookies successfully

2018-05-31 12:42:58 - [TEST_STEP][PASSED] - navigateToUrl: Navigate to 'https://www.interrail.eu/' successfully

2018-05-31 12:42:59 - [MESSAGE][PASSED] - Navigate to 'https://www.interrail.eu/' successfully

2018-05-31 12:42:59 - [TEST_STEP][PASSED] - maximizeWindow: Current window maximized

2018-05-31 12:43:00 - [MESSAGE][PASSED] - Current window maximized

2018-05-31 12:43:00 - [TEST_STEP][PASSED] - click: Object: 'Object Repository/IR/1st tst/i agree' is clicked on

2018-05-31 12:43:00 - [MESSAGE][PASSED] - Object: 'Object Repository/IR/1st tst/i agree' is clicked on

2018-05-31 12:43:00 - [TEST_STEP][PASSED] - click: Object: 'Object Repository/IR/1st tst/Cont' is clicked on

2018-05-31 12:43:03 - [MESSAGE][PASSED] - Object: 'Object Repository/IR/1st tst/Cont' is clicked on

2018-05-31 12:43:03 - [TEST_STEP][PASSED] - focus: Object: 'Object Repository/IR/1st tst/passes btn in menu' is focused

2018-05-31 12:43:03 - [MESSAGE][PASSED] - Object: 'Object Repository/IR/1st tst/passes btn in menu' is focused

2018-05-31 12:43:03 - [TEST_STEP][PASSED] - waitForElementVisible: Object 'Object Repository/IR/1st tst/Glbl pass btn in submenu' is visible

2018-05-31 12:43:03 - [MESSAGE][WARNING] - Timeout '0' is invalid. Using default page load timeout: '15'

2018-05-31 12:43:03 - [MESSAGE][PASSED] - Object 'Object Repository/IR/1st tst/Glbl pass btn in submenu' is visible

2018-05-31 12:43:03 - [TEST_STEP][PASSED] - click: Object: 'Object Repository/IR/1st tst/Glbl pass btn in submenu' is clicked on

2018-05-31 12:43:05 - [MESSAGE][PASSED] - Object: 'Object Repository/IR/1st tst/Glbl pass btn in submenu' is clicked on

2018-05-31 12:43:05 - [TEST_STEP][PASSED] - click: Object: 'Object Repository/IR/1st tst/add to cart' is clicked on

2018-05-31 12:43:06 - [MESSAGE][PASSED] - Object: 'Object Repository/IR/1st tst/add to cart' is clicked on

2018-05-31 12:43:06 - [TEST_STEP][PASSED] - waitForElementVisible: Object 'Object Repository/IR/1st tst/go to checkout' is visible

2018-05-31 12:43:06 - [MESSAGE][WARNING] - Timeout '0' is invalid. Using default page load timeout: '15'

2018-05-31 12:43:07 - [MESSAGE][PASSED] - Object 'Object Repository/IR/1st tst/go to checkout' is visible

2018-05-31 12:43:07 - [TEST_STEP][PASSED] - focus: Object: 'Object Repository/IR/1st tst/go to checkout' is focused

2018-05-31 12:43:08 - [MESSAGE][PASSED] - Object: 'Object Repository/IR/1st tst/go to checkout' is focused

2018-05-31 12:43:08 - [TEST_STEP][PASSED] - click: Object: 'Object Repository/IR/1st tst/go to checkout' is clicked on

2018-05-31 12:43:10 - [MESSAGE][PASSED] - Object: 'Object Repository/IR/1st tst/go to checkout' is clicked on

2018-05-31 12:43:10 - [TEST_STEP][PASSED] - waitForPageLoad: Wait for page load successfully

2018-05-31 12:43:10 - [MESSAGE][WARNING] - Timeout '0' is invalid. Using default page load timeout: '15'

2018-05-31 12:43:10 - [MESSAGE][PASSED] - Wait for page load successfully

2018-05-31 12:43:10 - [TEST_STEP][PASSED] - click: Object: 'Object Repository/IR/1st tst/pass prot' is clicked on

2018-05-31 12:43:10 - [MESSAGE][PASSED] - Object: 'Object Repository/IR/1st tst/pass prot' is clicked on

2018-05-31 12:43:10 - [TEST_STEP][PASSED] - scrollToElement: Scroll to object 'Object Repository/IR/1st tst/sipping count drop down' successfully

2018-05-31 12:43:10 - [MESSAGE][WARNING] - Timeout '0' is invalid. Using default page load timeout: '15'

2018-05-31 12:43:11 - [MESSAGE][PASSED] - Scroll to object 'Object Repository/IR/1st tst/sipping count drop down' successfully

2018-05-31 12:43:11 - [TEST_STEP][PASSED] - delay: Delayed 1 second(s)

2018-05-31 12:43:12 - [MESSAGE][PASSED] - Delayed 1 second(s)

2018-05-31 12:43:12 - [TEST_STEP][PASSED] - click: Object: 'Object Repository/IR/1st tst/Croatha' is clicked on

2018-05-31 12:43:12 - [MESSAGE][PASSED] - Object: 'Object Repository/IR/1st tst/Croatha' is clicked on

2018-05-31 12:43:12 - [TEST_STEP][PASSED] - delay: Delayed 3 second(s)

2018-05-31 12:43:15 - [MESSAGE][PASSED] - Delayed 3 second(s)

2018-05-31 12:43:15 - [TEST_STEP][PASSED] - click: Object: 'Object Repository/IR/1st tst/Proceed' is clicked on

2018-05-31 12:43:18 - [MESSAGE][PASSED] - Object: 'Object Repository/IR/1st tst/Proceed' is clicked on

2018-05-31 12:43:18 - [TEST_STEP][PASSED] - refresh: Refresh successfully

2018-05-31 12:43:19 - [MESSAGE][PASSED] - Refresh successfully

2018-05-31 12:43:19 - [TEST_STEP][PASSED] - delay: Delayed 2 second(s)

2018-05-31 12:43:21 - [MESSAGE][PASSED] - Delayed 2 second(s)

2018-05-31 12:43:21 - [TEST_STEP][PASSED] - refresh: Refresh successfully

2018-05-31 12:43:23 - [MESSAGE][PASSED] - Refresh successfully

2018-05-31 12:43:23 - [TEST_STEP][PASSED] - waitForElementVisible: Object 'Object Repository/IR/1st tst/Guest proceed' is visible

2018-05-31 12:43:23 - [MESSAGE][WARNING] - Timeout '0' is invalid. Using default page load timeout: '15'

2018-05-31 12:43:23 - [MESSAGE][PASSED] - Object 'Object Repository/IR/1st tst/Guest proceed' is visible

2018-05-31 12:43:23 - [TEST_STEP][PASSED] - click: Object: 'Object Repository/IR/1st tst/Guest proceed' is clicked on

2018-05-31 12:43:25 - [MESSAGE][PASSED] - Object: 'Object Repository/IR/1st tst/Guest proceed' is clicked on

2018-05-31 12:43:25 - [TEST_STEP][PASSED] - waitForPageLoad: Wait for page load successfully

2018-05-31 12:43:25 - [MESSAGE][WARNING] - Timeout '0' is invalid. Using default page load timeout: '15'

2018-05-31 12:43:25 - [MESSAGE][PASSED] - Wait for page load successfully

2018-05-31 12:43:25 - [TEST_STEP][PASSED] - delay: Delayed 1 second(s)

2018-05-31 12:43:26 - [MESSAGE][PASSED] - Delayed 1 second(s)

2018-05-31 12:43:26 - [TEST_STEP][PASSED] - click: Object: 'Object Repository/IR/1st tst/date_add' is clicked on

2018-05-31 12:43:27 - [MESSAGE][PASSED] - Object: 'Object Repository/IR/1st tst/date_add' is clicked on

2018-05-31 12:43:27 - [TEST_STEP][PASSED] - click: Object: 'Object Repository/IR/1st tst/date' is clicked on

2018-05-31 12:43:27 - [MESSAGE][PASSED] - Object: 'Object Repository/IR/1st tst/date' is clicked on

2018-05-31 12:43:27 - [TEST_STEP][PASSED] - setText: Text 'qqq' is set on object 'Object Repository/IR/Page_Checkout/input_customer_profile_travele'

2018-05-31 12:43:27 - [MESSAGE][PASSED] - Text 'qqq' is set on object 'Object Repository/IR/Page_Checkout/input_customer_profile_travele'

2018-05-31 12:43:27 - [TEST_STEP][PASSED] - setText: Text 'www' is set on object 'Object Repository/IR/Page_Checkout/input_customer_profile_travele_1'

2018-05-31 12:43:27 - [MESSAGE][PASSED] - Text 'www' is set on object 'Object Repository/IR/Page_Checkout/input_customer_profile_travele_1'

2018-05-31 12:43:27 - [TEST_STEP][PASSED] - click: Object: 'Object Repository/IR/1st tst/mr' is clicked on

2018-05-31 12:43:27 - [MESSAGE][PASSED] - Object: 'Object Repository/IR/1st tst/mr' is clicked on

2018-05-31 12:43:27 - [TEST_STEP][PASSED] - selectOptionByValue: All options with value '6' are selected in object 'Object Repository/IR/Page_Checkout/select_Day12345678910111213141'  using regular expression

2018-05-31 12:43:28 - [MESSAGE][PASSED] - All options with value '6' are selected in object 'Object Repository/IR/Page_Checkout/select_Day12345678910111213141'  using regular expression

2018-05-31 12:43:28 - [TEST_STEP][PASSED] - selectOptionByValue: All options with value '5' are selected in object 'Object Repository/IR/Page_Checkout/select_MonthJanFebMarAprMayJun'  using regular expression

2018-05-31 12:43:28 - [MESSAGE][PASSED] - All options with value '5' are selected in object 'Object Repository/IR/Page_Checkout/select_MonthJanFebMarAprMayJun'  using regular expression

2018-05-31 12:43:28 - [TEST_STEP][PASSED] - selectOptionByValue: All options with value '2010' are selected in object 'Object Repository/IR/Page_Checkout/select_Year2018201720162015201'  using regular expression

2018-05-31 12:43:29 - [MESSAGE][PASSED] - All options with value '2010' are selected in object 'Object Repository/IR/Page_Checkout/select_Year2018201720162015201'  using regular expression

2018-05-31 12:43:29 - [TEST_STEP][PASSED] - setText: Text 'MF334422' is set on object 'Object Repository/IR/Page_Checkout/input_customer_profile_travele_2'

2018-05-31 12:43:29 - [MESSAGE][PASSED] - Text 'MF334422' is set on object 'Object Repository/IR/Page_Checkout/input_customer_profile_travele_2'

2018-05-31 12:43:29 - [TEST_STEP][PASSED] - click: Object: 'Object Repository/IR/Page_Checkout/input_customer_profile_travele' is clicked on

2018-05-31 12:43:30 - [MESSAGE][PASSED] - Object: 'Object Repository/IR/Page_Checkout/input_customer_profile_travele' is clicked on

2018-05-31 12:43:30 - [TEST_STEP][PASSED] - click: Object: 'Object Repository/IR/Page_Checkout/a_Continue to shipping details' is clicked on

2018-05-31 12:43:33 - [MESSAGE][PASSED] - Object: 'Object Repository/IR/Page_Checkout/a_Continue to shipping details' is clicked on

2018-05-31 12:43:33 - [TEST_STEP][PASSED] - setText: Text '345646' is set on object 'Object Repository/IR/Page_Shipping/input_customer_profile_shippin'

2018-05-31 12:43:33 - [MESSAGE][PASSED] - Text '345646' is set on object 'Object Repository/IR/Page_Shipping/input_customer_profile_shippin'

2018-05-31 12:43:33 - [TEST_STEP][PASSED] - setText: Text 'tryrty' is set on object 'Object Repository/IR/Page_Shipping/input_customer_profile_shippin_1'

2018-05-31 12:43:33 - [MESSAGE][PASSED] - Text 'tryrty' is set on object 'Object Repository/IR/Page_Shipping/input_customer_profile_shippin_1'

2018-05-31 12:43:33 - [TEST_STEP][PASSED] - setText: Text 'tyrty rtytry' is set on object 'Object Repository/IR/Page_Shipping/input_customer_profile_shippin_2'

2018-05-31 12:43:34 - [MESSAGE][PASSED] - Text 'tyrty rtytry' is set on object 'Object Repository/IR/Page_Shipping/input_customer_profile_shippin_2'

2018-05-31 12:43:34 - [TEST_STEP][PASSED] - setText: Text 'tytry rtyrty' is set on object 'Object Repository/IR/Page_Shipping/input_customer_profile_shippin_3'

2018-05-31 12:43:34 - [MESSAGE][PASSED] - Text 'tytry rtyrty' is set on object 'Object Repository/IR/Page_Shipping/input_customer_profile_shippin_3'

2018-05-31 12:43:34 - [TEST_STEP][PASSED] - setText: Text '45654654' is set on object 'Object Repository/IR/Page_Shipping/input_customer_profile_contact'

2018-05-31 12:43:34 - [MESSAGE][PASSED] - Text '45654654' is set on object 'Object Repository/IR/Page_Shipping/input_customer_profile_contact'

2018-05-31 12:43:34 - [TEST_STEP][PASSED] - setText: Text 'nhfvgfvgfv01@gmail.com' is set on object 'Object Repository/IR/Page_Shipping/input_customer_profile_contact_1'

2018-05-31 12:43:34 - [MESSAGE][PASSED] - Text 'nhfvgfvgfv01@gmail.com' is set on object 'Object Repository/IR/Page_Shipping/input_customer_profile_contact_1'

2018-05-31 12:43:34 - [TEST_STEP][PASSED] - setText: Text 'nhfvgfvgfv01@gmail.com' is set on object 'Object Repository/IR/Page_Shipping/input_customer_profile_contact_2'

2018-05-31 12:43:35 - [MESSAGE][PASSED] - Text 'nhfvgfvgfv01@gmail.com' is set on object 'Object Repository/IR/Page_Shipping/input_customer_profile_contact_2'

2018-05-31 12:43:35 - [TEST_STEP][PASSED] - click: Object: 'Object Repository/IR/Page_Shipping/a_Continue to review your orde' is clicked on

2018-05-31 12:43:38 - [MESSAGE][PASSED] - Object: 'Object Repository/IR/Page_Shipping/a_Continue to review your orde' is clicked on

2018-05-31 12:43:38 - [TEST_STEP][PASSED] - click: Object: 'Object Repository/IR/Page_Review order/input_checkout_reviewaccept' is clicked on

2018-05-31 12:43:38 - [MESSAGE][PASSED] - Object: 'Object Repository/IR/Page_Review order/input_checkout_reviewaccept' is clicked on

2018-05-31 12:43:38 - [TEST_STEP][PASSED] - click: Object: 'Object Repository/IR/Page_Review order/a_Proceed to payment details' is clicked on

2018-05-31 12:43:38 - [MESSAGE][PASSED] - Object: 'Object Repository/IR/Page_Review order/a_Proceed to payment details' is clicked on

2018-05-31 12:43:38 - [TEST_STEP][PASSED] - mouseOver: Object: 'Object Repository/IR/Page_Payment details/input_brandName' is hovered

2018-05-31 12:43:41 - [MESSAGE][PASSED] - Object: 'Object Repository/IR/Page_Payment details/input_brandName' is hovered

2018-05-31 12:43:41 - [TEST_STEP][PASSED] - delay: Delayed 2 second(s)

2018-05-31 12:43:43 - [MESSAGE][PASSED] - Delayed 2 second(s)

2018-05-31 12:43:43 - [TEST_STEP][PASSED] - click: Object: 'Object Repository/IR/Page_Payment details/input_brandName' is clicked on

2018-05-31 12:43:43 - [MESSAGE][PASSED] - Object: 'Object Repository/IR/Page_Payment details/input_brandName' is clicked on

2018-05-31 12:43:43 - [TEST_STEP][PASSED] - delay: Delayed 1 second(s)

2018-05-31 12:43:44 - [MESSAGE][PASSED] - Delayed 1 second(s)

2018-05-31 12:43:44 - [TEST_STEP][PASSED] - setText: Text '4111 1111 1111 1111' is set on object 'Object Repository/IR/Page_Payment details/input_card.cardNumber'

2018-05-31 12:43:44 - [MESSAGE][PASSED] - Text '4111 1111 1111 1111' is set on object 'Object Repository/IR/Page_Payment details/input_card.cardNumber'

2018-05-31 12:43:44 - [TEST_STEP][PASSED] - setText: Text 'ddd sss' is set on object 'Object Repository/IR/Page_Payment details/input_card.cardHolderName'

2018-05-31 12:43:44 - [MESSAGE][PASSED] - Text 'ddd sss' is set on object 'Object Repository/IR/Page_Payment details/input_card.cardHolderName'

2018-05-31 12:43:44 - [TEST_STEP][PASSED] - selectOptionByValue: All options with value '08' are selected in object 'Object Repository/IR/Page_Payment details/select_01020304050607080910111'  using regular expression

2018-05-31 12:43:45 - [MESSAGE][PASSED] - All options with value '08' are selected in object 'Object Repository/IR/Page_Payment details/select_01020304050607080910111'  using regular expression

2018-05-31 12:43:45 - [TEST_STEP][PASSED] - selectOptionByValue: All options with value '2018' are selected in object 'Object Repository/IR/Page_Payment details/select_        2018        201'  using regular expression

2018-05-31 12:43:45 - [MESSAGE][PASSED] - All options with value '2018' are selected in object 'Object Repository/IR/Page_Payment details/select_        2018        201'  using regular expression

2018-05-31 12:43:45 - [TEST_STEP][PASSED] - setText: Text '737' is set on object 'Object Repository/IR/Page_Payment details/input_card.cvcCode'

2018-05-31 12:43:45 - [MESSAGE][PASSED] - Text '737' is set on object 'Object Repository/IR/Page_Payment details/input_card.cvcCode'

2018-05-31 12:43:45 - [TEST_STEP][PASSED] - click: Object: 'Object Repository/IR/Page_Payment details/input_pay' is clicked on

2018-05-31 12:43:48 - [MESSAGE][PASSED] - Object: 'Object Repository/IR/Page_Payment details/input_pay' is clicked on

2018-05-31 12:43:48 - [TEST_STEP][PASSED] - closeBrowser: Browser is closed

2018-05-31 12:43:49 - [MESSAGE][PASSED] - Browser is closed]]></system-out>
         <system-err><![CDATA[]]></system-err>
      </testcase>
      <testcase name="Test Cases/Basket (Live, IR)" classname="Test Cases/Basket (Live, IR)" status="PASSED">
         <system-out><![CDATA[2018-05-31 12:43:49 - [TEST_CASE][PASSED] - Test Cases/Basket (Live, IR): Test Cases/Basket (Live, IR)

2018-05-31 12:43:49 - [TEST_STEP][PASSED] - openBrowser: Browser is opened with url: ''

2018-05-31 12:43:51 - [MESSAGE][PASSED] - Browser is opened with url: ''

2018-05-31 12:43:51 - [TEST_STEP][PASSED] - deleteAllCookies: Delete all cookies successfully

2018-05-31 12:43:51 - [MESSAGE][PASSED] - Delete all cookies successfully

2018-05-31 12:43:51 - [TEST_STEP][PASSED] - navigateToUrl: Navigate to 'https://www.interrail.eu/' successfully

2018-05-31 12:43:52 - [MESSAGE][PASSED] - Navigate to 'https://www.interrail.eu/' successfully

2018-05-31 12:43:52 - [TEST_STEP][PASSED] - maximizeWindow: Current window maximized

2018-05-31 12:43:53 - [MESSAGE][PASSED] - Current window maximized

2018-05-31 12:43:53 - [TEST_STEP][PASSED] - click: Object: 'Object Repository/IR/1st tst/i agree' is clicked on

2018-05-31 12:43:53 - [MESSAGE][PASSED] - Object: 'Object Repository/IR/1st tst/i agree' is clicked on

2018-05-31 12:43:53 - [TEST_STEP][PASSED] - click: Object: 'Object Repository/IR/1st tst/Cont' is clicked on

2018-05-31 12:43:56 - [MESSAGE][PASSED] - Object: 'Object Repository/IR/1st tst/Cont' is clicked on

2018-05-31 12:43:56 - [TEST_STEP][PASSED] - verifyElementText: Actual text and expected text of test object 'Object Repository/Counter/Passes counter' are matched.

2018-05-31 12:43:56 - [MESSAGE][PASSED] - Actual text and expected text of test object 'Object Repository/Counter/Passes counter' are matched.

2018-05-31 12:43:56 - [TEST_STEP][PASSED] - click: Object: 'Object Repository/Page_Be free to explore Europe by r/a_Go for sunshine' is clicked on

2018-05-31 12:43:57 - [MESSAGE][PASSED] - Object: 'Object Repository/Page_Be free to explore Europe by r/a_Go for sunshine' is clicked on

2018-05-31 12:43:57 - [TEST_STEP][PASSED] - click: Object: 'Object Repository/Page_Summer in Europe  Interrail.eu/a_5. Capri Italy' is clicked on

2018-05-31 12:43:57 - [MESSAGE][PASSED] - Object: 'Object Repository/Page_Summer in Europe  Interrail.eu/a_5. Capri Italy' is clicked on

2018-05-31 12:43:57 - [TEST_STEP][PASSED] - waitForPageLoad: Wait for page load successfully

2018-05-31 12:43:57 - [MESSAGE][WARNING] - Timeout '0' is invalid. Using default page load timeout: '15'

2018-05-31 12:43:57 - [MESSAGE][PASSED] - Wait for page load successfully

2018-05-31 12:43:57 - [TEST_STEP][PASSED] - click: Unable to click on object 'Object Repository/Fucking popup/POpup' (Root cause: org.openqa.selenium.ElementNotVisibleException: element not visible
  (Session info: chrome=66.0.3359.181)
  (Driver info: chromedriver=2.35.528161 (5b82f2d2aae0ca24b877009200ced9065a772e73),platform=Windows NT 10.0.17134 x86_64) (WARNING: The server did not provide any stacktrace information)
Command duration or timeout: 0 milliseconds
Build info: version: '3.7.1', revision: '8a0099a', time: '2017-11-06T21:07:36.161Z'
System info: host: 'DESKTOP-JVS3DPV', ip: '192.168.88.93', os.name: 'Windows 10', os.arch: 'amd64', os.version: '10.0', java.version: '1.8.0_102'
Driver info: com.kms.katalon.selenium.driver.CChromeDriver
Capabilities {acceptInsecureCerts: false, acceptSslCerts: false, applicationCacheEnabled: false, browserConnectionEnabled: false, browserName: chrome, chrome: {chromedriverVersion: 2.35.528161 (5b82f2d2aae0ca..., userDataDir: C:\WINDOWS\TEMP\scoped_dir6...}, cssSelectorsEnabled: true, databaseEnabled: false, handlesAlerts: true, hasTouchScreen: false, javascriptEnabled: true, locationContextEnabled: true, mobileEmulationEnabled: false, nativeEvents: true, networkConnectionEnabled: false, pageLoadStrategy: normal, platform: XP, platformName: XP, rotatable: false, setWindowRect: true, takesHeapSnapshot: true, takesScreenshot: true, unexpectedAlertBehaviour: , unhandledPromptBehavior: , version: 66.0.3359.181, webStorageEnabled: true}
Session ID: 1007e13c3c4e949744f86acf66433f2e)

2018-05-31 12:43:58 - [MESSAGE][WARNING] - Unable to click on object 'Object Repository/Fucking popup/POpup' (Root cause: org.openqa.selenium.ElementNotVisibleException: element not visible
  (Session info: chrome=66.0.3359.181)
  (Driver info: chromedriver=2.35.528161 (5b82f2d2aae0ca24b877009200ced9065a772e73),platform=Windows NT 10.0.17134 x86_64) (WARNING: The server did not provide any stacktrace information)
Command duration or timeout: 0 milliseconds
Build info: version: '3.7.1', revision: '8a0099a', time: '2017-11-06T21:07:36.161Z'
System info: host: 'DESKTOP-JVS3DPV', ip: '192.168.88.93', os.name: 'Windows 10', os.arch: 'amd64', os.version: '10.0', java.version: '1.8.0_102'
Driver info: com.kms.katalon.selenium.driver.CChromeDriver
Capabilities {acceptInsecureCerts: false, acceptSslCerts: false, applicationCacheEnabled: false, browserConnectionEnabled: false, browserName: chrome, chrome: {chromedriverVersion: 2.35.528161 (5b82f2d2aae0ca..., userDataDir: C:\WINDOWS\TEMP\scoped_dir6...}, cssSelectorsEnabled: true, databaseEnabled: false, handlesAlerts: true, hasTouchScreen: false, javascriptEnabled: true, locationContextEnabled: true, mobileEmulationEnabled: false, nativeEvents: true, networkConnectionEnabled: false, pageLoadStrategy: normal, platform: XP, platformName: XP, rotatable: false, setWindowRect: true, takesHeapSnapshot: true, takesScreenshot: true, unexpectedAlertBehaviour: , unhandledPromptBehavior: , version: 66.0.3359.181, webStorageEnabled: true}
Session ID: 1007e13c3c4e949744f86acf66433f2e)
[[ATTACHMENT|C:\\Users\\work1\\Katalon Studio\\Tst\\Reports\\New Test Suite\\20180531_124252\\1527759838047.png]]

2018-05-31 12:43:58 - [TEST_STEP][PASSED] - click: Object: 'Object Repository/Page_Summer in Europe  Interrail.eu/a_SEE ITALY PASS PRICES' is clicked on

2018-05-31 12:43:58 - [MESSAGE][PASSED] - Object: 'Object Repository/Page_Summer in Europe  Interrail.eu/a_SEE ITALY PASS PRICES' is clicked on

2018-05-31 12:43:58 - [TEST_STEP][PASSED] - switchToWindowTitle: Switched to window with title: 'Interrail Italy Pass | Italy by Train | Interrail.eu'

2018-05-31 12:44:00 - [MESSAGE][PASSED] - Switched to window with title: 'Interrail Italy Pass | Italy by Train | Interrail.eu'

2018-05-31 12:44:00 - [TEST_STEP][PASSED] - click: Object: 'Object Repository/Page_Interrail Italy Pass  Italy by/label_1st ClassWider seats les' is clicked on

2018-05-31 12:44:00 - [MESSAGE][PASSED] - Object: 'Object Repository/Page_Interrail Italy Pass  Italy by/label_1st ClassWider seats les' is clicked on

2018-05-31 12:44:00 - [TEST_STEP][PASSED] - click: Object: 'Object Repository/Page_Interrail Italy Pass  Italy by/a_Add to cart' is clicked on

2018-05-31 12:44:00 - [MESSAGE][PASSED] - Object: 'Object Repository/Page_Interrail Italy Pass  Italy by/a_Add to cart' is clicked on

2018-05-31 12:44:00 - [TEST_STEP][PASSED] - waitForElementVisible: Object 'Object Repository/Page_Interrail Italy Pass  Italy by/a_Continue shopping' is visible

2018-05-31 12:44:00 - [MESSAGE][WARNING] - Timeout '0' is invalid. Using default page load timeout: '15'

2018-05-31 12:44:02 - [MESSAGE][PASSED] - Object 'Object Repository/Page_Interrail Italy Pass  Italy by/a_Continue shopping' is visible

2018-05-31 12:44:02 - [TEST_STEP][PASSED] - click: Object: 'Object Repository/Page_Interrail Italy Pass  Italy by/a_Continue shopping' is clicked on

2018-05-31 12:44:02 - [MESSAGE][PASSED] - Object: 'Object Repository/Page_Interrail Italy Pass  Italy by/a_Continue shopping' is clicked on

2018-05-31 12:44:02 - [TEST_STEP][PASSED] - verifyElementText: Actual text and expected text of test object 'Object Repository/Counter/Passes counter' are matched.

2018-05-31 12:44:02 - [MESSAGE][PASSED] - Actual text and expected text of test object 'Object Repository/Counter/Passes counter' are matched.

2018-05-31 12:44:02 - [TEST_STEP][PASSED] - closeBrowser: Browser is closed

2018-05-31 12:44:03 - [MESSAGE][PASSED] - Browser is closed]]></system-out>
         <system-err><![CDATA[]]></system-err>
      </testcase>
      <system-out><![CDATA[2018-05-31 12:42:54 - [TEST_SUITE][PASSED] - New Test Suite: Test Cases/Basket (Live, IR)]]></system-out>
      <system-err><![CDATA[]]></system-err>
   </testsuite>
</testsuites>
