<?xml version="1.0" encoding="UTF-8"?>
<testsuites name="New Test Suite" time="341" tests="0" failures="1" errors="0">
   <testsuite name="New Test Suite" tests="0" failures="1" errors="0" time="341" timestamp="2018-05-31 11:12:21" hostname="DESKTOP-JVS3DPV$ - 192.168.88.93" id="Test Suites/New Test Suite">
      <properties>
         <property name="deviceName" value=""/>
         <property name="devicePlatform" value=""/>
         <property name="logFolder" value="C:\\Users\\work1\\Katalon Studio\\Tst\\Reports\\New Test Suite\\20180531_111219"/>
         <property name="logFiles" value="C:\\Users\\work1\\Katalon Studio\\Tst\\Reports\\New Test Suite\\20180531_111219\\execution0.log"/>
         <property name="attachments" value="C:\\Users\\work1\\Katalon Studio\\Tst\\Reports\\New Test Suite\\20180531_111219\\1527754681663.png"/>
         <property name="hostName" value="DESKTOP-JVS3DPV$ - 192.168.88.93"/>
         <property name="os" value="Windows 10 64bit"/>
         <property name="katalonVersion" value="5.4.2.1"/>
         <property name="browser" value="Chrome 66.0.3359.181"/>
         <property name="hostAddress" value="192.168.88.93"/>
         <property name="sessionId" value="853b63539972d0f29b58a302cc871bf3"/>
         <property name="seleniumVersion" value="3.7.1"/>
         <property name="proxyInformation" value="ProxyInformation{proxyOption=NO_PROXY, proxyServerType=HTTP, password=, proxyServerAddress=, proxyServerPort=0}"/>
         <property name="platform" value="Windows 10"/>
      </properties>
      <testcase name="Test Cases/Checkout (Live, IR)" classname="Test Cases/Checkout (Live, IR)" status="FAILED">
         <failure type="FAILED" message="Unable to click on object 'Object Repository/IR/Page_Checkout/a_Continue to shipping details' (Root cause: org.openqa.selenium.TimeoutException: timeout
  (Session info: chrome=66.0.3359.181)
  (Driver info: chromedriver=2.35.528161 (5b82f2d2aae0ca24b877009200ced9065a772e73),platform=Windows NT 10.0.17134 x86_64) (WARNING: The server did not provide any stacktrace information)
Command duration or timeout: 0 milliseconds
Build info: version: '3.7.1', revision: '8a0099a', time: '2017-11-06T21:07:36.161Z'
System info: host: 'DESKTOP-JVS3DPV', ip: '192.168.88.93', os.name: 'Windows 10', os.arch: 'amd64', os.version: '10.0', java.version: '1.8.0_102'
Driver info: com.kms.katalon.selenium.driver.CChromeDriver
Capabilities {acceptInsecureCerts: false, acceptSslCerts: false, applicationCacheEnabled: false, browserConnectionEnabled: false, browserName: chrome, chrome: {chromedriverVersion: 2.35.528161 (5b82f2d2aae0ca..., userDataDir: C:\WINDOWS\TEMP\scoped_dir6...}, cssSelectorsEnabled: true, databaseEnabled: false, handlesAlerts: true, hasTouchScreen: false, javascriptEnabled: true, locationContextEnabled: true, mobileEmulationEnabled: false, nativeEvents: true, networkConnectionEnabled: false, pageLoadStrategy: normal, platform: XP, platformName: XP, rotatable: false, setWindowRect: true, takesHeapSnapshot: true, takesScreenshot: true, unexpectedAlertBehaviour: , unhandledPromptBehavior: , version: 66.0.3359.181, webStorageEnabled: true}
Session ID: 853b63539972d0f29b58a302cc871bf3)"/>
         <system-out><![CDATA[2018-05-31 11:12:21 - [TEST_CASE][FAILED] - Test Cases/Checkout (Live, IR): Test Cases/Checkout (Live, IR) FAILED because (of) Unable to click on object 'Object Repository/IR/Page_Checkout/a_Continue to shipping details' (Root cause: org.openqa.selenium.TimeoutException: timeout
  (Session info: chrome=66.0.3359.181)
  (Driver info: chromedriver=2.35.528161 (5b82f2d2aae0ca24b877009200ced9065a772e73),platform=Windows NT 10.0.17134 x86_64) (WARNING: The server did not provide any stacktrace information)
Command duration or timeout: 0 milliseconds
Build info: version: '3.7.1', revision: '8a0099a', time: '2017-11-06T21:07:36.161Z'
System info: host: 'DESKTOP-JVS3DPV', ip: '192.168.88.93', os.name: 'Windows 10', os.arch: 'amd64', os.version: '10.0', java.version: '1.8.0_102'
Driver info: com.kms.katalon.selenium.driver.CChromeDriver
Capabilities {acceptInsecureCerts: false, acceptSslCerts: false, applicationCacheEnabled: false, browserConnectionEnabled: false, browserName: chrome, chrome: {chromedriverVersion: 2.35.528161 (5b82f2d2aae0ca..., userDataDir: C:\WINDOWS\TEMP\scoped_dir6...}, cssSelectorsEnabled: true, databaseEnabled: false, handlesAlerts: true, hasTouchScreen: false, javascriptEnabled: true, locationContextEnabled: true, mobileEmulationEnabled: false, nativeEvents: true, networkConnectionEnabled: false, pageLoadStrategy: normal, platform: XP, platformName: XP, rotatable: false, setWindowRect: true, takesHeapSnapshot: true, takesScreenshot: true, unexpectedAlertBehaviour: , unhandledPromptBehavior: , version: 66.0.3359.181, webStorageEnabled: true}
Session ID: 853b63539972d0f29b58a302cc871bf3)

2018-05-31 11:12:22 - [TEST_STEP][PASSED] - openBrowser: Browser is opened with url: ''

2018-05-31 11:12:24 - [MESSAGE][PASSED] - Browser is opened with url: ''

2018-05-31 11:12:24 - [TEST_STEP][PASSED] - deleteAllCookies: Delete all cookies successfully

2018-05-31 11:12:24 - [MESSAGE][PASSED] - Delete all cookies successfully

2018-05-31 11:12:24 - [TEST_STEP][PASSED] - navigateToUrl: Navigate to 'https://www.interrail.eu/' successfully

2018-05-31 11:12:26 - [MESSAGE][PASSED] - Navigate to 'https://www.interrail.eu/' successfully

2018-05-31 11:12:26 - [TEST_STEP][PASSED] - maximizeWindow: Current window maximized

2018-05-31 11:12:27 - [MESSAGE][PASSED] - Current window maximized

2018-05-31 11:12:27 - [TEST_STEP][PASSED] - click: Object: 'Object Repository/IR/1st tst/i agree' is clicked on

2018-05-31 11:12:27 - [MESSAGE][PASSED] - Object: 'Object Repository/IR/1st tst/i agree' is clicked on

2018-05-31 11:12:27 - [TEST_STEP][PASSED] - click: Object: 'Object Repository/IR/1st tst/Cont' is clicked on

2018-05-31 11:12:30 - [MESSAGE][PASSED] - Object: 'Object Repository/IR/1st tst/Cont' is clicked on

2018-05-31 11:12:30 - [TEST_STEP][PASSED] - focus: Object: 'Object Repository/IR/1st tst/passes btn in menu' is focused

2018-05-31 11:12:30 - [MESSAGE][PASSED] - Object: 'Object Repository/IR/1st tst/passes btn in menu' is focused

2018-05-31 11:12:30 - [TEST_STEP][PASSED] - waitForElementVisible: Object 'Object Repository/IR/1st tst/Glbl pass btn in submenu' is visible

2018-05-31 11:12:30 - [MESSAGE][WARNING] - Timeout '0' is invalid. Using default page load timeout: '15'

2018-05-31 11:12:31 - [MESSAGE][PASSED] - Object 'Object Repository/IR/1st tst/Glbl pass btn in submenu' is visible

2018-05-31 11:12:31 - [TEST_STEP][PASSED] - click: Object: 'Object Repository/IR/1st tst/Glbl pass btn in submenu' is clicked on

2018-05-31 11:12:33 - [MESSAGE][PASSED] - Object: 'Object Repository/IR/1st tst/Glbl pass btn in submenu' is clicked on

2018-05-31 11:12:33 - [TEST_STEP][PASSED] - click: Object: 'Object Repository/IR/1st tst/add to cart' is clicked on

2018-05-31 11:12:33 - [MESSAGE][PASSED] - Object: 'Object Repository/IR/1st tst/add to cart' is clicked on

2018-05-31 11:12:33 - [TEST_STEP][PASSED] - waitForElementVisible: Object 'Object Repository/IR/1st tst/go to checkout' is visible

2018-05-31 11:12:33 - [MESSAGE][WARNING] - Timeout '0' is invalid. Using default page load timeout: '15'

2018-05-31 11:12:35 - [MESSAGE][PASSED] - Object 'Object Repository/IR/1st tst/go to checkout' is visible

2018-05-31 11:12:35 - [TEST_STEP][PASSED] - focus: Object: 'Object Repository/IR/1st tst/go to checkout' is focused

2018-05-31 11:12:35 - [MESSAGE][PASSED] - Object: 'Object Repository/IR/1st tst/go to checkout' is focused

2018-05-31 11:12:35 - [TEST_STEP][PASSED] - click: Object: 'Object Repository/IR/1st tst/go to checkout' is clicked on

2018-05-31 11:12:38 - [MESSAGE][PASSED] - Object: 'Object Repository/IR/1st tst/go to checkout' is clicked on

2018-05-31 11:12:38 - [TEST_STEP][PASSED] - waitForPageLoad: Wait for page load successfully

2018-05-31 11:12:38 - [MESSAGE][WARNING] - Timeout '0' is invalid. Using default page load timeout: '15'

2018-05-31 11:12:38 - [MESSAGE][PASSED] - Wait for page load successfully

2018-05-31 11:12:38 - [TEST_STEP][PASSED] - click: Object: 'Object Repository/IR/1st tst/pass prot' is clicked on

2018-05-31 11:12:38 - [MESSAGE][PASSED] - Object: 'Object Repository/IR/1st tst/pass prot' is clicked on

2018-05-31 11:12:38 - [TEST_STEP][PASSED] - scrollToElement: Scroll to object 'Object Repository/IR/1st tst/sipping count drop down' successfully

2018-05-31 11:12:38 - [MESSAGE][WARNING] - Timeout '0' is invalid. Using default page load timeout: '15'

2018-05-31 11:12:39 - [MESSAGE][PASSED] - Scroll to object 'Object Repository/IR/1st tst/sipping count drop down' successfully

2018-05-31 11:12:39 - [TEST_STEP][PASSED] - delay: Delayed 1 second(s)

2018-05-31 11:12:40 - [MESSAGE][PASSED] - Delayed 1 second(s)

2018-05-31 11:12:40 - [TEST_STEP][PASSED] - click: Object: 'Object Repository/IR/1st tst/Croatha' is clicked on

2018-05-31 11:12:40 - [MESSAGE][PASSED] - Object: 'Object Repository/IR/1st tst/Croatha' is clicked on

2018-05-31 11:12:40 - [TEST_STEP][PASSED] - delay: Delayed 3 second(s)

2018-05-31 11:12:43 - [MESSAGE][PASSED] - Delayed 3 second(s)

2018-05-31 11:12:43 - [TEST_STEP][PASSED] - click: Object: 'Object Repository/IR/1st tst/Proceed' is clicked on

2018-05-31 11:12:46 - [MESSAGE][PASSED] - Object: 'Object Repository/IR/1st tst/Proceed' is clicked on

2018-05-31 11:12:46 - [TEST_STEP][PASSED] - refresh: Refresh successfully

2018-05-31 11:12:48 - [MESSAGE][PASSED] - Refresh successfully

2018-05-31 11:12:48 - [TEST_STEP][PASSED] - delay: Delayed 2 second(s)

2018-05-31 11:12:50 - [MESSAGE][PASSED] - Delayed 2 second(s)

2018-05-31 11:12:50 - [TEST_STEP][PASSED] - refresh: Refresh successfully

2018-05-31 11:12:51 - [MESSAGE][PASSED] - Refresh successfully

2018-05-31 11:12:51 - [TEST_STEP][PASSED] - waitForElementVisible: Object 'Object Repository/IR/1st tst/Guest proceed' is visible

2018-05-31 11:12:51 - [MESSAGE][WARNING] - Timeout '0' is invalid. Using default page load timeout: '15'

2018-05-31 11:12:53 - [MESSAGE][PASSED] - Object 'Object Repository/IR/1st tst/Guest proceed' is visible

2018-05-31 11:12:53 - [TEST_STEP][PASSED] - click: Object: 'Object Repository/IR/1st tst/Guest proceed' is clicked on

2018-05-31 11:12:55 - [MESSAGE][PASSED] - Object: 'Object Repository/IR/1st tst/Guest proceed' is clicked on

2018-05-31 11:12:55 - [TEST_STEP][PASSED] - waitForPageLoad: Wait for page load successfully

2018-05-31 11:12:55 - [MESSAGE][WARNING] - Timeout '0' is invalid. Using default page load timeout: '15'

2018-05-31 11:12:55 - [MESSAGE][PASSED] - Wait for page load successfully

2018-05-31 11:12:55 - [TEST_STEP][PASSED] - delay: Delayed 1 second(s)

2018-05-31 11:12:56 - [MESSAGE][PASSED] - Delayed 1 second(s)

2018-05-31 11:12:56 - [TEST_STEP][PASSED] - click: Object: 'Object Repository/IR/1st tst/date_add' is clicked on

2018-05-31 11:12:56 - [MESSAGE][PASSED] - Object: 'Object Repository/IR/1st tst/date_add' is clicked on

2018-05-31 11:12:56 - [TEST_STEP][PASSED] - click: Object: 'Object Repository/IR/1st tst/date' is clicked on

2018-05-31 11:12:56 - [MESSAGE][PASSED] - Object: 'Object Repository/IR/1st tst/date' is clicked on

2018-05-31 11:12:56 - [TEST_STEP][PASSED] - setText: Text 'qqq' is set on object 'Object Repository/IR/Page_Checkout/input_customer_profile_travele'

2018-05-31 11:12:56 - [MESSAGE][PASSED] - Text 'qqq' is set on object 'Object Repository/IR/Page_Checkout/input_customer_profile_travele'

2018-05-31 11:12:56 - [TEST_STEP][PASSED] - setText: Text 'www' is set on object 'Object Repository/IR/Page_Checkout/input_customer_profile_travele_1'

2018-05-31 11:12:56 - [MESSAGE][PASSED] - Text 'www' is set on object 'Object Repository/IR/Page_Checkout/input_customer_profile_travele_1'

2018-05-31 11:12:56 - [TEST_STEP][PASSED] - click: Object: 'Object Repository/IR/1st tst/mr' is clicked on

2018-05-31 11:12:56 - [MESSAGE][PASSED] - Object: 'Object Repository/IR/1st tst/mr' is clicked on

2018-05-31 11:12:56 - [TEST_STEP][PASSED] - selectOptionByValue: All options with value '6' are selected in object 'Object Repository/IR/Page_Checkout/select_Day12345678910111213141'  using regular expression

2018-05-31 11:12:57 - [MESSAGE][PASSED] - All options with value '6' are selected in object 'Object Repository/IR/Page_Checkout/select_Day12345678910111213141'  using regular expression

2018-05-31 11:12:57 - [TEST_STEP][PASSED] - selectOptionByValue: All options with value '5' are selected in object 'Object Repository/IR/Page_Checkout/select_MonthJanFebMarAprMayJun'  using regular expression

2018-05-31 11:12:57 - [MESSAGE][PASSED] - All options with value '5' are selected in object 'Object Repository/IR/Page_Checkout/select_MonthJanFebMarAprMayJun'  using regular expression

2018-05-31 11:12:57 - [TEST_STEP][PASSED] - selectOptionByValue: All options with value '2010' are selected in object 'Object Repository/IR/Page_Checkout/select_Year2018201720162015201'  using regular expression

2018-05-31 11:12:59 - [MESSAGE][PASSED] - All options with value '2010' are selected in object 'Object Repository/IR/Page_Checkout/select_Year2018201720162015201'  using regular expression

2018-05-31 11:12:59 - [TEST_STEP][PASSED] - setText: Text 'MF334422' is set on object 'Object Repository/IR/Page_Checkout/input_customer_profile_travele_2'

2018-05-31 11:12:59 - [MESSAGE][PASSED] - Text 'MF334422' is set on object 'Object Repository/IR/Page_Checkout/input_customer_profile_travele_2'

2018-05-31 11:12:59 - [TEST_STEP][PASSED] - click: Object: 'Object Repository/IR/Page_Checkout/input_customer_profile_travele' is clicked on

2018-05-31 11:12:59 - [MESSAGE][PASSED] - Object: 'Object Repository/IR/Page_Checkout/input_customer_profile_travele' is clicked on

2018-05-31 11:12:59 - [TEST_STEP][FAILED] - click: Unable to click on object 'Object Repository/IR/Page_Checkout/a_Continue to shipping details' (Root cause: org.openqa.selenium.TimeoutException: timeout
  (Session info: chrome=66.0.3359.181)
  (Driver info: chromedriver=2.35.528161 (5b82f2d2aae0ca24b877009200ced9065a772e73),platform=Windows NT 10.0.17134 x86_64) (WARNING: The server did not provide any stacktrace information)
Command duration or timeout: 0 milliseconds
Build info: version: '3.7.1', revision: '8a0099a', time: '2017-11-06T21:07:36.161Z'
System info: host: 'DESKTOP-JVS3DPV', ip: '192.168.88.93', os.name: 'Windows 10', os.arch: 'amd64', os.version: '10.0', java.version: '1.8.0_102'
Driver info: com.kms.katalon.selenium.driver.CChromeDriver
Capabilities {acceptInsecureCerts: false, acceptSslCerts: false, applicationCacheEnabled: false, browserConnectionEnabled: false, browserName: chrome, chrome: {chromedriverVersion: 2.35.528161 (5b82f2d2aae0ca..., userDataDir: C:\WINDOWS\TEMP\scoped_dir6...}, cssSelectorsEnabled: true, databaseEnabled: false, handlesAlerts: true, hasTouchScreen: false, javascriptEnabled: true, locationContextEnabled: true, mobileEmulationEnabled: false, nativeEvents: true, networkConnectionEnabled: false, pageLoadStrategy: normal, platform: XP, platformName: XP, rotatable: false, setWindowRect: true, takesHeapSnapshot: true, takesScreenshot: true, unexpectedAlertBehaviour: , unhandledPromptBehavior: , version: 66.0.3359.181, webStorageEnabled: true}
Session ID: 853b63539972d0f29b58a302cc871bf3)

2018-05-31 11:18:02 - [MESSAGE][FAILED] - Unable to click on object 'Object Repository/IR/Page_Checkout/a_Continue to shipping details' (Root cause: org.openqa.selenium.TimeoutException: timeout
  (Session info: chrome=66.0.3359.181)
  (Driver info: chromedriver=2.35.528161 (5b82f2d2aae0ca24b877009200ced9065a772e73),platform=Windows NT 10.0.17134 x86_64) (WARNING: The server did not provide any stacktrace information)
Command duration or timeout: 0 milliseconds
Build info: version: '3.7.1', revision: '8a0099a', time: '2017-11-06T21:07:36.161Z'
System info: host: 'DESKTOP-JVS3DPV', ip: '192.168.88.93', os.name: 'Windows 10', os.arch: 'amd64', os.version: '10.0', java.version: '1.8.0_102'
Driver info: com.kms.katalon.selenium.driver.CChromeDriver
Capabilities {acceptInsecureCerts: false, acceptSslCerts: false, applicationCacheEnabled: false, browserConnectionEnabled: false, browserName: chrome, chrome: {chromedriverVersion: 2.35.528161 (5b82f2d2aae0ca..., userDataDir: C:\WINDOWS\TEMP\scoped_dir6...}, cssSelectorsEnabled: true, databaseEnabled: false, handlesAlerts: true, hasTouchScreen: false, javascriptEnabled: true, locationContextEnabled: true, mobileEmulationEnabled: false, nativeEvents: true, networkConnectionEnabled: false, pageLoadStrategy: normal, platform: XP, platformName: XP, rotatable: false, setWindowRect: true, takesHeapSnapshot: true, takesScreenshot: true, unexpectedAlertBehaviour: , unhandledPromptBehavior: , version: 66.0.3359.181, webStorageEnabled: true}
Session ID: 853b63539972d0f29b58a302cc871bf3)
[[ATTACHMENT|C:\\Users\\work1\\Katalon Studio\\Tst\\Reports\\New Test Suite\\20180531_111219\\1527754681663.png]]]]></system-out>
         <system-err><![CDATA[2018-05-31 11:12:21 - [TEST_CASE][FAILED] - Test Cases/Checkout (Live, IR): Test Cases/Checkout (Live, IR) FAILED because (of) Unable to click on object 'Object Repository/IR/Page_Checkout/a_Continue to shipping details' (Root cause: org.openqa.selenium.TimeoutException: timeout
  (Session info: chrome=66.0.3359.181)
  (Driver info: chromedriver=2.35.528161 (5b82f2d2aae0ca24b877009200ced9065a772e73),platform=Windows NT 10.0.17134 x86_64) (WARNING: The server did not provide any stacktrace information)
Command duration or timeout: 0 milliseconds
Build info: version: '3.7.1', revision: '8a0099a', time: '2017-11-06T21:07:36.161Z'
System info: host: 'DESKTOP-JVS3DPV', ip: '192.168.88.93', os.name: 'Windows 10', os.arch: 'amd64', os.version: '10.0', java.version: '1.8.0_102'
Driver info: com.kms.katalon.selenium.driver.CChromeDriver
Capabilities {acceptInsecureCerts: false, acceptSslCerts: false, applicationCacheEnabled: false, browserConnectionEnabled: false, browserName: chrome, chrome: {chromedriverVersion: 2.35.528161 (5b82f2d2aae0ca..., userDataDir: C:\WINDOWS\TEMP\scoped_dir6...}, cssSelectorsEnabled: true, databaseEnabled: false, handlesAlerts: true, hasTouchScreen: false, javascriptEnabled: true, locationContextEnabled: true, mobileEmulationEnabled: false, nativeEvents: true, networkConnectionEnabled: false, pageLoadStrategy: normal, platform: XP, platformName: XP, rotatable: false, setWindowRect: true, takesHeapSnapshot: true, takesScreenshot: true, unexpectedAlertBehaviour: , unhandledPromptBehavior: , version: 66.0.3359.181, webStorageEnabled: true}
Session ID: 853b63539972d0f29b58a302cc871bf3)]]></system-err>
      </testcase>
      <system-out><![CDATA[2018-05-31 11:12:21 - [TEST_SUITE][FAILED] - New Test Suite: Test Cases/Checkout (Live, IR) FAILED because (of) Unable to click on object 'Object Repository/IR/Page_Checkout/a_Continue to shipping details' (Root cause: org.openqa.selenium.TimeoutException: timeout
  (Session info: chrome=66.0.3359.181)
  (Driver info: chromedriver=2.35.528161 (5b82f2d2aae0ca24b877009200ced9065a772e73),platform=Windows NT 10.0.17134 x86_64) (WARNING: The server did not provide any stacktrace information)
Command duration or timeout: 0 milliseconds
Build info: version: '3.7.1', revision: '8a0099a', time: '2017-11-06T21:07:36.161Z'
System info: host: 'DESKTOP-JVS3DPV', ip: '192.168.88.93', os.name: 'Windows 10', os.arch: 'amd64', os.version: '10.0', java.version: '1.8.0_102'
Driver info: com.kms.katalon.selenium.driver.CChromeDriver
Capabilities {acceptInsecureCerts: false, acceptSslCerts: false, applicationCacheEnabled: false, browserConnectionEnabled: false, browserName: chrome, chrome: {chromedriverVersion: 2.35.528161 (5b82f2d2aae0ca..., userDataDir: C:\WINDOWS\TEMP\scoped_dir6...}, cssSelectorsEnabled: true, databaseEnabled: false, handlesAlerts: true, hasTouchScreen: false, javascriptEnabled: true, locationContextEnabled: true, mobileEmulationEnabled: false, nativeEvents: true, networkConnectionEnabled: false, pageLoadStrategy: normal, platform: XP, platformName: XP, rotatable: false, setWindowRect: true, takesHeapSnapshot: true, takesScreenshot: true, unexpectedAlertBehaviour: , unhandledPromptBehavior: , version: 66.0.3359.181, webStorageEnabled: true}
Session ID: 853b63539972d0f29b58a302cc871bf3)]]></system-out>
      <system-err><![CDATA[2018-05-31 11:12:21 - [TEST_SUITE][FAILED] - New Test Suite: Test Cases/Checkout (Live, IR) FAILED because (of) Unable to click on object 'Object Repository/IR/Page_Checkout/a_Continue to shipping details' (Root cause: org.openqa.selenium.TimeoutException: timeout
  (Session info: chrome=66.0.3359.181)
  (Driver info: chromedriver=2.35.528161 (5b82f2d2aae0ca24b877009200ced9065a772e73),platform=Windows NT 10.0.17134 x86_64) (WARNING: The server did not provide any stacktrace information)
Command duration or timeout: 0 milliseconds
Build info: version: '3.7.1', revision: '8a0099a', time: '2017-11-06T21:07:36.161Z'
System info: host: 'DESKTOP-JVS3DPV', ip: '192.168.88.93', os.name: 'Windows 10', os.arch: 'amd64', os.version: '10.0', java.version: '1.8.0_102'
Driver info: com.kms.katalon.selenium.driver.CChromeDriver
Capabilities {acceptInsecureCerts: false, acceptSslCerts: false, applicationCacheEnabled: false, browserConnectionEnabled: false, browserName: chrome, chrome: {chromedriverVersion: 2.35.528161 (5b82f2d2aae0ca..., userDataDir: C:\WINDOWS\TEMP\scoped_dir6...}, cssSelectorsEnabled: true, databaseEnabled: false, handlesAlerts: true, hasTouchScreen: false, javascriptEnabled: true, locationContextEnabled: true, mobileEmulationEnabled: false, nativeEvents: true, networkConnectionEnabled: false, pageLoadStrategy: normal, platform: XP, platformName: XP, rotatable: false, setWindowRect: true, takesHeapSnapshot: true, takesScreenshot: true, unexpectedAlertBehaviour: , unhandledPromptBehavior: , version: 66.0.3359.181, webStorageEnabled: true}
Session ID: 853b63539972d0f29b58a302cc871bf3)]]></system-err>
   </testsuite>
</testsuites>
